        -:    0:Source:/home/travis/build/GITSUNWW/node-fontnik/mason_packages/.link/include/boost/core/ignore_unused.hpp
        -:    0:Graph:/home/travis/build/GITSUNWW/node-fontnik/build/Debug/obj.target/fontnik/src/glyphs.gcno
        -:    0:Data:/home/travis/build/GITSUNWW/node-fontnik/build/Debug/obj.target/fontnik/src/glyphs.gcda
        -:    0:Runs:1
        -:    0:Programs:1
        -:    1:// Copyright (c) 2014 Adam Wulkiewicz, Lodz, Poland.
        -:    2://
        -:    3:// Use, modification and distribution is subject to the Boost Software License,
        -:    4:// Version 1.0. (See accompanying file LICENSE_1_0.txt or copy at
        -:    5:// http://www.boost.org/LICENSE_1_0.txt)
        -:    6:
        -:    7:#ifndef BOOST_CORE_IGNORE_UNUSED_HPP
        -:    8:#define BOOST_CORE_IGNORE_UNUSED_HPP
        -:    9:
        -:   10:#include <boost/config.hpp>
        -:   11:
        -:   12:namespace boost {
        -:   13:
        -:   14:#ifndef BOOST_NO_CXX11_VARIADIC_TEMPLATES
        -:   15:
        -:   16:template <typename... Ts>
function _ZN5boost13ignore_unusedIJPNS_8geometry6detail32signature_getset_index_dimensionEEEEvDpRKT_ called 235752689 returned 99% blocks executed 100%
function _ZN5boost13ignore_unusedIJPNS_8geometry6detail26signature_getset_dimensionEEEEvDpRKT_ called 235617154 returned 100% blocks executed 100%
function _ZN5boost13ignore_unusedIJNS_8geometry5index6detail5rtree12variant_leafISt4pairINS1_5model3boxINS7_5pointIfLm2ENS1_2cs9cartesianEEEEES6_ISC_SC_EENS2_5rstarILm16ELm4ELm4ELm32EEESD_NS4_10allocatorsINS_9container13new_allocatorISF_EESF_SH_SD_NS4_23node_variant_static_tagEEESM_EEEEEvDpRKT_ called 32701 returned 100% blocks executed 100%
function _ZN5boost13ignore_unusedIJNS_8geometry8strategy8distance10comparable10pythagorasIvEEEEEvDpRKT_ called 91749 returned 100% blocks executed 100%
function _ZN5boost13ignore_unusedIJNS_8geometry5index6detail5rtree21variant_internal_nodeISt4pairINS1_5model3boxINS7_5pointIfLm2ENS1_2cs9cartesianEEEEES6_ISC_SC_EENS2_5rstarILm16ELm4ELm4ELm32EEESD_NS4_10allocatorsINS_9container13new_allocatorISF_EESF_SH_SD_NS4_23node_variant_static_tagEEESM_EEEEEvDpRKT_ called 41932 returned 100% blocks executed 100%
471536225:   17:BOOST_FORCEINLINE BOOST_CXX14_CONSTEXPR void ignore_unused(Ts const& ...)
471536225:   18:{}
        -:   19:
        -:   20:template <typename... Ts>
        -:   21:BOOST_FORCEINLINE BOOST_CXX14_CONSTEXPR void ignore_unused()
        -:   22:{}
        -:   23:
        -:   24:#else
        -:   25:
        -:   26:template <typename T1>
        -:   27:BOOST_FORCEINLINE BOOST_CXX14_CONSTEXPR void ignore_unused(T1 const&)
        -:   28:{}
        -:   29:
        -:   30:template <typename T1, typename T2>
        -:   31:BOOST_FORCEINLINE BOOST_CXX14_CONSTEXPR void ignore_unused(T1 const&, T2 const&)
        -:   32:{}
        -:   33:
        -:   34:template <typename T1, typename T2, typename T3>
        -:   35:BOOST_FORCEINLINE BOOST_CXX14_CONSTEXPR void ignore_unused(T1 const&, T2 const&, T3 const&)
        -:   36:{}
        -:   37:
        -:   38:template <typename T1, typename T2, typename T3, typename T4>
        -:   39:BOOST_FORCEINLINE BOOST_CXX14_CONSTEXPR void ignore_unused(T1 const&, T2 const&, T3 const&, T4 const&)
        -:   40:{}
        -:   41:
        -:   42:template <typename T1, typename T2, typename T3, typename T4, typename T5>
        -:   43:BOOST_FORCEINLINE BOOST_CXX14_CONSTEXPR void ignore_unused(T1 const&, T2 const&, T3 const&, T4 const&, T5 const&)
        -:   44:{}
        -:   45:
        -:   46:template <typename T1>
        -:   47:BOOST_FORCEINLINE BOOST_CXX14_CONSTEXPR void ignore_unused()
        -:   48:{}
        -:   49:
        -:   50:template <typename T1, typename T2>
        -:   51:BOOST_FORCEINLINE BOOST_CXX14_CONSTEXPR void ignore_unused()
        -:   52:{}
        -:   53:
        -:   54:template <typename T1, typename T2, typename T3>
        -:   55:BOOST_FORCEINLINE BOOST_CXX14_CONSTEXPR void ignore_unused()
        -:   56:{}
        -:   57:
        -:   58:template <typename T1, typename T2, typename T3, typename T4>
        -:   59:BOOST_FORCEINLINE BOOST_CXX14_CONSTEXPR void ignore_unused()
        -:   60:{}
        -:   61:
        -:   62:template <typename T1, typename T2, typename T3, typename T4, typename T5>
        -:   63:BOOST_FORCEINLINE BOOST_CXX14_CONSTEXPR void ignore_unused()
        -:   64:{}
        -:   65:
        -:   66:#endif
        -:   67:
        -:   68:} // namespace boost
        -:   69:
        -:   70:#endif // BOOST_CORE_IGNORE_UNUSED_HPP
