        -:    0:Source:/home/travis/build/GITSUNWW/node-fontnik/mason_packages/.link/include/boost/variant/variant.hpp
        -:    0:Graph:/home/travis/build/GITSUNWW/node-fontnik/build/Debug/obj.target/fontnik/src/glyphs.gcno
        -:    0:Data:/home/travis/build/GITSUNWW/node-fontnik/build/Debug/obj.target/fontnik/src/glyphs.gcda
        -:    0:Runs:1
        -:    0:Programs:1
        -:    1://-----------------------------------------------------------------------------
        -:    2:// boost variant/variant.hpp header file
        -:    3:// See http://www.boost.org for updates, documentation, and revision history.
        -:    4://-----------------------------------------------------------------------------
        -:    5://
        -:    6:// Copyright (c) 2002-2003 Eric Friedman, Itay Maman
        -:    7:// Copyright (c) 2012-2016 Antony Polukhin
        -:    8://
        -:    9:// Distributed under the Boost Software License, Version 1.0. (See
        -:   10:// accompanying file LICENSE_1_0.txt or copy at
        -:   11:// http://www.boost.org/LICENSE_1_0.txt)
        -:   12:
        -:   13:// Thanks to Adam Romanek for providing patches for exception-disabled env.
        -:   14:
        -:   15:#ifndef BOOST_VARIANT_VARIANT_HPP
        -:   16:#define BOOST_VARIANT_VARIANT_HPP
        -:   17:
        -:   18:#include <cstddef> // for std::size_t
        -:   19:#include <new> // for placement new
        -:   20:
        -:   21:#include <boost/type_index.hpp>
        -:   22:
        -:   23:#include <boost/variant/detail/config.hpp>
        -:   24:#include <boost/mpl/aux_/value_wknd.hpp>
        -:   25:
        -:   26:#include <boost/variant/variant_fwd.hpp>
        -:   27:#include <boost/variant/detail/backup_holder.hpp>
        -:   28:#include <boost/variant/detail/enable_recursive_fwd.hpp>
        -:   29:#include <boost/variant/detail/forced_return.hpp>
        -:   30:#include <boost/variant/detail/initializer.hpp>
        -:   31:#include <boost/variant/detail/make_variant_list.hpp>
        -:   32:#include <boost/variant/detail/over_sequence.hpp>
        -:   33:#include <boost/variant/detail/visitation_impl.hpp>
        -:   34:#include <boost/variant/detail/hash_variant.hpp>
        -:   35:
        -:   36:#include <boost/variant/detail/generic_result_type.hpp>
        -:   37:#include <boost/variant/detail/move.hpp>
        -:   38:
        -:   39:#include <boost/detail/no_exceptions_support.hpp>
        -:   40:#include <boost/detail/reference_content.hpp>
        -:   41:#include <boost/aligned_storage.hpp>
        -:   42:#include <boost/blank.hpp>
        -:   43:#include <boost/integer/common_factor_ct.hpp>
        -:   44:#include <boost/static_assert.hpp>
        -:   45:#include <boost/preprocessor/cat.hpp>
        -:   46:#include <boost/preprocessor/repeat.hpp>
        -:   47:#include <boost/type_traits/alignment_of.hpp>
        -:   48:#include <boost/type_traits/add_const.hpp>
        -:   49:#include <boost/type_traits/has_nothrow_constructor.hpp>
        -:   50:#include <boost/type_traits/has_nothrow_copy.hpp>
        -:   51:#include <boost/type_traits/is_nothrow_move_assignable.hpp>
        -:   52:#include <boost/type_traits/is_nothrow_move_constructible.hpp>
        -:   53:#include <boost/type_traits/is_const.hpp>
        -:   54:#include <boost/type_traits/is_same.hpp>
        -:   55:#include <boost/type_traits/is_rvalue_reference.hpp>
        -:   56:#include <boost/type_traits/is_constructible.hpp>
        -:   57:#include <boost/type_traits/add_lvalue_reference.hpp>
        -:   58:#include <boost/utility/enable_if.hpp>
        -:   59:#include <boost/utility/declval.hpp>
        -:   60:#include <boost/variant/recursive_wrapper_fwd.hpp>
        -:   61:#include <boost/variant/static_visitor.hpp>
        -:   62:
        -:   63:#include <boost/mpl/assert.hpp>
        -:   64:#include <boost/mpl/begin_end.hpp>
        -:   65:#include <boost/mpl/bool.hpp>
        -:   66:#include <boost/mpl/deref.hpp>
        -:   67:#include <boost/mpl/empty.hpp>
        -:   68:#include <boost/mpl/eval_if.hpp>
        -:   69:#include <boost/mpl/find_if.hpp>
        -:   70:#include <boost/mpl/fold.hpp>
        -:   71:#include <boost/mpl/front.hpp>
        -:   72:#include <boost/mpl/identity.hpp>
        -:   73:#include <boost/mpl/if.hpp>
        -:   74:#include <boost/mpl/insert_range.hpp>
        -:   75:#include <boost/mpl/int.hpp>
        -:   76:#include <boost/mpl/is_sequence.hpp>
        -:   77:#include <boost/mpl/iterator_range.hpp>
        -:   78:#include <boost/mpl/iter_fold_if.hpp>
        -:   79:#include <boost/mpl/list.hpp>
        -:   80:#include <boost/mpl/logical.hpp>
        -:   81:#include <boost/mpl/max_element.hpp>
        -:   82:#include <boost/mpl/next.hpp>
        -:   83:#include <boost/mpl/not.hpp>
        -:   84:#include <boost/mpl/pair.hpp>
        -:   85:#include <boost/mpl/protect.hpp>
        -:   86:#include <boost/mpl/push_front.hpp>
        -:   87:#include <boost/mpl/same_as.hpp>
        -:   88:#include <boost/mpl/size_t.hpp>
        -:   89:#include <boost/mpl/sizeof.hpp>
        -:   90:#include <boost/mpl/transform.hpp>
        -:   91:
        -:   92:///////////////////////////////////////////////////////////////////////////////
        -:   93:// Implementation Macros:
        -:   94://
        -:   95:// BOOST_VARIANT_VISITATION_UNROLLING_LIMIT
        -:   96://   Defined in boost/variant/detail/visitation_impl.hpp.
        -:   97://
        -:   98:// BOOST_VARIANT_MINIMIZE_SIZE
        -:   99://   When #defined, implementation employs all known means to minimize the
        -:  100://   size of variant obje   cts. However, often unsuccessful due to alignment
        -:  101://   issues, and potentially harmful to runtime speed, so not enabled by
        -:  102://   default. (TODO: Investigate further.)
        -:  103:
        -:  104:#if defined(BOOST_VARIANT_MINIMIZE_SIZE)
        -:  105:#   include <climits> // for SCHAR_MAX
        -:  106:#   include <boost/mpl/eval_if.hpp>
        -:  107:#   include <boost/mpl/equal_to.hpp>
        -:  108:#   include <boost/mpl/identity.hpp>
        -:  109:#   include <boost/mpl/int.hpp>
        -:  110:#   include <boost/mpl/if.hpp>
        -:  111:#   include <boost/mpl/less.hpp>
        -:  112:#   include <boost/mpl/long.hpp>
        -:  113:#   include <boost/mpl/O1_size.hpp>
        -:  114:#endif
        -:  115:
        -:  116:
        -:  117:namespace boost {
        -:  118:
        -:  119:namespace detail { namespace variant {
        -:  120:
        -:  121:///////////////////////////////////////////////////////////////////////////////
        -:  122:// (detail) metafunction max_value
        -:  123://
        -:  124:// Finds the maximum value of the unary metafunction F over Sequence.
        -:  125://
        -:  126:template <typename Sequence, typename F>
        -:  127:struct max_value
        -:  128:{
        -:  129:private: // helpers, for metafunction result (below)
        -:  130:
        -:  131:    typedef typename mpl::transform1<Sequence, F>::type transformed_;
        -:  132:    typedef typename mpl::max_element<transformed_
        -:  133:          
        -:  134:        >::type max_it;
        -:  135:
        -:  136:public: // metafunction result
        -:  137:
        -:  138:    typedef typename mpl::deref<max_it>::type
        -:  139:        type;
        -:  140:
        -:  141:};
        -:  142:
        -:  143:struct add_alignment
        -:  144:{
        -:  145:    template <typename State, typename Item>
        -:  146:    struct apply
        -:  147:        : mpl::size_t<
        -:  148:              ::boost::integer::static_lcm<
        -:  149:                  BOOST_MPL_AUX_VALUE_WKND(State)::value
        -:  150:                , ::boost::alignment_of<Item>::value
        -:  151:                >::value
        -:  152:            >
        -:  153:    {};
        -:  154:};
        -:  155:
        -:  156:///////////////////////////////////////////////////////////////////////////////
        -:  157:// (detail) metafunction find_fallback_type
        -:  158://
        -:  159:// Provides a fallback (i.e., nothrow default-constructible) type from the
        -:  160:// specified sequence, or no_fallback_type if not found.
        -:  161://
        -:  162:// This implementation is designed to prefer boost::blank over other potential
        -:  163:// fallback types, regardless of its position in the specified sequence.
        -:  164://
        -:  165:
        -:  166:class no_fallback_type;
        -:  167:
        -:  168:struct find_fallback_type_pred
        -:  169:{
        -:  170:    template <typename Iterator>
        -:  171:    struct apply
        -:  172:    {
        -:  173:    private:
        -:  174:        typedef typename mpl::deref<Iterator>::type t_;
        -:  175:
        -:  176:    public:
        -:  177:        typedef mpl::not_< has_nothrow_constructor<t_> > type;
        -:  178:    };
        -:  179:};
        -:  180:
        -:  181:template <typename Types>
        -:  182:struct find_fallback_type
        -:  183:{
        -:  184:private: // helpers, for metafunction result (below)
        -:  185:
        -:  186:    typedef typename mpl::end<Types>::type end_it;
        -:  187:
        -:  188:    // [Find the first suitable fallback type...]
        -:  189:
        -:  190:    typedef typename mpl::iter_fold_if<
        -:  191:          Types
        -:  192:        , mpl::int_<0>, mpl::protect< mpl::next<> >
        -:  193:        , mpl::protect< find_fallback_type_pred >
        -:  194:        >::type first_result_;
        -:  195:
        -:  196:    typedef typename first_result_::first first_result_index;
        -:  197:    typedef typename first_result_::second first_result_it;
        -:  198:
        -:  199:    // [...now search the rest of the sequence for boost::blank...]
        -:  200:
        -:  201:    typedef typename mpl::iter_fold_if<
        -:  202:          mpl::iterator_range< first_result_it,end_it >
        -:  203:        , first_result_index, mpl::protect< mpl::next<> >
        -:  204:        , mpl::protect< mpl::not_same_as<boost::blank> >
        -:  205:        >::type second_result_;
        -:  206:
        -:  207:    typedef typename second_result_::second second_result_it;
        -:  208:
        -:  209:public: // metafunction result
        -:  210:
        -:  211:    // [...and return the results of the search:]
        -:  212:    typedef typename mpl::eval_if<
        -:  213:          is_same< second_result_it,end_it >
        -:  214:        , mpl::if_<
        -:  215:              is_same< first_result_it,end_it >
        -:  216:            , mpl::pair< no_fallback_type,no_fallback_type >
        -:  217:            , first_result_
        -:  218:            >
        -:  219:        , mpl::identity< second_result_ >
        -:  220:        >::type type;
        -:  221:
        -:  222:};
        -:  223:
        -:  224:#ifndef BOOST_NO_CXX11_NOEXCEPT
        -:  225:///////////////////////////////////////////////////////////////////////////////
        -:  226:// (detail) metafunction is_variant_move_noexcept_constructible
        -:  227://
        -:  228:// Returns true_type if all the types are nothrow move constructible.
        -:  229://
        -:  230:template <class Types>
        -:  231:struct is_variant_move_noexcept_constructible {
        -:  232:    typedef typename boost::mpl::find_if<
        -:  233:        Types, mpl::not_<boost::is_nothrow_move_constructible<boost::mpl::_1> >
        -:  234:    >::type iterator_t;
        -:  235:
        -:  236:    typedef typename boost::mpl::end<Types>::type end_t;
        -:  237:    typedef typename boost::is_same<
        -:  238:        iterator_t, end_t
        -:  239:    >::type type;
        -:  240:};
        -:  241:
        -:  242:///////////////////////////////////////////////////////////////////////////////
        -:  243:// (detail) metafunction is_variant_move_noexcept_assignable
        -:  244://
        -:  245:// Returns true_type if all the types are nothrow move constructible.
        -:  246://
        -:  247:template <class Types>
        -:  248:struct is_variant_move_noexcept_assignable {
        -:  249:    typedef typename boost::mpl::find_if<
        -:  250:        Types, mpl::not_<boost::is_nothrow_move_assignable<boost::mpl::_1> >
        -:  251:    >::type iterator_t;
        -:  252:
        -:  253:    typedef typename boost::mpl::end<Types>::type end_t;
        -:  254:    typedef typename boost::is_same<
        -:  255:        iterator_t, end_t
        -:  256:    >::type type;
        -:  257:};
        -:  258:#endif // BOOST_NO_CXX11_NOEXCEPT
        -:  259:
        -:  260:///////////////////////////////////////////////////////////////////////////////
        -:  261:// (detail) metafunction is_variant_constructible_from
        -:  262://
        -:  263:// Derives from true_type if at least one variant's type is constructible from T.
        -:  264://
        -:  265:template <class T1, class T2>
        -:  266:struct is_constructible_ext:
        -:  267:    boost::mpl::or_<
        -:  268:        boost::is_constructible<
        -:  269:            T1,
        -:  270:            T2
        -:  271:        >,
        -:  272:        boost::is_constructible<
        -:  273:            T1,
        -:  274:            typename boost::add_lvalue_reference<T2>::type
        -:  275:        >
        -:  276:    >
        -:  277:{};
        -:  278:
        -:  279:template <class T, class Types>
        -:  280:struct is_variant_constructible_from:
        -:  281:    boost::mpl::not_< boost::is_same<
        -:  282:        typename boost::mpl::find_if<
        -:  283:            Types,
        -:  284:            is_constructible_ext<boost::mpl::_1, T>
        -:  285:        >::type,
        -:  286:        typename boost::mpl::end<Types>::type
        -:  287:    > >
        -:  288:{};
        -:  289:
        -:  290:template <BOOST_VARIANT_ENUM_PARAMS(typename T), class Types>
        -:  291:struct is_variant_constructible_from< boost::variant<BOOST_VARIANT_ENUM_PARAMS(T)>, Types >:
        -:  292:    boost::is_same<
        -:  293:        typename boost::mpl::find_if<
        -:  294:            typename boost::variant<BOOST_VARIANT_ENUM_PARAMS(T)>::recursive_enabled_types,
        -:  295:            mpl::not_< is_variant_constructible_from< boost::mpl::_1, Types> >
        -:  296:        >::type,
        -:  297:        typename boost::mpl::end< typename boost::variant<BOOST_VARIANT_ENUM_PARAMS(T)>::recursive_enabled_types >::type
        -:  298:    >
        -:  299:{};
        -:  300:
        -:  301:template <BOOST_VARIANT_ENUM_PARAMS(typename T), class Types>
        -:  302:struct is_variant_constructible_from< const boost::variant<BOOST_VARIANT_ENUM_PARAMS(T)>& , Types >:
        -:  303:    is_variant_constructible_from<boost::variant<BOOST_VARIANT_ENUM_PARAMS(T)>, Types >
        -:  304:{};
        -:  305:
        -:  306:template <BOOST_VARIANT_ENUM_PARAMS(typename T), class Types>
        -:  307:struct is_variant_constructible_from< boost::variant<BOOST_VARIANT_ENUM_PARAMS(T)>& , Types >:
        -:  308:    is_variant_constructible_from<boost::variant<BOOST_VARIANT_ENUM_PARAMS(T)>, Types >
        -:  309:{};
        -:  310:
        -:  311:#ifndef BOOST_NO_CXX11_RVALUE_REFERENCES
        -:  312:
        -:  313:template <BOOST_VARIANT_ENUM_PARAMS(typename T), class Types>
        -:  314:struct is_variant_constructible_from< boost::variant<BOOST_VARIANT_ENUM_PARAMS(T)>&& , Types >:
        -:  315:    is_variant_constructible_from<boost::variant<BOOST_VARIANT_ENUM_PARAMS(T)>, Types >
        -:  316:{};
        -:  317:
        -:  318:template <BOOST_VARIANT_ENUM_PARAMS(typename T), class Types>
        -:  319:struct is_variant_constructible_from< boost::variant<BOOST_VARIANT_ENUM_PARAMS(T)> const && , Types >:
        -:  320:    is_variant_constructible_from<boost::variant<BOOST_VARIANT_ENUM_PARAMS(T)>, Types >
        -:  321:{};
        -:  322:
        -:  323:#endif // #ifndef BOOST_NO_CXX11_RVALUE_REFERENCE
        -:  324:
        -:  325:
        -:  326:///////////////////////////////////////////////////////////////////////////////
        -:  327:// (detail) metafunction make_storage
        -:  328://
        -:  329:// Provides an aligned storage type capable of holding any of the types
        -:  330:// specified in the given type-sequence.
        -:  331://
        -:  332:
        -:  333:template <typename Types, typename NeverUsesBackupFlag>
        -:  334:struct make_storage
        -:  335:{
        -:  336:private: // helpers, for metafunction result (below)
        -:  337:
        -:  338:    typedef typename mpl::eval_if<
        -:  339:          NeverUsesBackupFlag
        -:  340:        , mpl::identity< Types >
        -:  341:        , mpl::push_front<
        -:  342:              Types, backup_holder<void*>
        -:  343:            >
        -:  344:        >::type types;
        -:  345:
        -:  346:    typedef typename max_value<
        -:  347:          types, mpl::sizeof_<mpl::_1>
        -:  348:        >::type max_size;
        -:  349:
        -:  350:#if !BOOST_WORKAROUND(__BORLANDC__, BOOST_TESTED_AT(0x0551))
        -:  351:
        -:  352:    typedef typename mpl::fold<
        -:  353:          types
        -:  354:        , mpl::size_t<1>
        -:  355:        , add_alignment
        -:  356:        >::type max_alignment;
        -:  357:
        -:  358:#else // borland
        -:  359:
        -:  360:    // temporary workaround -- use maximal alignment
        -:  361:    typedef mpl::size_t< -1 > max_alignment;
        -:  362:
        -:  363:#endif // borland workaround
        -:  364:
        -:  365:public: // metafunction result
        -:  366:
        -:  367:    typedef ::boost::aligned_storage<
        -:  368:          BOOST_MPL_AUX_VALUE_WKND(max_size)::value
        -:  369:        , BOOST_MPL_AUX_VALUE_WKND(max_alignment)::value
        -:  370:        > type;
        -:  371:};
        -:  372:
        -:  373:///////////////////////////////////////////////////////////////////////////////
        -:  374:// (detail) class destroyer
        -:  375://
        -:  376:// Internal visitor that destroys the value it visits.
        -:  377://
        -:  378:struct destroyer
        -:  379:    : public static_visitor<>
        -:  380:{
        -:  381:public: // visitor interfaces
        -:  382:
        -:  383:    template <typename T>
        -:  384:        BOOST_VARIANT_AUX_RETURN_VOID_TYPE
function _ZNK5boost6detail7variant9destroyer14internal_visitINS_8geometry5index6detail5rtree12variant_leafISt4pairINS4_5model3boxINSA_5pointIfLm2ENS4_2cs9cartesianEEEEES9_ISF_SF_EENS5_5rstarILm16ELm4ELm4ELm32EEESG_NS7_10allocatorsINS_9container13new_allocatorISI_EESI_SK_SG_NS7_23node_variant_static_tagEEESP_EEEEvRT_i called 6627 returned 100% blocks executed 100%
function _ZNK5boost6detail7variant9destroyer14internal_visitINS1_13backup_holderINS_8geometry5index6detail5rtree12variant_leafISt4pairINS5_5model3boxINSB_5pointIfLm2ENS5_2cs9cartesianEEEEESA_ISG_SG_EENS6_5rstarILm16ELm4ELm4ELm32EEESH_NS8_10allocatorsINS_9container13new_allocatorISJ_EESJ_SL_SH_NS8_23node_variant_static_tagEEESQ_EEEEEEvRT_i called 0 returned 0% blocks executed 0%
function _ZNK5boost6detail7variant9destroyer14internal_visitINS_8geometry5index6detail5rtree21variant_internal_nodeISt4pairINS4_5model3boxINSA_5pointIfLm2ENS4_2cs9cartesianEEEEES9_ISF_SF_EENS5_5rstarILm16ELm4ELm4ELm32EEESG_NS7_10allocatorsINS_9container13new_allocatorISI_EESI_SK_SG_NS7_23node_variant_static_tagEEESP_EEEEvRT_i called 1323 returned 100% blocks executed 100%
function _ZNK5boost6detail7variant9destroyer14internal_visitINS1_13backup_holderINS_8geometry5index6detail5rtree21variant_internal_nodeISt4pairINS5_5model3boxINSB_5pointIfLm2ENS5_2cs9cartesianEEEEESA_ISG_SG_EENS6_5rstarILm16ELm4ELm4ELm32EEESH_NS8_10allocatorsINS_9container13new_allocatorISJ_EESJ_SL_SH_NS8_23node_variant_static_tagEEESQ_EEEEEEvRT_i called 0 returned 0% blocks executed 0%
     7950:  385:    internal_visit(T& operand, int) const BOOST_NOEXCEPT
        -:  386:    {
     7950:  387:        operand.~T(); // must be noexcept
        -:  388:
        -:  389:#if BOOST_WORKAROUND(__BORLANDC__, BOOST_TESTED_AT(0x0551)) || \
        -:  390:    BOOST_WORKAROUND(BOOST_MSVC, BOOST_TESTED_AT(1600))
        -:  391:        (void)operand; // suppresses warnings
        -:  392:#endif
        -:  393:
        -:  394:        BOOST_VARIANT_AUX_RETURN_VOID;
     7950:  395:    }
        -:  396:
        -:  397:};
        -:  398:
        -:  399:///////////////////////////////////////////////////////////////////////////////
        -:  400:// (detail) class template known_get
        -:  401://
        -:  402:// Visitor that returns a reference to content of the specified type.
        -:  403://
        -:  404:// Precondition: visited variant MUST contain logical content of type T.
        -:  405://
        -:  406:template <typename T>
        -:  407:class known_get
        -:  408:    : public static_visitor<T&>
        -:  409:{
        -:  410:
        -:  411:public: // visitor interface
        -:  412:
        -:  413:    T& operator()(T& operand) const BOOST_NOEXCEPT
        -:  414:    {
        -:  415:        return operand;
        -:  416:    }
        -:  417:
        -:  418:    template <typename U>
        -:  419:    T& operator()(U&) const
        -:  420:    {
        -:  421:        // logical error to be here: see precondition above
        -:  422:        return ::boost::detail::variant::forced_return< T& >();
        -:  423:    }
        -:  424:};
        -:  425:
        -:  426:///////////////////////////////////////////////////////////////////////////////
        -:  427:// (detail) class copy_into
        -:  428://
        -:  429:// Internal visitor that copies the value it visits into the given buffer.
        -:  430://
        -:  431:class copy_into
        -:  432:    : public static_visitor<>
        -:  433:{
        -:  434:private: // representation
        -:  435:
        -:  436:    void* storage_;
        -:  437:
        -:  438:public: // structors
        -:  439:
        -:  440:    explicit copy_into(void* storage) BOOST_NOEXCEPT
        -:  441:        : storage_(storage)
        -:  442:    {
        -:  443:    }
        -:  444:
        -:  445:public: // internal visitor interface
        -:  446:
        -:  447:    template <typename T>
        -:  448:        BOOST_VARIANT_AUX_RETURN_VOID_TYPE
        -:  449:    internal_visit(boost::detail::variant::backup_holder<T>& operand, long) const
        -:  450:    {
        -:  451:        new(storage_) T( operand.get() );
        -:  452:        BOOST_VARIANT_AUX_RETURN_VOID;
        -:  453:    }
        -:  454:
        -:  455:    template <typename T>
        -:  456:        BOOST_VARIANT_AUX_RETURN_VOID_TYPE
        -:  457:    internal_visit(const boost::detail::variant::backup_holder<T>& operand, long) const
        -:  458:    {
        -:  459:        new(storage_) T( operand.get() );
        -:  460:        BOOST_VARIANT_AUX_RETURN_VOID;
        -:  461:    }
        -:  462:
        -:  463:    template <typename T>
        -:  464:        BOOST_VARIANT_AUX_RETURN_VOID_TYPE
        -:  465:    internal_visit(const T& operand, int) const
        -:  466:    {
        -:  467:        new(storage_) T(operand);
        -:  468:        BOOST_VARIANT_AUX_RETURN_VOID;
        -:  469:    }
        -:  470:
        -:  471:};
        -:  472:
        -:  473:///////////////////////////////////////////////////////////////////////////////
        -:  474:// (detail) class move_into
        -:  475://
        -:  476:// Internal visitor that moves the value it visits into the given buffer.
        -:  477://
        -:  478:#ifndef BOOST_NO_CXX11_RVALUE_REFERENCES
        -:  479:class move_into
        -:  480:    : public static_visitor<>
        -:  481:{
        -:  482:private: // representation
        -:  483:
        -:  484:    void* storage_;
        -:  485:
        -:  486:public: // structors
        -:  487:
        -:  488:    explicit move_into(void* storage) BOOST_NOEXCEPT
        -:  489:        : storage_(storage)
        -:  490:    {
        -:  491:    }
        -:  492:
        -:  493:public: // internal visitor interface
        -:  494:
        -:  495:    template <typename T>
        -:  496:        BOOST_VARIANT_AUX_RETURN_VOID_TYPE
        -:  497:    internal_visit(boost::detail::variant::backup_holder<T>& operand, long) const
        -:  498:    {
        -:  499:        new(storage_) T( ::boost::detail::variant::move(operand.get()) );
        -:  500:        BOOST_VARIANT_AUX_RETURN_VOID;
        -:  501:    }
        -:  502:
        -:  503:    template <typename T>
        -:  504:        BOOST_VARIANT_AUX_RETURN_VOID_TYPE
        -:  505:    internal_visit(T& operand, int) const BOOST_NOEXCEPT_IF(BOOST_NOEXCEPT_EXPR(T(boost::declval<T>())))
        -:  506:    {
        -:  507:        new(storage_) T(::boost::detail::variant::move(operand));
        -:  508:        BOOST_VARIANT_AUX_RETURN_VOID;
        -:  509:    }
        -:  510:};
        -:  511:#endif
        -:  512:
        -:  513:///////////////////////////////////////////////////////////////////////////////
        -:  514:// (detail) class assign_storage
        -:  515://
        -:  516:// Internal visitor that assigns the given storage (which must be a
        -:  517:// constructed value of the same type) to the value it visits.
        -:  518://
        -:  519:struct assign_storage
        -:  520:    : public static_visitor<>
        -:  521:{
        -:  522:private: // representation
        -:  523:
        -:  524:    const void* rhs_storage_;
        -:  525:
        -:  526:public: // structors
        -:  527:
        -:  528:    explicit assign_storage(const void* rhs_storage) BOOST_NOEXCEPT
        -:  529:        : rhs_storage_(rhs_storage)
        -:  530:    {
        -:  531:    }
        -:  532:
        -:  533:public: // internal visitor interfaces
        -:  534:
        -:  535:    template <typename T>
        -:  536:        BOOST_VARIANT_AUX_RETURN_VOID_TYPE
        -:  537:    internal_visit(backup_holder<T>& lhs_content, long) const
        -:  538:    {
        -:  539:        lhs_content.get()
        -:  540:            = static_cast< const backup_holder<T>* >(rhs_storage_)->get();
        -:  541:        BOOST_VARIANT_AUX_RETURN_VOID;
        -:  542:    }
        -:  543:
        -:  544:    template <typename T>
        -:  545:        BOOST_VARIANT_AUX_RETURN_VOID_TYPE
        -:  546:    internal_visit(const backup_holder<T>& lhs_content, long) const
        -:  547:    {
        -:  548:        lhs_content.get()
        -:  549:            = static_cast< const backup_holder<T>* >(rhs_storage_)->get();
        -:  550:        BOOST_VARIANT_AUX_RETURN_VOID;
        -:  551:    }
        -:  552:
        -:  553:    template <typename T>
        -:  554:        BOOST_VARIANT_AUX_RETURN_VOID_TYPE
        -:  555:    internal_visit(T& lhs_content, int) const
        -:  556:    {
        -:  557:        // NOTE TO USER :
        -:  558:        // Compile error here indicates one of variant's bounded types does
        -:  559:        // not meet the requirements of the Assignable concept. Thus,
        -:  560:        // variant is not Assignable.
        -:  561:        //
        -:  562:        // Hint: Are any of the bounded types const-qualified or references?
        -:  563:        //
        -:  564:        lhs_content = *static_cast< const T* >(rhs_storage_);
        -:  565:        BOOST_VARIANT_AUX_RETURN_VOID;
        -:  566:    }
        -:  567:
        -:  568:};
        -:  569:
        -:  570:///////////////////////////////////////////////////////////////////////////////
        -:  571:// (detail) class move_storage
        -:  572://
        -:  573:// Internal visitor that moves the given storage (which must be a
        -:  574:// constructed value of the same type) to the value it visits.
        -:  575://
        -:  576:struct move_storage
        -:  577:    : public static_visitor<>
        -:  578:{
        -:  579:private: // representation
        -:  580:
        -:  581:    void* rhs_storage_;
        -:  582:
        -:  583:public: // structors
        -:  584:
        -:  585:    explicit move_storage(void* rhs_storage) BOOST_NOEXCEPT
        -:  586:        : rhs_storage_(rhs_storage)
        -:  587:    {
        -:  588:    }
        -:  589:
        -:  590:public: // internal visitor interfaces
        -:  591:
        -:  592:    template <typename T>
        -:  593:        BOOST_VARIANT_AUX_RETURN_VOID_TYPE
        -:  594:    internal_visit(backup_holder<T>& lhs_content, long) const
        -:  595:    {
        -:  596:        lhs_content.get()
        -:  597:            = ::boost::detail::variant::move(static_cast<backup_holder<T>* >(rhs_storage_)->get());
        -:  598:        BOOST_VARIANT_AUX_RETURN_VOID;
        -:  599:    }
        -:  600:
        -:  601:    template <typename T>
        -:  602:        BOOST_VARIANT_AUX_RETURN_VOID_TYPE
        -:  603:    internal_visit(const backup_holder<T>& lhs_content, long) const
        -:  604:    {
        -:  605:        lhs_content.get()
        -:  606:            = ::boost::detail::variant::move(static_cast<backup_holder<T>* >(rhs_storage_)->get());
        -:  607:        BOOST_VARIANT_AUX_RETURN_VOID;
        -:  608:    }
        -:  609:
        -:  610:    template <typename T>
        -:  611:        BOOST_VARIANT_AUX_RETURN_VOID_TYPE
        -:  612:    internal_visit(T& lhs_content, int) const
        -:  613:    {
        -:  614:        // NOTE TO USER :
        -:  615:        // Compile error here indicates one of variant's bounded types does
        -:  616:        // not meet the requirements of the Assignable concept. Thus,
        -:  617:        // variant is not Assignable.
        -:  618:        //
        -:  619:        // Hint: Are any of the bounded types const-qualified or references?
        -:  620:        //
        -:  621:        lhs_content = ::boost::detail::variant::move(*static_cast<T* >(rhs_storage_));
        -:  622:        BOOST_VARIANT_AUX_RETURN_VOID;
        -:  623:    }
        -:  624:
        -:  625:};
        -:  626:
        -:  627:///////////////////////////////////////////////////////////////////////////////
        -:  628:// (detail) class direct_assigner
        -:  629://
        -:  630:// Generic static visitor that: if and only if the visited value is of the
        -:  631:// specified type, assigns the given value to the visited value and returns
        -:  632:// true; else returns false.
        -:  633://
        -:  634:template <typename T>
        -:  635:class direct_assigner
        -:  636:    : public static_visitor<bool>
        -:  637:{
        -:  638:private: // representation
        -:  639:
        -:  640:    const T& rhs_;
        -:  641:
        -:  642:public: // structors
        -:  643:
        -:  644:    explicit direct_assigner(const T& rhs) BOOST_NOEXCEPT
        -:  645:        : rhs_(rhs)
        -:  646:    {
        -:  647:    }
        -:  648:
        -:  649:public: // visitor interface
        -:  650:
        -:  651:    bool operator()(T& lhs)
        -:  652:    {
        -:  653:        lhs = rhs_;
        -:  654:        return true;
        -:  655:    }
        -:  656:
        -:  657:    template <typename U>
        -:  658:    bool operator()(U&) BOOST_NOEXCEPT
        -:  659:    {
        -:  660:        return false;
        -:  661:    }
        -:  662:
        -:  663:#if BOOST_WORKAROUND(BOOST_MSVC, BOOST_TESTED_AT(1600))
        -:  664:private:
        -:  665:    // silence MSVC warning C4512: assignment operator could not be generated
        -:  666:    direct_assigner& operator= (direct_assigner const&);
        -:  667:#endif
        -:  668:};
        -:  669:
        -:  670:///////////////////////////////////////////////////////////////////////////////
        -:  671:// (detail) class direct_mover
        -:  672://
        -:  673:// Generic static visitor that: if and only if the visited value is of the
        -:  674:// specified type, move assigns the given value to the visited value and returns
        -:  675:// true; else returns false.
        -:  676://
        -:  677:template <typename T>
        -:  678:class direct_mover
        -:  679:    : public static_visitor<bool>
        -:  680:{
        -:  681:private: // representation
        -:  682:
        -:  683:    T& rhs_;
        -:  684:
        -:  685:public: // structors
        -:  686:
        -:  687:    explicit direct_mover(T& rhs) BOOST_NOEXCEPT
        -:  688:        : rhs_(rhs)
        -:  689:    {
        -:  690:    }
        -:  691:
        -:  692:public: // visitor interface
        -:  693:
        -:  694:    bool operator()(T& lhs)
        -:  695:    {
        -:  696:        lhs = ::boost::detail::variant::move(rhs_);
        -:  697:        return true;
        -:  698:    }
        -:  699:
        -:  700:    template <typename U>
        -:  701:    bool operator()(U&) BOOST_NOEXCEPT
        -:  702:    {
        -:  703:        return false;
        -:  704:    }
        -:  705:
        -:  706:#if BOOST_WORKAROUND(BOOST_MSVC, BOOST_TESTED_AT(1600))
        -:  707:private:
        -:  708:    // silence MSVC warning C4512: assignment operator could not be generated
        -:  709:    direct_mover& operator= (direct_mover const&);
        -:  710:#endif
        -:  711:};
        -:  712:
        -:  713:
        -:  714:///////////////////////////////////////////////////////////////////////////////
        -:  715:// (detail) class backup_assigner
        -:  716://
        -:  717:// Internal visitor that "assigns" the given value to the visited value,
        -:  718:// using backup to recover if the destroy-copy sequence fails.
        -:  719://
        -:  720:// NOTE: This needs to be a friend of variant, as it needs access to
        -:  721:// indicate_which, indicate_backup_which, etc.
        -:  722://
        -:  723:template <typename Variant>
        -:  724:class backup_assigner
        -:  725:    : public static_visitor<>
        -:  726:{
        -:  727:private: // representation
        -:  728:
        -:  729:    Variant& lhs_;
        -:  730:    int rhs_which_;
        -:  731:    const void* rhs_content_;
        -:  732:    void (*copy_rhs_content_)(void*, const void*);
        -:  733:
        -:  734:public: // structors
        -:  735:
        -:  736:    template<class RhsT>
        -:  737:    backup_assigner(Variant& lhs, int rhs_which, const RhsT& rhs_content)
        -:  738:        : lhs_(lhs)
        -:  739:        , rhs_which_(rhs_which)
        -:  740:        , rhs_content_(&rhs_content)
        -:  741:        , copy_rhs_content_(&construct_impl<RhsT>)
        -:  742:    {
        -:  743:    }
        -:  744:
        -:  745:private: // helpers, for visitor interface (below)
        -:  746:
        -:  747:    template<class RhsT>
        -:  748:    static void construct_impl(void* addr, const void* obj)
        -:  749:    {
        -:  750:        new(addr) RhsT(*static_cast<const RhsT*>(obj));
        -:  751:    }
        -:  752:
        -:  753:    template <typename LhsT>
        -:  754:    void backup_assign_impl(
        -:  755:          backup_holder<LhsT>& lhs_content
        -:  756:        , mpl::false_ // is_nothrow_move_constructible
        -:  757:        , long
        -:  758:        )
        -:  759:    {
        -:  760:        // Move lhs content to backup...
        -:  761:        backup_holder<LhsT> backup_lhs_content(0);
        -:  762:        backup_lhs_content.swap(lhs_content); // nothrow
        -:  763:
        -:  764:        // ...destroy lhs content...
        -:  765:        lhs_content.~backup_holder<LhsT>(); // nothrow
        -:  766:
        -:  767:        BOOST_TRY
        -:  768:        {
        -:  769:            // ...and attempt to copy rhs content into lhs storage:
        -:  770:            copy_rhs_content_(lhs_.storage_.address(), rhs_content_);
        -:  771:        }
        -:  772:        BOOST_CATCH (...)
        -:  773:        {
        -:  774:            // In case of failure, copy backup pointer to lhs storage...
        -:  775:            new(lhs_.storage_.address())
        -:  776:                    backup_holder<LhsT>( 0 ); // nothrow
        -:  777:
        -:  778:            static_cast<backup_holder<LhsT>* >(lhs_.storage_.address())
        -:  779:                    ->swap(backup_lhs_content); // nothrow
        -:  780:
        -:  781:            // ...and rethrow:
        -:  782:            BOOST_RETHROW;
        -:  783:        }
        -:  784:        BOOST_CATCH_END
        -:  785:
        -:  786:        // In case of success, indicate new content type:
        -:  787:        lhs_.indicate_which(rhs_which_); // nothrow
        -:  788:    }
        -:  789:
        -:  790:    template <typename LhsT>
        -:  791:    void backup_assign_impl(
        -:  792:          LhsT& lhs_content
        -:  793:        , mpl::true_ // is_nothrow_move_constructible
        -:  794:        , int
        -:  795:        )
        -:  796:    {
        -:  797:        // Move lhs content to backup...
        -:  798:        LhsT backup_lhs_content(
        -:  799:              ::boost::detail::variant::move(lhs_content)
        -:  800:            ); // nothrow
        -:  801:
        -:  802:        // ...destroy lhs content...
        -:  803:        lhs_content.~LhsT(); // nothrow
        -:  804:
        -:  805:        BOOST_TRY
        -:  806:        {
        -:  807:            // ...and attempt to copy rhs content into lhs storage:
        -:  808:            copy_rhs_content_(lhs_.storage_.address(), rhs_content_);
        -:  809:        }
        -:  810:        BOOST_CATCH (...)
        -:  811:        {
        -:  812:            // In case of failure, restore backup content to lhs storage...
        -:  813:            new(lhs_.storage_.address())
        -:  814:                LhsT(
        -:  815:                      ::boost::detail::variant::move(backup_lhs_content)
        -:  816:                    ); // nothrow
        -:  817:
        -:  818:            // ...and rethrow:
        -:  819:            BOOST_RETHROW;
        -:  820:        }
        -:  821:        BOOST_CATCH_END
        -:  822:
        -:  823:        // In case of success, indicate new content type:
        -:  824:        lhs_.indicate_which(rhs_which_); // nothrow
        -:  825:    }
        -:  826:
        -:  827:    template <typename LhsT>
        -:  828:    void backup_assign_impl(
        -:  829:          LhsT& lhs_content
        -:  830:        , mpl::false_ // is_nothrow_move_constructible
        -:  831:        , int
        -:  832:        )
        -:  833:    {
        -:  834:        // Backup lhs content...
        -:  835:        LhsT* backup_lhs_ptr = new LhsT(lhs_content);
        -:  836:
        -:  837:        // ...destroy lhs content...
        -:  838:        lhs_content.~LhsT(); // nothrow
        -:  839:
        -:  840:        BOOST_TRY
        -:  841:        {
        -:  842:            // ...and attempt to copy rhs content into lhs storage:
        -:  843:            copy_rhs_content_(lhs_.storage_.address(), rhs_content_);
        -:  844:        }
        -:  845:        BOOST_CATCH (...)
        -:  846:        {
        -:  847:            // In case of failure, copy backup pointer to lhs storage...
        -:  848:            new(lhs_.storage_.address())
        -:  849:                backup_holder<LhsT>( backup_lhs_ptr ); // nothrow
        -:  850:
        -:  851:            // ...indicate now using backup...
        -:  852:            lhs_.indicate_backup_which( lhs_.which() ); // nothrow
        -:  853:
        -:  854:            // ...and rethrow:
        -:  855:            BOOST_RETHROW;
        -:  856:        }
        -:  857:        BOOST_CATCH_END
        -:  858:
        -:  859:        // In case of success, indicate new content type...
        -:  860:        lhs_.indicate_which(rhs_which_); // nothrow
        -:  861:
        -:  862:        // ...and delete backup:
        -:  863:        delete backup_lhs_ptr; // nothrow
        -:  864:    }
        -:  865:
        -:  866:public: // visitor interface
        -:  867:
        -:  868:    template <typename LhsT>
        -:  869:        BOOST_VARIANT_AUX_RETURN_VOID_TYPE
        -:  870:    internal_visit(LhsT& lhs_content, int)
        -:  871:    {
        -:  872:        typedef typename is_nothrow_move_constructible<LhsT>::type
        -:  873:            nothrow_move;
        -:  874:
        -:  875:        backup_assign_impl( lhs_content, nothrow_move(), 1L);
        -:  876:
        -:  877:        BOOST_VARIANT_AUX_RETURN_VOID;
        -:  878:    }
        -:  879:
        -:  880:#if BOOST_WORKAROUND(BOOST_MSVC, BOOST_TESTED_AT(1600))
        -:  881:private:
        -:  882:    // silence MSVC warning C4512: assignment operator could not be generated
        -:  883:    backup_assigner& operator= (backup_assigner const&);
        -:  884:#endif
        -:  885:};
        -:  886:
        -:  887:///////////////////////////////////////////////////////////////////////////////
        -:  888:// (detail) class swap_with
        -:  889://
        -:  890:// Visitor that swaps visited value with content of given variant.
        -:  891://
        -:  892:// Precondition: Given variant MUST have same logical type as visited value.
        -:  893://
        -:  894:template <typename Variant>
        -:  895:struct swap_with
        -:  896:    : public static_visitor<>
        -:  897:{
        -:  898:private: // representation
        -:  899:
        -:  900:    Variant& toswap_;
        -:  901:
        -:  902:public: // structors
        -:  903:
        -:  904:    explicit swap_with(Variant& toswap) BOOST_NOEXCEPT
        -:  905:        : toswap_(toswap)
        -:  906:    {
        -:  907:    }
        -:  908:
        -:  909:public: // internal visitor interfaces
        -:  910:
        -:  911:    template <typename T>
        -:  912:    void operator()(T& operand) const
        -:  913:    {
        -:  914:        // Since the precondition ensures types are same, get T...
        -:  915:        known_get<T> getter;
        -:  916:        T& other = toswap_.apply_visitor(getter);
        -:  917:
        -:  918:        // ...and swap:
        -:  919:        ::boost::detail::variant::move_swap( operand, other );
        -:  920:    }
        -:  921:
        -:  922:private:
        -:  923:    swap_with& operator=(const swap_with&);
        -:  924:
        -:  925:};
        -:  926:
        -:  927:///////////////////////////////////////////////////////////////////////////////
        -:  928:// (detail) class reflect
        -:  929://
        -:  930:// Generic static visitor that performs a typeid on the value it visits.
        -:  931://
        -:  932:
        -:  933:class reflect
        -:  934:    : public static_visitor<const boost::typeindex::type_info&>
        -:  935:{
        -:  936:public: // visitor interfaces
        -:  937:
        -:  938:    template <typename T>
        -:  939:    const boost::typeindex::type_info& operator()(const T&) const BOOST_NOEXCEPT
        -:  940:    {
        -:  941:        return boost::typeindex::type_id<T>().type_info();
        -:  942:    }
        -:  943:
        -:  944:};
        -:  945:
        -:  946:///////////////////////////////////////////////////////////////////////////////
        -:  947:// (detail) class comparer
        -:  948://
        -:  949:// Generic static visitor that compares the content of the given lhs variant
        -:  950:// with the visited rhs content using Comp.
        -:  951://
        -:  952:// Precondition: lhs.which() == rhs.which()
        -:  953://
        -:  954:template <typename Variant, typename Comp>
        -:  955:class comparer
        -:  956:    : public static_visitor<bool>
        -:  957:{
        -:  958:private: // representation
        -:  959:
        -:  960:    const Variant& lhs_;
        -:  961:
        -:  962:public: // structors
        -:  963:
        -:  964:    explicit comparer(const Variant& lhs) BOOST_NOEXCEPT
        -:  965:        : lhs_(lhs)
        -:  966:    {
        -:  967:    }
        -:  968:
        -:  969:public: // visitor interfaces
        -:  970:
        -:  971:    template <typename T>
        -:  972:    bool operator()(T& rhs_content) const
        -:  973:    {
        -:  974:        // Since the precondition ensures lhs and rhs types are same, get T...
        -:  975:        known_get<T> getter;
        -:  976:        const T& lhs_content = lhs_.apply_visitor(getter);
        -:  977:
        -:  978:        // ...and compare lhs and rhs contents:
        -:  979:        return Comp()(lhs_content, rhs_content);
        -:  980:    }
        -:  981:
        -:  982:private:
        -:  983:    comparer& operator=(const comparer&);
        -:  984:
        -:  985:};
        -:  986:
        -:  987:///////////////////////////////////////////////////////////////////////////////
        -:  988:// (detail) class equal_comp
        -:  989://
        -:  990:// Generic function object compares lhs with rhs using operator==.
        -:  991://
        -:  992:struct equal_comp
        -:  993:{
        -:  994:    template <typename T>
        -:  995:    bool operator()(const T& lhs, const T& rhs) const
        -:  996:    {
        -:  997:        return lhs == rhs;
        -:  998:    }
        -:  999:};
        -: 1000:
        -: 1001:///////////////////////////////////////////////////////////////////////////////
        -: 1002:// (detail) class less_comp
        -: 1003://
        -: 1004:// Generic function object compares lhs with rhs using operator<.
        -: 1005://
        -: 1006:struct less_comp
        -: 1007:{
        -: 1008:    template <typename T>
        -: 1009:    bool operator()(const T& lhs, const T& rhs) const
        -: 1010:    {
        -: 1011:        return lhs < rhs;
        -: 1012:    }
        -: 1013:};
        -: 1014:
        -: 1015:///////////////////////////////////////////////////////////////////////////////
        -: 1016:// (detail) class template invoke_visitor
        -: 1017://
        -: 1018:// Internal visitor that invokes the given visitor using:
        -: 1019://  * for wrappers (e.g., recursive_wrapper), the wrapper's held value.
        -: 1020://  * for all other values, the value itself.
        -: 1021://
        -: 1022:template <typename Visitor, bool MoveSemantics>
        -: 1023:class invoke_visitor
        -: 1024:{
        -: 1025:private: // representation
        -: 1026:
        -: 1027:    Visitor& visitor_;
        -: 1028:
        -: 1029:public: // visitor typedefs
        -: 1030:
        -: 1031:    typedef typename Visitor::result_type
        -: 1032:        result_type;
        -: 1033:
        -: 1034:public: // structors
        -: 1035:
function _ZN5boost6detail7variant14invoke_visitorINS_8geometry5index6detail5rtree8visitors13spatial_queryISt4pairINS3_5model3boxINSA_5pointIfLm2ENS3_2cs9cartesianEEEEES9_ISF_SF_EENS6_7optionsINS4_5rstarILm16ELm4ELm4ELm32EEENS6_19insert_reinsert_tagENS6_26choose_by_overlap_diff_tagENS6_17split_default_tagENS6_9rstar_tagENS6_23node_variant_static_tagEEENS5_10translatorINS4_9indexableISI_EENS4_8equal_toISI_EEEESG_NS6_10allocatorsINS_9container13new_allocatorISI_EESI_SL_SG_SQ_EENS5_10predicates17spatial_predicateISG_NS13_14intersects_tagELb0EEESt20back_insert_iteratorISt6vectorISI_SaISI_EEEEELb0EEC2ERS1C_ called 2601461 returned 100% blocks executed 100%
function _ZN5boost6detail7variant14invoke_visitorINS_8geometry5index6detail5rtree8visitors7destroyISt4pairINS3_5model3boxINSA_5pointIfLm2ENS3_2cs9cartesianEEEEES9_ISF_SF_EENS6_7optionsINS4_5rstarILm16ELm4ELm4ELm32EEENS6_19insert_reinsert_tagENS6_26choose_by_overlap_diff_tagENS6_17split_default_tagENS6_9rstar_tagENS6_23node_variant_static_tagEEENS5_10translatorINS4_9indexableISI_EENS4_8equal_toISI_EEEESG_NS6_10allocatorsINS_9container13new_allocatorISI_EESI_SL_SG_SQ_EEEELb0EEC2ERS13_ called 7950 returned 100% blocks executed 100%
function _ZN5boost6detail7variant14invoke_visitorINS1_11get_visitorINS_8geometry5index6detail5rtree12variant_leafISt4pairINS4_5model3boxINSA_5pointIfLm2ENS4_2cs9cartesianEEEEES9_ISF_SF_EENS5_5rstarILm16ELm4ELm4ELm32EEESG_NS7_10allocatorsINS_9container13new_allocatorISI_EESI_SK_SG_NS7_23node_variant_static_tagEEESP_EEEELb0EEC2ERSS_ called 40292 returned 100% blocks executed 100%
function _ZN5boost6detail7variant14invoke_visitorINS1_11get_visitorINS_8geometry5index6detail5rtree21variant_internal_nodeISt4pairINS4_5model3boxINSA_5pointIfLm2ENS4_2cs9cartesianEEEEES9_ISF_SF_EENS5_5rstarILm16ELm4ELm4ELm32EEESG_NS7_10allocatorsINS_9container13new_allocatorISI_EESI_SK_SG_NS7_23node_variant_static_tagEEESP_EEEELb0EEC2ERSS_ called 45905 returned 100% blocks executed 100%
function _ZN5boost6detail7variant14invoke_visitorINS_8geometry5index6detail5rtree8visitors6insertISt4pairINS3_5model3boxINSA_5pointIfLm2ENS3_2cs9cartesianEEEEES9_ISF_SF_EESI_NS6_7optionsINS4_5rstarILm16ELm4ELm4ELm32EEENS6_19insert_reinsert_tagENS6_26choose_by_overlap_diff_tagENS6_17split_default_tagENS6_9rstar_tagENS6_23node_variant_static_tagEEENS5_10translatorINS4_9indexableISI_EENS4_8equal_toISI_EEEESG_NS6_10allocatorsINS_9container13new_allocatorISI_EESI_SL_SG_SQ_EESM_EELb0EEC2ERS13_ called 68009 returned 99% blocks executed 100%
function _ZN5boost6detail7variant14invoke_visitorINS_8geometry5index6detail5rtree8visitors5rstar12level_insertILm0ESt4pairINS3_5model3boxINSB_5pointIfLm2ENS3_2cs9cartesianEEEEESA_ISG_SG_EESJ_NS6_7optionsINS4_5rstarILm16ELm4ELm4ELm32EEENS6_19insert_reinsert_tagENS6_26choose_by_overlap_diff_tagENS6_17split_default_tagENS6_9rstar_tagENS6_23node_variant_static_tagEEENS5_10translatorINS4_9indexableISJ_EENS4_8equal_toISJ_EEEESH_NS6_10allocatorsINS_9container13new_allocatorISJ_EESJ_SM_SH_SR_EEEELb0EEC2ERS14_ called 109950 returned 100% blocks executed 100%
function _ZN5boost6detail7variant14invoke_visitorINS_8geometry5index6detail5rtree8visitors6insertISt4pairINS3_5model3boxINSA_5pointIfLm2ENS3_2cs9cartesianEEEEES9_ISF_SF_EESI_NS6_7optionsINS4_5rstarILm16ELm4ELm4ELm32EEENS6_19insert_reinsert_tagENS6_26choose_by_overlap_diff_tagENS6_17split_default_tagENS6_9rstar_tagENS6_23node_variant_static_tagEEENS5_10translatorINS4_9indexableISI_EENS4_8equal_toISI_EEEESG_NS6_10allocatorsINS_9container13new_allocatorISI_EESI_SL_SG_SQ_EENS6_18insert_default_tagEEELb0EEC2ERS14_ called 0 returned 0% blocks executed 0%
function _ZN5boost6detail7variant14invoke_visitorINS_8geometry5index6detail5rtree8visitors5rstar12level_insertILm1ESt4pairINS3_5model3boxINSB_5pointIfLm2ENS3_2cs9cartesianEEEEESA_ISG_SG_EESJ_NS6_7optionsINS4_5rstarILm16ELm4ELm4ELm32EEENS6_19insert_reinsert_tagENS6_26choose_by_overlap_diff_tagENS6_17split_default_tagENS6_9rstar_tagENS6_23node_variant_static_tagEEENS5_10translatorINS4_9indexableISJ_EENS4_8equal_toISJ_EEEESH_NS6_10allocatorsINS_9container13new_allocatorISJ_EESJ_SM_SH_SR_EEEELb0EEC2ERS14_ called 43176 returned 100% blocks executed 100%
function _ZN5boost6detail7variant14invoke_visitorINS_8geometry5index6detail5rtree8visitors5rstar12level_insertILm1ENS6_8ptr_pairINS3_5model3boxINSB_5pointIfLm2ENS3_2cs9cartesianEEEEEPNS_7variantINS6_12variant_leafISt4pairISH_SK_ISG_SG_EENS4_5rstarILm16ELm4ELm4ELm32EEESH_NS6_10allocatorsINS_9container13new_allocatorISM_EESM_SO_SH_NS6_23node_variant_static_tagEEEST_EEJNS6_21variant_internal_nodeISM_SO_SH_SU_ST_EEEEEEESM_NS6_7optionsISO_NS6_19insert_reinsert_tagENS6_26choose_by_overlap_diff_tagENS6_17split_default_tagENS6_9rstar_tagEST_EENS5_10translatorINS4_9indexableISM_EENS4_8equal_toISM_EEEESH_SU_EELb0EEC2ERS1D_ called 0 returned 0% blocks executed 0%
  2916743: 1036:    explicit invoke_visitor(Visitor& visitor) BOOST_NOEXCEPT
  2916743: 1037:        : visitor_(visitor)
        -: 1038:    {
  2916743: 1039:    }
        -: 1040:
        -: 1041:#if !defined(BOOST_NO_VOID_RETURNS)
        -: 1042:
        -: 1043:public: // internal visitor interfaces
        -: 1044:
        -: 1045:#ifndef BOOST_NO_CXX11_RVALUE_REFERENCES
        -: 1046:
        -: 1047:    //using workaround with is_same<T, T> to prenvent compilation error, because we need to use T in enable_if to make SFINAE work
        -: 1048:    template <typename T>
        -: 1049:    typename enable_if_c<MoveSemantics && is_same<T, T>::value, result_type>::type internal_visit(T&& operand, int)
        -: 1050:    {
        -: 1051:        return visitor_(::boost::move<T>(operand));
        -: 1052:    }
        -: 1053:
        -: 1054:    //using workaround with is_same<T, T> to prenvent compilation error, because we need to use T in enable_if to make SFINAE work
        -: 1055:    template <typename T>
function _ZN5boost6detail7variant14invoke_visitorINS_8geometry5index6detail5rtree8visitors13spatial_queryISt4pairINS3_5model3boxINSA_5pointIfLm2ENS3_2cs9cartesianEEEEES9_ISF_SF_EENS6_7optionsINS4_5rstarILm16ELm4ELm4ELm32EEENS6_19insert_reinsert_tagENS6_26choose_by_overlap_diff_tagENS6_17split_default_tagENS6_9rstar_tagENS6_23node_variant_static_tagEEENS5_10translatorINS4_9indexableISI_EENS4_8equal_toISI_EEEESG_NS6_10allocatorsINS_9container13new_allocatorISI_EESI_SL_SG_SQ_EENS5_10predicates17spatial_predicateISG_NS13_14intersects_tagELb0EEESt20back_insert_iteratorISt6vectorISI_SaISI_EEEEELb0EE14internal_visitIRNS6_12variant_leafISI_SL_SG_S12_SQ_EEEENS_12disable_if_cIXaaLb0Esr7is_sameIT_S1J_EE5valueEvE4typeEOS1J_i called 2013897 returned 100% blocks executed 100%
function _ZN5boost6detail7variant14invoke_visitorINS_8geometry5index6detail5rtree8visitors13spatial_queryISt4pairINS3_5model3boxINSA_5pointIfLm2ENS3_2cs9cartesianEEEEES9_ISF_SF_EENS6_7optionsINS4_5rstarILm16ELm4ELm4ELm32EEENS6_19insert_reinsert_tagENS6_26choose_by_overlap_diff_tagENS6_17split_default_tagENS6_9rstar_tagENS6_23node_variant_static_tagEEENS5_10translatorINS4_9indexableISI_EENS4_8equal_toISI_EEEESG_NS6_10allocatorsINS_9container13new_allocatorISI_EESI_SL_SG_SQ_EENS5_10predicates17spatial_predicateISG_NS13_14intersects_tagELb0EEESt20back_insert_iteratorISt6vectorISI_SaISI_EEEEELb0EE14internal_visitIRNS6_21variant_internal_nodeISI_SL_SG_S12_SQ_EEEENS_12disable_if_cIXaaLb0Esr7is_sameIT_S1J_EE5valueEvE4typeEOS1J_i called 589205 returned 100% blocks executed 100%
function _ZN5boost6detail7variant14invoke_visitorINS_8geometry5index6detail5rtree8visitors7destroyISt4pairINS3_5model3boxINSA_5pointIfLm2ENS3_2cs9cartesianEEEEES9_ISF_SF_EENS6_7optionsINS4_5rstarILm16ELm4ELm4ELm32EEENS6_19insert_reinsert_tagENS6_26choose_by_overlap_diff_tagENS6_17split_default_tagENS6_9rstar_tagENS6_23node_variant_static_tagEEENS5_10translatorINS4_9indexableISI_EENS4_8equal_toISI_EEEESG_NS6_10allocatorsINS_9container13new_allocatorISI_EESI_SL_SG_SQ_EEEELb0EE14internal_visitIRNS6_12variant_leafISI_SL_SG_S12_SQ_EEEENS_12disable_if_cIXaaLb0Esr7is_sameIT_S1A_EE5valueEvE4typeEOS1A_i called 6627 returned 100% blocks executed 100%
function _ZN5boost6detail7variant14invoke_visitorINS1_11get_visitorINS_8geometry5index6detail5rtree12variant_leafISt4pairINS4_5model3boxINSA_5pointIfLm2ENS4_2cs9cartesianEEEEES9_ISF_SF_EENS5_5rstarILm16ELm4ELm4ELm32EEESG_NS7_10allocatorsINS_9container13new_allocatorISI_EESI_SK_SG_NS7_23node_variant_static_tagEEESP_EEEELb0EE14internal_visitIRSR_EENS_12disable_if_cIXaaLb0Esr7is_sameIT_SX_EE5valueEPSR_E4typeEOSX_i called 40291 returned 100% blocks executed 100%
function _ZN5boost6detail7variant14invoke_visitorINS1_11get_visitorINS_8geometry5index6detail5rtree12variant_leafISt4pairINS4_5model3boxINSA_5pointIfLm2ENS4_2cs9cartesianEEEEES9_ISF_SF_EENS5_5rstarILm16ELm4ELm4ELm32EEESG_NS7_10allocatorsINS_9container13new_allocatorISI_EESI_SK_SG_NS7_23node_variant_static_tagEEESP_EEEELb0EE14internal_visitIRNS7_21variant_internal_nodeISI_SK_SG_SQ_SP_EEEENS_12disable_if_cIXaaLb0Esr7is_sameIT_SZ_EE5valueEPSR_E4typeEOSZ_i called 0 returned 0% blocks executed 0%
function _ZN5boost6detail7variant14invoke_visitorINS_8geometry5index6detail5rtree8visitors7destroyISt4pairINS3_5model3boxINSA_5pointIfLm2ENS3_2cs9cartesianEEEEES9_ISF_SF_EENS6_7optionsINS4_5rstarILm16ELm4ELm4ELm32EEENS6_19insert_reinsert_tagENS6_26choose_by_overlap_diff_tagENS6_17split_default_tagENS6_9rstar_tagENS6_23node_variant_static_tagEEENS5_10translatorINS4_9indexableISI_EENS4_8equal_toISI_EEEESG_NS6_10allocatorsINS_9container13new_allocatorISI_EESI_SL_SG_SQ_EEEELb0EE14internal_visitIRNS6_21variant_internal_nodeISI_SL_SG_S12_SQ_EEEENS_12disable_if_cIXaaLb0Esr7is_sameIT_S1A_EE5valueEvE4typeEOS1A_i called 1323 returned 100% blocks executed 100%
function _ZN5boost6detail7variant14invoke_visitorINS1_11get_visitorINS_8geometry5index6detail5rtree21variant_internal_nodeISt4pairINS4_5model3boxINSA_5pointIfLm2ENS4_2cs9cartesianEEEEES9_ISF_SF_EENS5_5rstarILm16ELm4ELm4ELm32EEESG_NS7_10allocatorsINS_9container13new_allocatorISI_EESI_SK_SG_NS7_23node_variant_static_tagEEESP_EEEELb0EE14internal_visitIRNS7_12variant_leafISI_SK_SG_SQ_SP_EEEENS_12disable_if_cIXaaLb0Esr7is_sameIT_SZ_EE5valueEPSR_E4typeEOSZ_i called 0 returned 0% blocks executed 0%
function _ZN5boost6detail7variant14invoke_visitorINS1_11get_visitorINS_8geometry5index6detail5rtree21variant_internal_nodeISt4pairINS4_5model3boxINSA_5pointIfLm2ENS4_2cs9cartesianEEEEES9_ISF_SF_EENS5_5rstarILm16ELm4ELm4ELm32EEESG_NS7_10allocatorsINS_9container13new_allocatorISI_EESI_SK_SG_NS7_23node_variant_static_tagEEESP_EEEELb0EE14internal_visitIRSR_EENS_12disable_if_cIXaaLb0Esr7is_sameIT_SX_EE5valueEPSR_E4typeEOSX_i called 45905 returned 100% blocks executed 100%
function _ZN5boost6detail7variant14invoke_visitorINS_8geometry5index6detail5rtree8visitors6insertISt4pairINS3_5model3boxINSA_5pointIfLm2ENS3_2cs9cartesianEEEEES9_ISF_SF_EESI_NS6_7optionsINS4_5rstarILm16ELm4ELm4ELm32EEENS6_19insert_reinsert_tagENS6_26choose_by_overlap_diff_tagENS6_17split_default_tagENS6_9rstar_tagENS6_23node_variant_static_tagEEENS5_10translatorINS4_9indexableISI_EENS4_8equal_toISI_EEEESG_NS6_10allocatorsINS_9container13new_allocatorISI_EESI_SL_SG_SQ_EESM_EELb0EE14internal_visitIRNS6_12variant_leafISI_SL_SG_S12_SQ_EEEENS_12disable_if_cIXaaLb0Esr7is_sameIT_S1A_EE5valueEvE4typeEOS1A_i called 26074 returned 100% blocks executed 100%
function _ZN5boost6detail7variant14invoke_visitorINS_8geometry5index6detail5rtree8visitors5rstar12level_insertILm0ESt4pairINS3_5model3boxINSB_5pointIfLm2ENS3_2cs9cartesianEEEEESA_ISG_SG_EESJ_NS6_7optionsINS4_5rstarILm16ELm4ELm4ELm32EEENS6_19insert_reinsert_tagENS6_26choose_by_overlap_diff_tagENS6_17split_default_tagENS6_9rstar_tagENS6_23node_variant_static_tagEEENS5_10translatorINS4_9indexableISJ_EENS4_8equal_toISJ_EEEESH_NS6_10allocatorsINS_9container13new_allocatorISJ_EESJ_SM_SH_SR_EEEELb0EE14internal_visitIRNS6_12variant_leafISJ_SM_SH_S13_SR_EEEENS_12disable_if_cIXaaLb0Esr7is_sameIT_S1B_EE5valueEvE4typeEOS1B_i called 68007 returned 100% blocks executed 100%
function _ZN5boost6detail7variant14invoke_visitorINS_8geometry5index6detail5rtree8visitors5rstar12level_insertILm0ESt4pairINS3_5model3boxINSB_5pointIfLm2ENS3_2cs9cartesianEEEEESA_ISG_SG_EESJ_NS6_7optionsINS4_5rstarILm16ELm4ELm4ELm32EEENS6_19insert_reinsert_tagENS6_26choose_by_overlap_diff_tagENS6_17split_default_tagENS6_9rstar_tagENS6_23node_variant_static_tagEEENS5_10translatorINS4_9indexableISJ_EENS4_8equal_toISJ_EEEESH_NS6_10allocatorsINS_9container13new_allocatorISJ_EESJ_SM_SH_SR_EEEELb0EE14internal_visitIRNS6_21variant_internal_nodeISJ_SM_SH_S13_SR_EEEENS_12disable_if_cIXaaLb0Esr7is_sameIT_S1B_EE5valueEvE4typeEOS1B_i called 41942 returned 100% blocks executed 100%
function _ZN5boost6detail7variant14invoke_visitorINS_8geometry5index6detail5rtree8visitors6insertISt4pairINS3_5model3boxINSA_5pointIfLm2ENS3_2cs9cartesianEEEEES9_ISF_SF_EESI_NS6_7optionsINS4_5rstarILm16ELm4ELm4ELm32EEENS6_19insert_reinsert_tagENS6_26choose_by_overlap_diff_tagENS6_17split_default_tagENS6_9rstar_tagENS6_23node_variant_static_tagEEENS5_10translatorINS4_9indexableISI_EENS4_8equal_toISI_EEEESG_NS6_10allocatorsINS_9container13new_allocatorISI_EESI_SL_SG_SQ_EENS6_18insert_default_tagEEELb0EE14internal_visitIRNS6_12variant_leafISI_SL_SG_S12_SQ_EEEENS_12disable_if_cIXaaLb0Esr7is_sameIT_S1B_EE5valueEvE4typeEOS1B_i called 0 returned 0% blocks executed 0%
function _ZN5boost6detail7variant14invoke_visitorINS_8geometry5index6detail5rtree8visitors6insertISt4pairINS3_5model3boxINSA_5pointIfLm2ENS3_2cs9cartesianEEEEES9_ISF_SF_EESI_NS6_7optionsINS4_5rstarILm16ELm4ELm4ELm32EEENS6_19insert_reinsert_tagENS6_26choose_by_overlap_diff_tagENS6_17split_default_tagENS6_9rstar_tagENS6_23node_variant_static_tagEEENS5_10translatorINS4_9indexableISI_EENS4_8equal_toISI_EEEESG_NS6_10allocatorsINS_9container13new_allocatorISI_EESI_SL_SG_SQ_EENS6_18insert_default_tagEEELb0EE14internal_visitIRNS6_21variant_internal_nodeISI_SL_SG_S12_SQ_EEEENS_12disable_if_cIXaaLb0Esr7is_sameIT_S1B_EE5valueEvE4typeEOS1B_i called 0 returned 0% blocks executed 0%
function _ZN5boost6detail7variant14invoke_visitorINS_8geometry5index6detail5rtree8visitors6insertISt4pairINS3_5model3boxINSA_5pointIfLm2ENS3_2cs9cartesianEEEEES9_ISF_SF_EESI_NS6_7optionsINS4_5rstarILm16ELm4ELm4ELm32EEENS6_19insert_reinsert_tagENS6_26choose_by_overlap_diff_tagENS6_17split_default_tagENS6_9rstar_tagENS6_23node_variant_static_tagEEENS5_10translatorINS4_9indexableISI_EENS4_8equal_toISI_EEEESG_NS6_10allocatorsINS_9container13new_allocatorISI_EESI_SL_SG_SQ_EESM_EELb0EE14internal_visitIRNS6_21variant_internal_nodeISI_SL_SG_S12_SQ_EEEENS_12disable_if_cIXaaLb0Esr7is_sameIT_S1A_EE5valueEvE4typeEOS1A_i called 41934 returned 100% blocks executed 100%
function _ZN5boost6detail7variant14invoke_visitorINS_8geometry5index6detail5rtree8visitors5rstar12level_insertILm1ESt4pairINS3_5model3boxINSB_5pointIfLm2ENS3_2cs9cartesianEEEEESA_ISG_SG_EESJ_NS6_7optionsINS4_5rstarILm16ELm4ELm4ELm32EEENS6_19insert_reinsert_tagENS6_26choose_by_overlap_diff_tagENS6_17split_default_tagENS6_9rstar_tagENS6_23node_variant_static_tagEEENS5_10translatorINS4_9indexableISJ_EENS4_8equal_toISJ_EEEESH_NS6_10allocatorsINS_9container13new_allocatorISJ_EESJ_SM_SH_SR_EEEELb0EE14internal_visitIRNS6_12variant_leafISJ_SM_SH_S13_SR_EEEENS_12disable_if_cIXaaLb0Esr7is_sameIT_S1B_EE5valueEvE4typeEOS1B_i called 21588 returned 100% blocks executed 100%
function _ZN5boost6detail7variant14invoke_visitorINS_8geometry5index6detail5rtree8visitors5rstar12level_insertILm1ESt4pairINS3_5model3boxINSB_5pointIfLm2ENS3_2cs9cartesianEEEEESA_ISG_SG_EESJ_NS6_7optionsINS4_5rstarILm16ELm4ELm4ELm32EEENS6_19insert_reinsert_tagENS6_26choose_by_overlap_diff_tagENS6_17split_default_tagENS6_9rstar_tagENS6_23node_variant_static_tagEEENS5_10translatorINS4_9indexableISJ_EENS4_8equal_toISJ_EEEESH_NS6_10allocatorsINS_9container13new_allocatorISJ_EESJ_SM_SH_SR_EEEELb0EE14internal_visitIRNS6_21variant_internal_nodeISJ_SM_SH_S13_SR_EEEENS_12disable_if_cIXaaLb0Esr7is_sameIT_S1B_EE5valueEvE4typeEOS1B_i called 21588 returned 100% blocks executed 100%
function _ZN5boost6detail7variant14invoke_visitorINS_8geometry5index6detail5rtree8visitors5rstar12level_insertILm1ENS6_8ptr_pairINS3_5model3boxINSB_5pointIfLm2ENS3_2cs9cartesianEEEEEPNS_7variantINS6_12variant_leafISt4pairISH_SK_ISG_SG_EENS4_5rstarILm16ELm4ELm4ELm32EEESH_NS6_10allocatorsINS_9container13new_allocatorISM_EESM_SO_SH_NS6_23node_variant_static_tagEEEST_EEJNS6_21variant_internal_nodeISM_SO_SH_SU_ST_EEEEEEESM_NS6_7optionsISO_NS6_19insert_reinsert_tagENS6_26choose_by_overlap_diff_tagENS6_17split_default_tagENS6_9rstar_tagEST_EENS5_10translatorINS4_9indexableISM_EENS4_8equal_toISM_EEEESH_SU_EELb0EE14internal_visitIRSV_EENS_12disable_if_cIXaaLb0Esr7is_sameIT_S1I_EE5valueEvE4typeEOS1I_i called 0 returned 0% blocks executed 0%
function _ZN5boost6detail7variant14invoke_visitorINS_8geometry5index6detail5rtree8visitors5rstar12level_insertILm1ENS6_8ptr_pairINS3_5model3boxINSB_5pointIfLm2ENS3_2cs9cartesianEEEEEPNS_7variantINS6_12variant_leafISt4pairISH_SK_ISG_SG_EENS4_5rstarILm16ELm4ELm4ELm32EEESH_NS6_10allocatorsINS_9container13new_allocatorISM_EESM_SO_SH_NS6_23node_variant_static_tagEEEST_EEJNS6_21variant_internal_nodeISM_SO_SH_SU_ST_EEEEEEESM_NS6_7optionsISO_NS6_19insert_reinsert_tagENS6_26choose_by_overlap_diff_tagENS6_17split_default_tagENS6_9rstar_tagEST_EENS5_10translatorINS4_9indexableISM_EENS4_8equal_toISM_EEEESH_SU_EELb0EE14internal_visitIRSX_EENS_12disable_if_cIXaaLb0Esr7is_sameIT_S1I_EE5valueEvE4typeEOS1I_i called 0 returned 0% blocks executed 0%
  2918381: 1056:    typename disable_if_c<MoveSemantics && is_same<T, T>::value, result_type>::type internal_visit(T&& operand, int)
        -: 1057:    {
  2918381: 1058:        return visitor_(operand);
        -: 1059:    }
        -: 1060:
        -: 1061:#else
        -: 1062:
        -: 1063:    template <typename T>
        -: 1064:    result_type internal_visit(T& operand, int)
        -: 1065:    {
        -: 1066:        return visitor_(operand);
        -: 1067:    }
        -: 1068:
        -: 1069:#   if BOOST_WORKAROUND(__BORLANDC__, BOOST_TESTED_AT(0x0564))
        -: 1070:    template <typename T>
        -: 1071:    result_type internal_visit(const T& operand, int)
        -: 1072:    {
        -: 1073:        return visitor_(operand);
        -: 1074:    }
        -: 1075:#   endif //BORLAND
        -: 1076:
        -: 1077:#endif //RVALUE REFERENCES
        -: 1078:
        -: 1079:#else // defined(BOOST_NO_VOID_RETURNS)
        -: 1080:
        -: 1081:private: // helpers, for internal visitor interfaces (below)
        -: 1082:
        -: 1083:#ifndef BOOST_NO_CXX11_RVALUE_REFERENCES
        -: 1084:
        -: 1085:    //using workaround with is_same<T, T> to prenvent compilation error, because we need to use T in enable_if to make SFINAE work
        -: 1086:    template <typename T>
        -: 1087:        typename enable_if<mpl::and_<MoveSemantics && is_same<T, T>::value>, BOOST_VARIANT_AUX_GENERIC_RESULT_TYPE(result_type)>::type
        -: 1088:    visit_impl(T&& operand, mpl::false_)
        -: 1089:    {
        -: 1090:        return visitor_(::boost::move(operand));
        -: 1091:    }
        -: 1092:
        -: 1093:    //using workaround with is_same<T, T> to prenvent compilation error, because we need to use T in enable_if to make SFINAE work
        -: 1094:    template <typename T>
        -: 1095:        typename enable_if_c<MoveSemantics && is_same<T, T>::value, BOOST_VARIANT_AUX_RETURN_VOID_TYPE>::type
        -: 1096:    visit_impl(T&& operand, mpl::true_)
        -: 1097:    {
        -: 1098:        visitor_(::boost::move(operand));
        -: 1099:        BOOST_VARIANT_AUX_RETURN_VOID;
        -: 1100:    }
        -: 1101:
        -: 1102:    //using workaround with is_same<T, T> to prenvent compilation error, because we need to use T in enable_if to make SFINAE work
        -: 1103:    template <typename T>
        -: 1104:        typename disable_if_c<MoveSemantics && is_same<T, T>::value, BOOST_VARIANT_AUX_GENERIC_RESULT_TYPE(result_type)>::type
        -: 1105:    visit_impl(T&& operand, mpl::false_)
        -: 1106:    {
        -: 1107:        return visitor_(operand);
        -: 1108:    }
        -: 1109:
        -: 1110:    //using workaround with is_same<T, T> to prenvent compilation error, because we need to use T in enable_if to make SFINAE work
        -: 1111:    template <typename T>
        -: 1112:        typename disable_if<MoveSemantics && is_same<T, T>::value, BOOST_VARIANT_AUX_RETURN_VOID_TYPE>::type
        -: 1113:    visit_impl(T&& operand, mpl::true_)
        -: 1114:    {
        -: 1115:        visitor_(operand);
        -: 1116:        BOOST_VARIANT_AUX_RETURN_VOID;
        -: 1117:    }
        -: 1118:
        -: 1119:#else
        -: 1120:
        -: 1121:    template <typename T>
        -: 1122:        BOOST_VARIANT_AUX_GENERIC_RESULT_TYPE(result_type)
        -: 1123:    visit_impl(T& operand, mpl::false_)
        -: 1124:    {
        -: 1125:        return visitor_(operand);
        -: 1126:    }
        -: 1127:
        -: 1128:    template <typename T>
        -: 1129:        BOOST_VARIANT_AUX_RETURN_VOID_TYPE
        -: 1130:    visit_impl(T& operand, mpl::true_)
        -: 1131:    {
        -: 1132:        visitor_(operand);
        -: 1133:        BOOST_VARIANT_AUX_RETURN_VOID;
        -: 1134:    }
        -: 1135:
        -: 1136:#endif //RVALUE_REFERENCES
        -: 1137:
        -: 1138:public: // internal visitor interfaces
        -: 1139:
        -: 1140:    template <typename T>
        -: 1141:        BOOST_VARIANT_AUX_GENERIC_RESULT_TYPE(result_type)
        -: 1142:    internal_visit(T& operand, int)
        -: 1143:    {
        -: 1144:        typedef typename is_same<result_type, void>::type
        -: 1145:            has_void_result_type;
        -: 1146:
        -: 1147:        return visit_impl(operand, has_void_result_type());
        -: 1148:    }
        -: 1149:
        -: 1150:#endif // BOOST_NO_VOID_RETURNS) workaround
        -: 1151:
        -: 1152:public: // internal visitor interfaces, cont.
        -: 1153:
        -: 1154:    template <typename T>
        -: 1155:        BOOST_VARIANT_AUX_GENERIC_RESULT_TYPE(result_type)
        -: 1156:    internal_visit(boost::recursive_wrapper<T>& operand, long)
        -: 1157:    {
        -: 1158:        return internal_visit( operand.get(), 1L );
        -: 1159:    }
        -: 1160:
        -: 1161:    template <typename T>
        -: 1162:        BOOST_VARIANT_AUX_GENERIC_RESULT_TYPE(result_type)
        -: 1163:    internal_visit(const boost::recursive_wrapper<T>& operand, long)
        -: 1164:    {
        -: 1165:        return internal_visit( operand.get(), 1L );
        -: 1166:    }
        -: 1167:
        -: 1168:    template <typename T>
        -: 1169:        BOOST_VARIANT_AUX_GENERIC_RESULT_TYPE(result_type)
        -: 1170:    internal_visit(boost::detail::reference_content<T>& operand, long)
        -: 1171:    {
        -: 1172:        return internal_visit( operand.get(), 1L );
        -: 1173:    }
        -: 1174:
        -: 1175:    template <typename T>
        -: 1176:        BOOST_VARIANT_AUX_GENERIC_RESULT_TYPE(result_type)
        -: 1177:    internal_visit(const boost::detail::reference_content<T>& operand, long)
        -: 1178:    {
        -: 1179:        return internal_visit( operand.get(), 1L );
        -: 1180:    }
        -: 1181:
        -: 1182:    template <typename T>
        -: 1183:        BOOST_VARIANT_AUX_GENERIC_RESULT_TYPE(result_type)
function _ZN5boost6detail7variant14invoke_visitorINS_8geometry5index6detail5rtree8visitors13spatial_queryISt4pairINS3_5model3boxINSA_5pointIfLm2ENS3_2cs9cartesianEEEEES9_ISF_SF_EENS6_7optionsINS4_5rstarILm16ELm4ELm4ELm32EEENS6_19insert_reinsert_tagENS6_26choose_by_overlap_diff_tagENS6_17split_default_tagENS6_9rstar_tagENS6_23node_variant_static_tagEEENS5_10translatorINS4_9indexableISI_EENS4_8equal_toISI_EEEESG_NS6_10allocatorsINS_9container13new_allocatorISI_EESI_SL_SG_SQ_EENS5_10predicates17spatial_predicateISG_NS13_14intersects_tagELb0EEESt20back_insert_iteratorISt6vectorISI_SaISI_EEEEELb0EE14internal_visitINS6_12variant_leafISI_SL_SG_S12_SQ_EEEEvRNS1_13backup_holderIT_EEl called 0 returned 0% blocks executed 0%
function _ZN5boost6detail7variant14invoke_visitorINS_8geometry5index6detail5rtree8visitors13spatial_queryISt4pairINS3_5model3boxINSA_5pointIfLm2ENS3_2cs9cartesianEEEEES9_ISF_SF_EENS6_7optionsINS4_5rstarILm16ELm4ELm4ELm32EEENS6_19insert_reinsert_tagENS6_26choose_by_overlap_diff_tagENS6_17split_default_tagENS6_9rstar_tagENS6_23node_variant_static_tagEEENS5_10translatorINS4_9indexableISI_EENS4_8equal_toISI_EEEESG_NS6_10allocatorsINS_9container13new_allocatorISI_EESI_SL_SG_SQ_EENS5_10predicates17spatial_predicateISG_NS13_14intersects_tagELb0EEESt20back_insert_iteratorISt6vectorISI_SaISI_EEEEELb0EE14internal_visitINS6_21variant_internal_nodeISI_SL_SG_S12_SQ_EEEEvRNS1_13backup_holderIT_EEl called 0 returned 0% blocks executed 0%
function _ZN5boost6detail7variant14invoke_visitorINS_8geometry5index6detail5rtree8visitors7destroyISt4pairINS3_5model3boxINSA_5pointIfLm2ENS3_2cs9cartesianEEEEES9_ISF_SF_EENS6_7optionsINS4_5rstarILm16ELm4ELm4ELm32EEENS6_19insert_reinsert_tagENS6_26choose_by_overlap_diff_tagENS6_17split_default_tagENS6_9rstar_tagENS6_23node_variant_static_tagEEENS5_10translatorINS4_9indexableISI_EENS4_8equal_toISI_EEEESG_NS6_10allocatorsINS_9container13new_allocatorISI_EESI_SL_SG_SQ_EEEELb0EE14internal_visitINS6_12variant_leafISI_SL_SG_S12_SQ_EEEEvRNS1_13backup_holderIT_EEl called 0 returned 0% blocks executed 0%
function _ZN5boost6detail7variant14invoke_visitorINS1_11get_visitorINS_8geometry5index6detail5rtree12variant_leafISt4pairINS4_5model3boxINSA_5pointIfLm2ENS4_2cs9cartesianEEEEES9_ISF_SF_EENS5_5rstarILm16ELm4ELm4ELm32EEESG_NS7_10allocatorsINS_9container13new_allocatorISI_EESI_SK_SG_NS7_23node_variant_static_tagEEESP_EEEELb0EE14internal_visitISR_EEPSR_RNS1_13backup_holderIT_EEl called 0 returned 0% blocks executed 0%
function _ZN5boost6detail7variant14invoke_visitorINS1_11get_visitorINS_8geometry5index6detail5rtree12variant_leafISt4pairINS4_5model3boxINSA_5pointIfLm2ENS4_2cs9cartesianEEEEES9_ISF_SF_EENS5_5rstarILm16ELm4ELm4ELm32EEESG_NS7_10allocatorsINS_9container13new_allocatorISI_EESI_SK_SG_NS7_23node_variant_static_tagEEESP_EEEELb0EE14internal_visitINS7_21variant_internal_nodeISI_SK_SG_SQ_SP_EEEEPSR_RNS1_13backup_holderIT_EEl called 0 returned 0% blocks executed 0%
function _ZN5boost6detail7variant14invoke_visitorINS_8geometry5index6detail5rtree8visitors7destroyISt4pairINS3_5model3boxINSA_5pointIfLm2ENS3_2cs9cartesianEEEEES9_ISF_SF_EENS6_7optionsINS4_5rstarILm16ELm4ELm4ELm32EEENS6_19insert_reinsert_tagENS6_26choose_by_overlap_diff_tagENS6_17split_default_tagENS6_9rstar_tagENS6_23node_variant_static_tagEEENS5_10translatorINS4_9indexableISI_EENS4_8equal_toISI_EEEESG_NS6_10allocatorsINS_9container13new_allocatorISI_EESI_SL_SG_SQ_EEEELb0EE14internal_visitINS6_21variant_internal_nodeISI_SL_SG_S12_SQ_EEEEvRNS1_13backup_holderIT_EEl called 0 returned 0% blocks executed 0%
function _ZN5boost6detail7variant14invoke_visitorINS1_11get_visitorINS_8geometry5index6detail5rtree21variant_internal_nodeISt4pairINS4_5model3boxINSA_5pointIfLm2ENS4_2cs9cartesianEEEEES9_ISF_SF_EENS5_5rstarILm16ELm4ELm4ELm32EEESG_NS7_10allocatorsINS_9container13new_allocatorISI_EESI_SK_SG_NS7_23node_variant_static_tagEEESP_EEEELb0EE14internal_visitINS7_12variant_leafISI_SK_SG_SQ_SP_EEEEPSR_RNS1_13backup_holderIT_EEl called 0 returned 0% blocks executed 0%
function _ZN5boost6detail7variant14invoke_visitorINS1_11get_visitorINS_8geometry5index6detail5rtree21variant_internal_nodeISt4pairINS4_5model3boxINSA_5pointIfLm2ENS4_2cs9cartesianEEEEES9_ISF_SF_EENS5_5rstarILm16ELm4ELm4ELm32EEESG_NS7_10allocatorsINS_9container13new_allocatorISI_EESI_SK_SG_NS7_23node_variant_static_tagEEESP_EEEELb0EE14internal_visitISR_EEPSR_RNS1_13backup_holderIT_EEl called 0 returned 0% blocks executed 0%
function _ZN5boost6detail7variant14invoke_visitorINS_8geometry5index6detail5rtree8visitors6insertISt4pairINS3_5model3boxINSA_5pointIfLm2ENS3_2cs9cartesianEEEEES9_ISF_SF_EESI_NS6_7optionsINS4_5rstarILm16ELm4ELm4ELm32EEENS6_19insert_reinsert_tagENS6_26choose_by_overlap_diff_tagENS6_17split_default_tagENS6_9rstar_tagENS6_23node_variant_static_tagEEENS5_10translatorINS4_9indexableISI_EENS4_8equal_toISI_EEEESG_NS6_10allocatorsINS_9container13new_allocatorISI_EESI_SL_SG_SQ_EESM_EELb0EE14internal_visitINS6_12variant_leafISI_SL_SG_S12_SQ_EEEEvRNS1_13backup_holderIT_EEl called 0 returned 0% blocks executed 0%
function _ZN5boost6detail7variant14invoke_visitorINS_8geometry5index6detail5rtree8visitors5rstar12level_insertILm0ESt4pairINS3_5model3boxINSB_5pointIfLm2ENS3_2cs9cartesianEEEEESA_ISG_SG_EESJ_NS6_7optionsINS4_5rstarILm16ELm4ELm4ELm32EEENS6_19insert_reinsert_tagENS6_26choose_by_overlap_diff_tagENS6_17split_default_tagENS6_9rstar_tagENS6_23node_variant_static_tagEEENS5_10translatorINS4_9indexableISJ_EENS4_8equal_toISJ_EEEESH_NS6_10allocatorsINS_9container13new_allocatorISJ_EESJ_SM_SH_SR_EEEELb0EE14internal_visitINS6_12variant_leafISJ_SM_SH_S13_SR_EEEEvRNS1_13backup_holderIT_EEl called 0 returned 0% blocks executed 0%
function _ZN5boost6detail7variant14invoke_visitorINS_8geometry5index6detail5rtree8visitors5rstar12level_insertILm0ESt4pairINS3_5model3boxINSB_5pointIfLm2ENS3_2cs9cartesianEEEEESA_ISG_SG_EESJ_NS6_7optionsINS4_5rstarILm16ELm4ELm4ELm32EEENS6_19insert_reinsert_tagENS6_26choose_by_overlap_diff_tagENS6_17split_default_tagENS6_9rstar_tagENS6_23node_variant_static_tagEEENS5_10translatorINS4_9indexableISJ_EENS4_8equal_toISJ_EEEESH_NS6_10allocatorsINS_9container13new_allocatorISJ_EESJ_SM_SH_SR_EEEELb0EE14internal_visitINS6_21variant_internal_nodeISJ_SM_SH_S13_SR_EEEEvRNS1_13backup_holderIT_EEl called 0 returned 0% blocks executed 0%
function _ZN5boost6detail7variant14invoke_visitorINS_8geometry5index6detail5rtree8visitors6insertISt4pairINS3_5model3boxINSA_5pointIfLm2ENS3_2cs9cartesianEEEEES9_ISF_SF_EESI_NS6_7optionsINS4_5rstarILm16ELm4ELm4ELm32EEENS6_19insert_reinsert_tagENS6_26choose_by_overlap_diff_tagENS6_17split_default_tagENS6_9rstar_tagENS6_23node_variant_static_tagEEENS5_10translatorINS4_9indexableISI_EENS4_8equal_toISI_EEEESG_NS6_10allocatorsINS_9container13new_allocatorISI_EESI_SL_SG_SQ_EENS6_18insert_default_tagEEELb0EE14internal_visitINS6_12variant_leafISI_SL_SG_S12_SQ_EEEEvRNS1_13backup_holderIT_EEl called 0 returned 0% blocks executed 0%
function _ZN5boost6detail7variant14invoke_visitorINS_8geometry5index6detail5rtree8visitors6insertISt4pairINS3_5model3boxINSA_5pointIfLm2ENS3_2cs9cartesianEEEEES9_ISF_SF_EESI_NS6_7optionsINS4_5rstarILm16ELm4ELm4ELm32EEENS6_19insert_reinsert_tagENS6_26choose_by_overlap_diff_tagENS6_17split_default_tagENS6_9rstar_tagENS6_23node_variant_static_tagEEENS5_10translatorINS4_9indexableISI_EENS4_8equal_toISI_EEEESG_NS6_10allocatorsINS_9container13new_allocatorISI_EESI_SL_SG_SQ_EENS6_18insert_default_tagEEELb0EE14internal_visitINS6_21variant_internal_nodeISI_SL_SG_S12_SQ_EEEEvRNS1_13backup_holderIT_EEl called 0 returned 0% blocks executed 0%
function _ZN5boost6detail7variant14invoke_visitorINS_8geometry5index6detail5rtree8visitors6insertISt4pairINS3_5model3boxINSA_5pointIfLm2ENS3_2cs9cartesianEEEEES9_ISF_SF_EESI_NS6_7optionsINS4_5rstarILm16ELm4ELm4ELm32EEENS6_19insert_reinsert_tagENS6_26choose_by_overlap_diff_tagENS6_17split_default_tagENS6_9rstar_tagENS6_23node_variant_static_tagEEENS5_10translatorINS4_9indexableISI_EENS4_8equal_toISI_EEEESG_NS6_10allocatorsINS_9container13new_allocatorISI_EESI_SL_SG_SQ_EESM_EELb0EE14internal_visitINS6_21variant_internal_nodeISI_SL_SG_S12_SQ_EEEEvRNS1_13backup_holderIT_EEl called 0 returned 0% blocks executed 0%
[...]
function _ZN5boost7variantINS_8geometry5index6detail5rtree12variant_leafISt4pairINS1_5model3boxINS7_5pointIfLm2ENS1_2cs9cartesianEEEEES6_ISC_SC_EENS2_5rstarILm16ELm4ELm4ELm32EEESD_NS4_10allocatorsINS_9container13new_allocatorISF_EESF_SH_SD_NS4_23node_variant_static_tagEEESM_EEJNS4_21variant_internal_nodeISF_SH_SD_SN_SM_EEEE27internal_apply_visitor_implINS_6detail7variant14invoke_visitorINS4_8visitors5rstar12level_insertILm1ESF_SF_NS4_7optionsISH_NS4_19insert_reinsert_tagENS4_26choose_by_overlap_diff_tagENS4_17split_default_tagENS4_9rstar_tagESM_EENS3_10translatorINS2_9indexableISF_EENS2_8equal_toISF_EEEESD_SN_EELb0EEEPvEENT_11result_typeEiiRS1E_T0_ called 43176 returned 100% blocks executed 100%
function _ZN5boost7variantINS_8geometry5index6detail5rtree12variant_leafISt4pairINS1_5model3boxINS7_5pointIfLm2ENS1_2cs9cartesianEEEEES6_ISC_SC_EENS2_5rstarILm16ELm4ELm4ELm32EEESD_NS4_10allocatorsINS_9container13new_allocatorISF_EESF_SH_SD_NS4_23node_variant_static_tagEEESM_EEJNS4_21variant_internal_nodeISF_SH_SD_SN_SM_EEEE27internal_apply_visitor_implINS_6detail7variant14invoke_visitorINS4_8visitors5rstar12level_insertILm1ENS4_8ptr_pairISD_PSR_EESF_NS4_7optionsISH_NS4_19insert_reinsert_tagENS4_26choose_by_overlap_diff_tagENS4_17split_default_tagENS4_9rstar_tagESM_EENS3_10translatorINS2_9indexableISF_EENS2_8equal_toISF_EEEESD_SN_EELb0EEEPvEENT_11result_typeEiiRS1H_T0_ called 0 returned 0% blocks executed 0%
  2925668: 2437:    internal_apply_visitor_impl(
        -: 2438:          int internal_which
        -: 2439:        , int logical_which
        -: 2440:        , Visitor& visitor
        -: 2441:        , VoidPtrCV storage
        -: 2442:        )
        -: 2443:    {
        -: 2444:        typedef mpl::int_<0> first_which;
        -: 2445:        typedef typename mpl::begin<internal_types>::type first_it;
        -: 2446:        typedef typename mpl::end<internal_types>::type last_it;
        -: 2447:
        -: 2448:        typedef detail::variant::visitation_impl_step<
        -: 2449:              first_it, last_it
        -: 2450:            > first_step;
        -: 2451:
  2925668: 2452:        return detail::variant::visitation_impl(
  2925668: 2453:              internal_which, logical_which
  2925668: 2454:            , visitor, storage, mpl::false_()
        -: 2455:            , never_uses_backup_flag()
        -: 2456:            , static_cast<first_which*>(0), static_cast<first_step*>(0)
        -: 2457:            );
        -: 2458:    }
        -: 2459:
        -: 2460:    template <typename Visitor>
        -: 2461:        BOOST_VARIANT_AUX_GENERIC_RESULT_TYPE(
        -: 2462:              typename Visitor::result_type
        -: 2463:            )
function _ZN5boost7variantINS_8geometry5index6detail5rtree12variant_leafISt4pairINS1_5model3boxINS7_5pointIfLm2ENS1_2cs9cartesianEEEEES6_ISC_SC_EENS2_5rstarILm16ELm4ELm4ELm32EEESD_NS4_10allocatorsINS_9container13new_allocatorISF_EESF_SH_SD_NS4_23node_variant_static_tagEEESM_EEJNS4_21variant_internal_nodeISF_SH_SD_SN_SM_EEEE22internal_apply_visitorINS_6detail7variant14invoke_visitorINS4_8visitors13spatial_queryISF_NS4_7optionsISH_NS4_19insert_reinsert_tagENS4_26choose_by_overlap_diff_tagENS4_17split_default_tagENS4_9rstar_tagESM_EENS3_10translatorINS2_9indexableISF_EENS2_8equal_toISF_EEEESD_SN_NS3_10predicates17spatial_predicateISD_NS1A_14intersects_tagELb0EEESt20back_insert_iteratorISt6vectorISF_SaISF_EEEEELb0EEEEENT_11result_typeERS1L_ called 2603798 returned 100% blocks executed 100%
function _ZN5boost7variantINS_8geometry5index6detail5rtree12variant_leafISt4pairINS1_5model3boxINS7_5pointIfLm2ENS1_2cs9cartesianEEEEES6_ISC_SC_EENS2_5rstarILm16ELm4ELm4ELm32EEESD_NS4_10allocatorsINS_9container13new_allocatorISF_EESF_SH_SD_NS4_23node_variant_static_tagEEESM_EEJNS4_21variant_internal_nodeISF_SH_SD_SN_SM_EEEE22internal_apply_visitorINS_6detail7variant14invoke_visitorINS4_8visitors7destroyISF_NS4_7optionsISH_NS4_19insert_reinsert_tagENS4_26choose_by_overlap_diff_tagENS4_17split_default_tagENS4_9rstar_tagESM_EENS3_10translatorINS2_9indexableISF_EENS2_8equal_toISF_EEEESD_SN_EELb0EEEEENT_11result_typeERS1C_ called 7950 returned 100% blocks executed 100%
function _ZN5boost7variantINS_8geometry5index6detail5rtree12variant_leafISt4pairINS1_5model3boxINS7_5pointIfLm2ENS1_2cs9cartesianEEEEES6_ISC_SC_EENS2_5rstarILm16ELm4ELm4ELm32EEESD_NS4_10allocatorsINS_9container13new_allocatorISF_EESF_SH_SD_NS4_23node_variant_static_tagEEESM_EEJNS4_21variant_internal_nodeISF_SH_SD_SN_SM_EEEE22internal_apply_visitorINS_6detail7variant14invoke_visitorINSU_11get_visitorISO_EELb0EEEEENT_11result_typeERSZ_ called 40292 returned 100% blocks executed 100%
function _ZN5boost7variantINS_8geometry5index6detail5rtree12variant_leafISt4pairINS1_5model3boxINS7_5pointIfLm2ENS1_2cs9cartesianEEEEES6_ISC_SC_EENS2_5rstarILm16ELm4ELm4ELm32EEESD_NS4_10allocatorsINS_9container13new_allocatorISF_EESF_SH_SD_NS4_23node_variant_static_tagEEESM_EEJNS4_21variant_internal_nodeISF_SH_SD_SN_SM_EEEE22internal_apply_visitorINS_6detail7variant9destroyerEEENT_11result_typeERSW_ called 7950 returned 100% blocks executed 100%
function _ZN5boost7variantINS_8geometry5index6detail5rtree12variant_leafISt4pairINS1_5model3boxINS7_5pointIfLm2ENS1_2cs9cartesianEEEEES6_ISC_SC_EENS2_5rstarILm16ELm4ELm4ELm32EEESD_NS4_10allocatorsINS_9container13new_allocatorISF_EESF_SH_SD_NS4_23node_variant_static_tagEEESM_EEJNS4_21variant_internal_nodeISF_SH_SD_SN_SM_EEEE22internal_apply_visitorINS_6detail7variant14invoke_visitorINSU_11get_visitorISQ_EELb0EEEEENT_11result_typeERSZ_ called 45905 returned 100% blocks executed 100%
function _ZN5boost7variantINS_8geometry5index6detail5rtree12variant_leafISt4pairINS1_5model3boxINS7_5pointIfLm2ENS1_2cs9cartesianEEEEES6_ISC_SC_EENS2_5rstarILm16ELm4ELm4ELm32EEESD_NS4_10allocatorsINS_9container13new_allocatorISF_EESF_SH_SD_NS4_23node_variant_static_tagEEESM_EEJNS4_21variant_internal_nodeISF_SH_SD_SN_SM_EEEE22internal_apply_visitorINS_6detail7variant14invoke_visitorINS4_8visitors6insertISF_SF_NS4_7optionsISH_NS4_19insert_reinsert_tagENS4_26choose_by_overlap_diff_tagENS4_17split_default_tagENS4_9rstar_tagESM_EENS3_10translatorINS2_9indexableISF_EENS2_8equal_toISF_EEEESD_SN_SZ_EELb0EEEEENT_11result_typeERS1C_ called 68008 returned 100% blocks executed 100%
function _ZN5boost7variantINS_8geometry5index6detail5rtree12variant_leafISt4pairINS1_5model3boxINS7_5pointIfLm2ENS1_2cs9cartesianEEEEES6_ISC_SC_EENS2_5rstarILm16ELm4ELm4ELm32EEESD_NS4_10allocatorsINS_9container13new_allocatorISF_EESF_SH_SD_NS4_23node_variant_static_tagEEESM_EEJNS4_21variant_internal_nodeISF_SH_SD_SN_SM_EEEE22internal_apply_visitorINS_6detail7variant14invoke_visitorINS4_8visitors5rstar12level_insertILm0ESF_SF_NS4_7optionsISH_NS4_19insert_reinsert_tagENS4_26choose_by_overlap_diff_tagENS4_17split_default_tagENS4_9rstar_tagESM_EENS3_10translatorINS2_9indexableISF_EENS2_8equal_toISF_EEEESD_SN_EELb0EEEEENT_11result_typeERS1D_ called 109950 returned 100% blocks executed 100%
function _ZN5boost7variantINS_8geometry5index6detail5rtree12variant_leafISt4pairINS1_5model3boxINS7_5pointIfLm2ENS1_2cs9cartesianEEEEES6_ISC_SC_EENS2_5rstarILm16ELm4ELm4ELm32EEESD_NS4_10allocatorsINS_9container13new_allocatorISF_EESF_SH_SD_NS4_23node_variant_static_tagEEESM_EEJNS4_21variant_internal_nodeISF_SH_SD_SN_SM_EEEE22internal_apply_visitorINS_6detail7variant14invoke_visitorINS4_8visitors6insertISF_SF_NS4_7optionsISH_NS4_19insert_reinsert_tagENS4_26choose_by_overlap_diff_tagENS4_17split_default_tagENS4_9rstar_tagESM_EENS3_10translatorINS2_9indexableISF_EENS2_8equal_toISF_EEEESD_SN_NS4_18insert_default_tagEEELb0EEEEENT_11result_typeERS1D_ called 0 returned 0% blocks executed 0%
function _ZN5boost7variantINS_8geometry5index6detail5rtree12variant_leafISt4pairINS1_5model3boxINS7_5pointIfLm2ENS1_2cs9cartesianEEEEES6_ISC_SC_EENS2_5rstarILm16ELm4ELm4ELm32EEESD_NS4_10allocatorsINS_9container13new_allocatorISF_EESF_SH_SD_NS4_23node_variant_static_tagEEESM_EEJNS4_21variant_internal_nodeISF_SH_SD_SN_SM_EEEE22internal_apply_visitorINS_6detail7variant14invoke_visitorINS4_8visitors5rstar12level_insertILm1ESF_SF_NS4_7optionsISH_NS4_19insert_reinsert_tagENS4_26choose_by_overlap_diff_tagENS4_17split_default_tagENS4_9rstar_tagESM_EENS3_10translatorINS2_9indexableISF_EENS2_8equal_toISF_EEEESD_SN_EELb0EEEEENT_11result_typeERS1D_ called 43176 returned 100% blocks executed 100%
function _ZN5boost7variantINS_8geometry5index6detail5rtree12variant_leafISt4pairINS1_5model3boxINS7_5pointIfLm2ENS1_2cs9cartesianEEEEES6_ISC_SC_EENS2_5rstarILm16ELm4ELm4ELm32EEESD_NS4_10allocatorsINS_9container13new_allocatorISF_EESF_SH_SD_NS4_23node_variant_static_tagEEESM_EEJNS4_21variant_internal_nodeISF_SH_SD_SN_SM_EEEE22internal_apply_visitorINS_6detail7variant14invoke_visitorINS4_8visitors5rstar12level_insertILm1ENS4_8ptr_pairISD_PSR_EESF_NS4_7optionsISH_NS4_19insert_reinsert_tagENS4_26choose_by_overlap_diff_tagENS4_17split_default_tagENS4_9rstar_tagESM_EENS3_10translatorINS2_9indexableISF_EENS2_8equal_toISF_EEEESD_SN_EELb0EEEEENT_11result_typeERS1G_ called 0 returned 0% blocks executed 0%
  2927029: 2464:    internal_apply_visitor(Visitor& visitor)
        -: 2465:    {
  2927029: 2466:        return internal_apply_visitor_impl(
  2927029: 2467:              which_, which(), visitor, storage_.address()
        -: 2468:            );
        -: 2469:    }
        -: 2470:
        -: 2471:    template <typename Visitor>
        -: 2472:        BOOST_VARIANT_AUX_GENERIC_RESULT_TYPE(
        -: 2473:              typename Visitor::result_type
        -: 2474:            )
        -: 2475:    internal_apply_visitor(Visitor& visitor) const
        -: 2476:    {
        -: 2477:        return internal_apply_visitor_impl(
        -: 2478:              which_, which(), visitor, storage_.address()
        -: 2479:            );
        -: 2480:    }
        -: 2481:
        -: 2482:public: // visitation support
        -: 2483:
        -: 2484:#ifndef BOOST_NO_CXX11_REF_QUALIFIERS
        -: 2485:
        -: 2486:    template <typename Visitor>
        -: 2487:        BOOST_VARIANT_AUX_GENERIC_RESULT_TYPE(
        -: 2488:              typename Visitor::result_type
        -: 2489:            )
        -: 2490:    apply_visitor(Visitor& visitor) &&
        -: 2491:    {
        -: 2492:        detail::variant::invoke_visitor<Visitor, true> invoker(visitor);
        -: 2493:        return this->internal_apply_visitor(invoker);
        -: 2494:    }
        -: 2495:
        -: 2496:    template <typename Visitor>
        -: 2497:        BOOST_VARIANT_AUX_GENERIC_RESULT_TYPE(
        -: 2498:              typename Visitor::result_type
        -: 2499:            )
        -: 2500:    apply_visitor(Visitor& visitor) const&&
        -: 2501:    {
        -: 2502:        detail::variant::invoke_visitor<Visitor, true> invoker(visitor);
        -: 2503:        return this->internal_apply_visitor(invoker);
        -: 2504:    }
        -: 2505:
        -: 2506:#endif
        -: 2507:
        -: 2508:    template <typename Visitor>
        -: 2509:        BOOST_VARIANT_AUX_GENERIC_RESULT_TYPE(
        -: 2510:              typename Visitor::result_type
        -: 2511:            )
function _ZNR5boost7variantINS_8geometry5index6detail5rtree12variant_leafISt4pairINS1_5model3boxINS7_5pointIfLm2ENS1_2cs9cartesianEEEEES6_ISC_SC_EENS2_5rstarILm16ELm4ELm4ELm32EEESD_NS4_10allocatorsINS_9container13new_allocatorISF_EESF_SH_SD_NS4_23node_variant_static_tagEEESM_EEJNS4_21variant_internal_nodeISF_SH_SD_SN_SM_EEEE13apply_visitorINS4_8visitors13spatial_queryISF_NS4_7optionsISH_NS4_19insert_reinsert_tagENS4_26choose_by_overlap_diff_tagENS4_17split_default_tagENS4_9rstar_tagESM_EENS3_10translatorINS2_9indexableISF_EENS2_8equal_toISF_EEEESD_SN_NS3_10predicates17spatial_predicateISD_NS17_14intersects_tagELb0EEESt20back_insert_iteratorISt6vectorISF_SaISF_EEEEEEENT_11result_typeERS1H_ called 2603750 returned 100% blocks executed 100%
function _ZNR5boost7variantINS_8geometry5index6detail5rtree12variant_leafISt4pairINS1_5model3boxINS7_5pointIfLm2ENS1_2cs9cartesianEEEEES6_ISC_SC_EENS2_5rstarILm16ELm4ELm4ELm32EEESD_NS4_10allocatorsINS_9container13new_allocatorISF_EESF_SH_SD_NS4_23node_variant_static_tagEEESM_EEJNS4_21variant_internal_nodeISF_SH_SD_SN_SM_EEEE13apply_visitorINS4_8visitors7destroyISF_NS4_7optionsISH_NS4_19insert_reinsert_tagENS4_26choose_by_overlap_diff_tagENS4_17split_default_tagENS4_9rstar_tagESM_EENS3_10translatorINS2_9indexableISF_EENS2_8equal_toISF_EEEESD_SN_EEEENT_11result_typeERS18_ called 7950 returned 100% blocks executed 100%
function _ZNR5boost7variantINS_8geometry5index6detail5rtree12variant_leafISt4pairINS1_5model3boxINS7_5pointIfLm2ENS1_2cs9cartesianEEEEES6_ISC_SC_EENS2_5rstarILm16ELm4ELm4ELm32EEESD_NS4_10allocatorsINS_9container13new_allocatorISF_EESF_SH_SD_NS4_23node_variant_static_tagEEESM_EEJNS4_21variant_internal_nodeISF_SH_SD_SN_SM_EEEE13apply_visitorINS_6detail7variant11get_visitorISO_EEEENT_11result_typeERSX_ called 40292 returned 100% blocks executed 100%
function _ZNR5boost7variantINS_8geometry5index6detail5rtree12variant_leafISt4pairINS1_5model3boxINS7_5pointIfLm2ENS1_2cs9cartesianEEEEES6_ISC_SC_EENS2_5rstarILm16ELm4ELm4ELm32EEESD_NS4_10allocatorsINS_9container13new_allocatorISF_EESF_SH_SD_NS4_23node_variant_static_tagEEESM_EEJNS4_21variant_internal_nodeISF_SH_SD_SN_SM_EEEE13apply_visitorINS_6detail7variant11get_visitorISQ_EEEENT_11result_typeERSX_ called 45906 returned 100% blocks executed 100%
function _ZNR5boost7variantINS_8geometry5index6detail5rtree12variant_leafISt4pairINS1_5model3boxINS7_5pointIfLm2ENS1_2cs9cartesianEEEEES6_ISC_SC_EENS2_5rstarILm16ELm4ELm4ELm32EEESD_NS4_10allocatorsINS_9container13new_allocatorISF_EESF_SH_SD_NS4_23node_variant_static_tagEEESM_EEJNS4_21variant_internal_nodeISF_SH_SD_SN_SM_EEEE13apply_visitorINS4_8visitors6insertISF_SF_NS4_7optionsISH_NS4_19insert_reinsert_tagENS4_26choose_by_overlap_diff_tagENS4_17split_default_tagENS4_9rstar_tagESM_EENS3_10translatorINS2_9indexableISF_EENS2_8equal_toISF_EEEESD_SN_SW_EEEENT_11result_typeERS18_ called 68008 returned 100% blocks executed 100%
function _ZNR5boost7variantINS_8geometry5index6detail5rtree12variant_leafISt4pairINS1_5model3boxINS7_5pointIfLm2ENS1_2cs9cartesianEEEEES6_ISC_SC_EENS2_5rstarILm16ELm4ELm4ELm32EEESD_NS4_10allocatorsINS_9container13new_allocatorISF_EESF_SH_SD_NS4_23node_variant_static_tagEEESM_EEJNS4_21variant_internal_nodeISF_SH_SD_SN_SM_EEEE13apply_visitorINS4_8visitors5rstar12level_insertILm0ESF_SF_NS4_7optionsISH_NS4_19insert_reinsert_tagENS4_26choose_by_overlap_diff_tagENS4_17split_default_tagENS4_9rstar_tagESM_EENS3_10translatorINS2_9indexableISF_EENS2_8equal_toISF_EEEESD_SN_EEEENT_11result_typeERS19_ called 109949 returned 100% blocks executed 100%
function _ZNR5boost7variantINS_8geometry5index6detail5rtree12variant_leafISt4pairINS1_5model3boxINS7_5pointIfLm2ENS1_2cs9cartesianEEEEES6_ISC_SC_EENS2_5rstarILm16ELm4ELm4ELm32EEESD_NS4_10allocatorsINS_9container13new_allocatorISF_EESF_SH_SD_NS4_23node_variant_static_tagEEESM_EEJNS4_21variant_internal_nodeISF_SH_SD_SN_SM_EEEE13apply_visitorINS4_8visitors6insertISF_SF_NS4_7optionsISH_NS4_19insert_reinsert_tagENS4_26choose_by_overlap_diff_tagENS4_17split_default_tagENS4_9rstar_tagESM_EENS3_10translatorINS2_9indexableISF_EENS2_8equal_toISF_EEEESD_SN_NS4_18insert_default_tagEEEEENT_11result_typeERS19_ called 0 returned 0% blocks executed 0%
function _ZNR5boost7variantINS_8geometry5index6detail5rtree12variant_leafISt4pairINS1_5model3boxINS7_5pointIfLm2ENS1_2cs9cartesianEEEEES6_ISC_SC_EENS2_5rstarILm16ELm4ELm4ELm32EEESD_NS4_10allocatorsINS_9container13new_allocatorISF_EESF_SH_SD_NS4_23node_variant_static_tagEEESM_EEJNS4_21variant_internal_nodeISF_SH_SD_SN_SM_EEEE13apply_visitorINS4_8visitors5rstar12level_insertILm1ESF_SF_NS4_7optionsISH_NS4_19insert_reinsert_tagENS4_26choose_by_overlap_diff_tagENS4_17split_default_tagENS4_9rstar_tagESM_EENS3_10translatorINS2_9indexableISF_EENS2_8equal_toISF_EEEESD_SN_EEEENT_11result_typeERS19_ called 43176 returned 100% blocks executed 100%
function _ZNR5boost7variantINS_8geometry5index6detail5rtree12variant_leafISt4pairINS1_5model3boxINS7_5pointIfLm2ENS1_2cs9cartesianEEEEES6_ISC_SC_EENS2_5rstarILm16ELm4ELm4ELm32EEESD_NS4_10allocatorsINS_9container13new_allocatorISF_EESF_SH_SD_NS4_23node_variant_static_tagEEESM_EEJNS4_21variant_internal_nodeISF_SH_SD_SN_SM_EEEE13apply_visitorINS4_8visitors5rstar12level_insertILm1ENS4_8ptr_pairISD_PSR_EESF_NS4_7optionsISH_NS4_19insert_reinsert_tagENS4_26choose_by_overlap_diff_tagENS4_17split_default_tagENS4_9rstar_tagESM_EENS3_10translatorINS2_9indexableISF_EENS2_8equal_toISF_EEEESD_SN_EEEENT_11result_typeERS1C_ called 0 returned 0% blocks executed 0%
  2919031: 2512:    apply_visitor(Visitor& visitor)
        -: 2513:#ifndef BOOST_NO_CXX11_REF_QUALIFIERS
        -: 2514:    &
        -: 2515:#endif
        -: 2516:    {
  2919031: 2517:        detail::variant::invoke_visitor<Visitor, false> invoker(visitor);
  2919031: 2518:        return this->internal_apply_visitor(invoker);
        -: 2519:    }
        -: 2520:
        -: 2521:    template <typename Visitor>
        -: 2522:        BOOST_VARIANT_AUX_GENERIC_RESULT_TYPE(
        -: 2523:              typename Visitor::result_type
        -: 2524:            )
        -: 2525:    apply_visitor(Visitor& visitor) const
        -: 2526:#ifndef BOOST_NO_CXX11_REF_QUALIFIERS
        -: 2527:    &
        -: 2528:#endif
        -: 2529:    {
        -: 2530:        detail::variant::invoke_visitor<Visitor, false> invoker(visitor);
        -: 2531:        return this->internal_apply_visitor(invoker);
        -: 2532:    }
        -: 2533:
        -: 2534:}; // class variant
        -: 2535:
        -: 2536:///////////////////////////////////////////////////////////////////////////////
        -: 2537:// metafunction make_variant_over
        -: 2538://
        -: 2539:// See docs and boost/variant/variant_fwd.hpp for more information.
        -: 2540://
        -: 2541:template <typename Types>
        -: 2542:struct make_variant_over
        -: 2543:{
        -: 2544:private: // precondition assertions
        -: 2545:
        -: 2546:    BOOST_STATIC_ASSERT(( ::boost::mpl::is_sequence<Types>::value ));
        -: 2547:    typedef typename boost::mpl::insert_range<
        -: 2548:      boost::mpl::list<>
        -: 2549:    , boost::mpl::end< boost::mpl::list<> >::type
        -: 2550:    , Types
        -: 2551:    >::type copied_sequence_t;
        -: 2552:
        -: 2553:public: // metafunction result
        -: 2554:
        -: 2555:    typedef variant<
        -: 2556:          detail::variant::over_sequence<copied_sequence_t>
        -: 2557:        > type;
        -: 2558:
        -: 2559:};
        -: 2560:
        -: 2561:///////////////////////////////////////////////////////////////////////////////
        -: 2562:// function template swap
        -: 2563://
        -: 2564:// Swaps two variants of the same type (i.e., identical specification).
        -: 2565://
        -: 2566:template < BOOST_VARIANT_ENUM_PARAMS(typename T) >
        -: 2567:inline void swap(
        -: 2568:      variant< BOOST_VARIANT_ENUM_PARAMS(T) >& lhs
        -: 2569:    , variant< BOOST_VARIANT_ENUM_PARAMS(T) >& rhs
        -: 2570:    )
        -: 2571:{
        -: 2572:    lhs.swap(rhs);
        -: 2573:}
        -: 2574:
        -: 2575:} // namespace boost
        -: 2576:
        -: 2577:// implementation additions
        -: 2578:
        -: 2579:#if !defined(BOOST_NO_IOSTREAM)
        -: 2580:#include <boost/variant/detail/variant_io.hpp>
        -: 2581:#endif // BOOST_NO_IOSTREAM
        -: 2582:
        -: 2583:#endif // BOOST_VARIANT_VARIANT_HPP
