        -:    0:Source:/home/travis/build/GITSUNWW/node-fontnik/mason_packages/.link/include/boost/geometry/index/detail/algorithms/nth_element.hpp
        -:    0:Graph:/home/travis/build/GITSUNWW/node-fontnik/build/Debug/obj.target/fontnik/src/glyphs.gcno
        -:    0:Data:/home/travis/build/GITSUNWW/node-fontnik/build/Debug/obj.target/fontnik/src/glyphs.gcda
        -:    0:Runs:1
        -:    0:Programs:1
        -:    1:// Boost.Geometry Index
        -:    2://
        -:    3:// Copyright (c) 2017 Adam Wulkiewicz, Lodz, Poland.
        -:    4://
        -:    5:// Use, modification and distribution is subject to the Boost Software License,
        -:    6:// Version 1.0. (See accompanying file LICENSE_1_0.txt or copy at
        -:    7:// http://www.boost.org/LICENSE_1_0.txt)
        -:    8:
        -:    9:#ifndef BOOST_GEOMETRY_INDEX_DETAIL_ALGORITHMS_NTH_ELEMENT_HPP
        -:   10:#define BOOST_GEOMETRY_INDEX_DETAIL_ALGORITHMS_NTH_ELEMENT_HPP
        -:   11:
        -:   12:#include <algorithm>
        -:   13:
        -:   14:namespace boost { namespace geometry { namespace index { namespace detail {
        -:   15:
        -:   16:// See https://svn.boost.org/trac/boost/ticket/12861
        -:   17://     https://gcc.gnu.org/bugzilla/show_bug.cgi?id=58800
        -:   18://     https://gcc.gnu.org/develop.html#timeline
        -:   19:// 20120920 4.7.2 - no bug
        -:   20:// 20130322 4.8.0 - no bug
        -:   21:// 20130411 4.7.3 - no bug
        -:   22:// 20130531 4.8.1 - no bug
        -:   23:// 20131016 4.8.2 - bug
        -:   24:// 20140422 4.9.0 - fixed
        -:   25:// 20140522 4.8.3 - fixed
        -:   26:// 20140612 4.7.4 - fixed
        -:   27:// 20140716 4.9.1 - fixed
        -:   28:#if defined(__GLIBCXX__) && (__GLIBCXX__ == 20131016)
        -:   29:
        -:   30:#warning "std::nth_element replaced with std::sort, libstdc++ bug workaround.";
        -:   31:
        -:   32:template <typename RandomIt>
        -:   33:void nth_element(RandomIt first, RandomIt , RandomIt last)
        -:   34:{
        -:   35:    std::sort(first, last);
        -:   36:}
        -:   37:
        -:   38:template <typename RandomIt, typename Compare>
        -:   39:void nth_element(RandomIt first, RandomIt , RandomIt last, Compare comp)
        -:   40:{
        -:   41:    std::sort(first, last, comp);
        -:   42:}
        -:   43:
        -:   44:#else
        -:   45:
        -:   46:template <typename RandomIt>
        -:   47:void nth_element(RandomIt first, RandomIt nth, RandomIt last)
        -:   48:{
        -:   49:    std::nth_element(first, nth, last);
        -:   50:}
        -:   51:
        -:   52:template <typename RandomIt, typename Compare>
function _ZN5boost8geometry5index6detail11nth_elementIPSt4pairINS0_5model3boxINS5_5pointIfLm2ENS0_2cs9cartesianEEEEES4_ISA_SA_EENS2_5rtree5rstar24element_axis_corner_lessISD_NS2_10translatorINS1_9indexableISD_EENS1_8equal_toISD_EEEENS0_7box_tagELm0ELm0EEEEEvT_SQ_SQ_T0_ called 1908 returned 100% blocks executed 100%
function _ZN5boost8geometry5index6detail11nth_elementIPSt4pairINS0_5model3boxINS5_5pointIfLm2ENS0_2cs9cartesianEEEEES4_ISA_SA_EENS2_5rtree5rstar24element_axis_corner_lessISD_NS2_10translatorINS1_9indexableISD_EENS1_8equal_toISD_EEEENS0_7box_tagELm0ELm1EEEEEvT_SQ_SQ_T0_ called 2550 returned 100% blocks executed 100%
function _ZN5boost8geometry5index6detail11nth_elementIPSt4pairINS0_5model3boxINS5_5pointIfLm2ENS0_2cs9cartesianEEEEES4_ISA_SA_EENS2_5rtree5rstar24element_axis_corner_lessISD_NS2_10translatorINS1_9indexableISD_EENS1_8equal_toISD_EEEENS0_7box_tagELm1ELm0EEEEEvT_SQ_SQ_T0_ called 236 returned 100% blocks executed 100%
function _ZN5boost8geometry5index6detail11nth_elementIPSt4pairINS0_5model3boxINS5_5pointIfLm2ENS0_2cs9cartesianEEEEES4_ISA_SA_EENS2_5rtree5rstar24element_axis_corner_lessISD_NS2_10translatorINS1_9indexableISD_EENS1_8equal_toISD_EEEENS0_7box_tagELm1ELm1EEEEEvT_SQ_SQ_T0_ called 259 returned 100% blocks executed 100%
function _ZN5boost8geometry5index6detail11nth_elementIPNS_6tuples5tupleImeeNS4_9null_typeES6_S6_S6_S6_S6_S6_EEPFbRKS7_SA_EEEvT_SD_SD_T0_ called 0 returned 0% blocks executed 0%
function _ZN5boost8geometry5index6detail11nth_elementIPNS2_5rtree8ptr_pairINS0_5model3boxINS6_5pointIfLm2ENS0_2cs9cartesianEEEEEPNS_7variantINS4_12variant_leafISt4pairISC_SF_ISB_SB_EENS1_5rstarILm16ELm4ELm4ELm32EEESC_NS4_10allocatorsINS_9container13new_allocatorISH_EESH_SJ_SC_NS4_23node_variant_static_tagEEESO_EEJNS4_21variant_internal_nodeISH_SJ_SC_SP_SO_EEEEEEENS4_5rstar24element_axis_corner_lessISV_NS2_10translatorINS1_9indexableISH_EENS1_8equal_toISH_EEEENS0_7box_tagELm0ELm0EEEEEvT_S17_S17_T0_ called 0 returned 0% blocks executed 0%
function _ZN5boost8geometry5index6detail11nth_elementIPNS2_5rtree8ptr_pairINS0_5model3boxINS6_5pointIfLm2ENS0_2cs9cartesianEEEEEPNS_7variantINS4_12variant_leafISt4pairISC_SF_ISB_SB_EENS1_5rstarILm16ELm4ELm4ELm32EEESC_NS4_10allocatorsINS_9container13new_allocatorISH_EESH_SJ_SC_NS4_23node_variant_static_tagEEESO_EEJNS4_21variant_internal_nodeISH_SJ_SC_SP_SO_EEEEEEENS4_5rstar24element_axis_corner_lessISV_NS2_10translatorINS1_9indexableISH_EENS1_8equal_toISH_EEEENS0_7box_tagELm0ELm1EEEEEvT_S17_S17_T0_ called 1 returned 100% blocks executed 100%
function _ZN5boost8geometry5index6detail11nth_elementIPNS2_5rtree8ptr_pairINS0_5model3boxINS6_5pointIfLm2ENS0_2cs9cartesianEEEEEPNS_7variantINS4_12variant_leafISt4pairISC_SF_ISB_SB_EENS1_5rstarILm16ELm4ELm4ELm32EEESC_NS4_10allocatorsINS_9container13new_allocatorISH_EESH_SJ_SC_NS4_23node_variant_static_tagEEESO_EEJNS4_21variant_internal_nodeISH_SJ_SC_SP_SO_EEEEEEENS4_5rstar24element_axis_corner_lessISV_NS2_10translatorINS1_9indexableISH_EENS1_8equal_toISH_EEEENS0_7box_tagELm1ELm0EEEEEvT_S17_S17_T0_ called 1 returned 100% blocks executed 100%
function _ZN5boost8geometry5index6detail11nth_elementIPNS2_5rtree8ptr_pairINS0_5model3boxINS6_5pointIfLm2ENS0_2cs9cartesianEEEEEPNS_7variantINS4_12variant_leafISt4pairISC_SF_ISB_SB_EENS1_5rstarILm16ELm4ELm4ELm32EEESC_NS4_10allocatorsINS_9container13new_allocatorISH_EESH_SJ_SC_NS4_23node_variant_static_tagEEESO_EEJNS4_21variant_internal_nodeISH_SJ_SC_SP_SO_EEEEEEENS4_5rstar24element_axis_corner_lessISV_NS2_10translatorINS1_9indexableISH_EENS1_8equal_toISH_EEEENS0_7box_tagELm1ELm1EEEEEvT_S17_S17_T0_ called 0 returned 0% blocks executed 0%
     4955:   53:void nth_element(RandomIt first, RandomIt nth, RandomIt last, Compare comp)
        -:   54:{
     4955:   55:    std::nth_element(first, nth, last, comp);
     4955:   56:}
        -:   57:
        -:   58:#endif
        -:   59:
        -:   60:}}}} // namespace boost::geometry::index::detail
        -:   61:
        -:   62:#endif // BOOST_GEOMETRY_INDEX_DETAIL_ALGORITHMS_NTH_ELEMENT_HPP
