        -:    0:Source:/home/travis/build/GITSUNWW/node-fontnik/mason_packages/.link/include/boost/geometry/index/detail/rtree/node/variant_visitor.hpp
        -:    0:Graph:/home/travis/build/GITSUNWW/node-fontnik/build/Debug/obj.target/fontnik/src/glyphs.gcno
        -:    0:Data:/home/travis/build/GITSUNWW/node-fontnik/build/Debug/obj.target/fontnik/src/glyphs.gcda
        -:    0:Runs:1
        -:    0:Programs:1
        -:    1:// Boost.Geometry Index
        -:    2://
        -:    3:// R-tree nodes static visitor related code
        -:    4://
        -:    5:// Copyright (c) 2011-2014 Adam Wulkiewicz, Lodz, Poland.
        -:    6://
        -:    7:// Use, modification and distribution is subject to the Boost Software License,
        -:    8:// Version 1.0. (See accompanying file LICENSE_1_0.txt or copy at
        -:    9:// http://www.boost.org/LICENSE_1_0.txt)
        -:   10:
        -:   11:#ifndef BOOST_GEOMETRY_INDEX_DETAIL_RTREE_NODE_VARIANT_VISITOR_HPP
        -:   12:#define BOOST_GEOMETRY_INDEX_DETAIL_RTREE_NODE_VARIANT_VISITOR_HPP
        -:   13:
        -:   14:#include <boost/variant/apply_visitor.hpp>
        -:   15:#include <boost/variant/get.hpp>
        -:   16:#include <boost/variant/variant.hpp>
        -:   17:
        -:   18:namespace boost { namespace geometry { namespace index {
        -:   19:
        -:   20:namespace detail { namespace rtree {
        -:   21:
        -:   22:// nodes variants forward declarations
        -:   23:
        -:   24:template <typename Value, typename Parameters, typename Box, typename Allocators, typename Tag>
        -:   25:struct variant_internal_node;
        -:   26:
        -:   27:template <typename Value, typename Parameters, typename Box, typename Allocators, typename Tag>
        -:   28:struct variant_leaf;
        -:   29:
        -:   30:// nodes conversion
        -:   31:
        -:   32:template <typename V, typename Value, typename Parameters, typename Box, typename Allocators, typename Tag>
function _ZN5boost8geometry5index6detail5rtree3getINS3_12variant_leafISt4pairINS0_5model3boxINS7_5pointIfLm2ENS0_2cs9cartesianEEEEES6_ISC_SC_EENS1_5rstarILm16ELm4ELm4ELm32EEESD_NS3_10allocatorsINS_9container13new_allocatorISF_EESF_SH_SD_NS3_23node_variant_static_tagEEESM_EESF_SH_SD_SN_SM_EERT_RNS_7variantINS5_IT0_T1_T2_T3_T4_EEJNS3_21variant_internal_nodeISS_ST_SU_SV_SW_EEEEE called 40292 returned 100% blocks executed 100%
function _ZN5boost8geometry5index6detail5rtree3getINS3_21variant_internal_nodeISt4pairINS0_5model3boxINS7_5pointIfLm2ENS0_2cs9cartesianEEEEES6_ISC_SC_EENS1_5rstarILm16ELm4ELm4ELm32EEESD_NS3_10allocatorsINS_9container13new_allocatorISF_EESF_SH_SD_NS3_23node_variant_static_tagEEESM_EESF_SH_SD_SN_SM_EERT_RNS_7variantINS3_12variant_leafIT0_T1_T2_T3_T4_EEJNS5_IST_SU_SV_SW_SX_EEEEE called 45903 returned 100% blocks executed 100%
    86195:   33:inline V & get(
        -:   34:    boost::variant<
        -:   35:        variant_leaf<Value, Parameters, Box, Allocators, Tag>,
        -:   36:        variant_internal_node<Value, Parameters, Box, Allocators, Tag>
        -:   37:    > & v)
        -:   38:{
    86195:   39:    return boost::get<V>(v);
        -:   40:}
        -:   41:
        -:   42:// apply visitor
        -:   43:
        -:   44:template <typename Visitor, typename Value, typename Parameters, typename Box, typename Allocators, typename Tag>
function _ZN5boost8geometry5index6detail5rtree13apply_visitorINS3_8visitors13spatial_queryISt4pairINS0_5model3boxINS8_5pointIfLm2ENS0_2cs9cartesianEEEEES7_ISD_SD_EENS3_7optionsINS1_5rstarILm16ELm4ELm4ELm32EEENS3_19insert_reinsert_tagENS3_26choose_by_overlap_diff_tagENS3_17split_default_tagENS3_9rstar_tagENS3_23node_variant_static_tagEEENS2_10translatorINS1_9indexableISG_EENS1_8equal_toISG_EEEESE_NS3_10allocatorsINS_9container13new_allocatorISG_EESG_SJ_SE_SO_EENS2_10predicates17spatial_predicateISE_NS11_14intersects_tagELb0EEESt20back_insert_iteratorISt6vectorISG_SaISG_EEEEESG_SJ_SE_S10_SO_EEvRT_RNS_7variantINS3_12variant_leafIT0_T1_T2_T3_T4_EEJNS3_21variant_internal_nodeIS1F_S1G_S1H_S1I_S1J_EEEEE called 2603522 returned 100% blocks executed 100%
function _ZN5boost8geometry5index6detail5rtree13apply_visitorINS3_8visitors7destroyISt4pairINS0_5model3boxINS8_5pointIfLm2ENS0_2cs9cartesianEEEEES7_ISD_SD_EENS3_7optionsINS1_5rstarILm16ELm4ELm4ELm32EEENS3_19insert_reinsert_tagENS3_26choose_by_overlap_diff_tagENS3_17split_default_tagENS3_9rstar_tagENS3_23node_variant_static_tagEEENS2_10translatorINS1_9indexableISG_EENS1_8equal_toISG_EEEESE_NS3_10allocatorsINS_9container13new_allocatorISG_EESG_SJ_SE_SO_EEEESG_SJ_SE_S10_SO_EEvRT_RNS_7variantINS3_12variant_leafIT0_T1_T2_T3_T4_EEJNS3_21variant_internal_nodeIS16_S17_S18_S19_S1A_EEEEE called 7950 returned 100% blocks executed 100%
function _ZN5boost8geometry5index6detail5rtree13apply_visitorINS3_8visitors6insertISt4pairINS0_5model3boxINS8_5pointIfLm2ENS0_2cs9cartesianEEEEES7_ISD_SD_EESG_NS3_7optionsINS1_5rstarILm16ELm4ELm4ELm32EEENS3_19insert_reinsert_tagENS3_26choose_by_overlap_diff_tagENS3_17split_default_tagENS3_9rstar_tagENS3_23node_variant_static_tagEEENS2_10translatorINS1_9indexableISG_EENS1_8equal_toISG_EEEESE_NS3_10allocatorsINS_9container13new_allocatorISG_EESG_SJ_SE_SO_EESK_EESG_SJ_SE_S10_SO_EEvRT_RNS_7variantINS3_12variant_leafIT0_T1_T2_T3_T4_EEJNS3_21variant_internal_nodeIS16_S17_S18_S19_S1A_EEEEE called 68008 returned 100% blocks executed 100%
function _ZN5boost8geometry5index6detail5rtree13apply_visitorINS3_8visitors5rstar12level_insertILm0ESt4pairINS0_5model3boxINS9_5pointIfLm2ENS0_2cs9cartesianEEEEES8_ISE_SE_EESH_NS3_7optionsINS1_5rstarILm16ELm4ELm4ELm32EEENS3_19insert_reinsert_tagENS3_26choose_by_overlap_diff_tagENS3_17split_default_tagENS3_9rstar_tagENS3_23node_variant_static_tagEEENS2_10translatorINS1_9indexableISH_EENS1_8equal_toISH_EEEESF_NS3_10allocatorsINS_9container13new_allocatorISH_EESH_SK_SF_SP_EEEESH_SK_SF_S11_SP_EEvRT_RNS_7variantINS3_12variant_leafIT0_T1_T2_T3_T4_EEJNS3_21variant_internal_nodeIS17_S18_S19_S1A_S1B_EEEEE called 109949 returned 100% blocks executed 100%
function _ZN5boost8geometry5index6detail5rtree13apply_visitorINS3_8visitors6insertISt4pairINS0_5model3boxINS8_5pointIfLm2ENS0_2cs9cartesianEEEEES7_ISD_SD_EESG_NS3_7optionsINS1_5rstarILm16ELm4ELm4ELm32EEENS3_19insert_reinsert_tagENS3_26choose_by_overlap_diff_tagENS3_17split_default_tagENS3_9rstar_tagENS3_23node_variant_static_tagEEENS2_10translatorINS1_9indexableISG_EENS1_8equal_toISG_EEEESE_NS3_10allocatorsINS_9container13new_allocatorISG_EESG_SJ_SE_SO_EENS3_18insert_default_tagEEESG_SJ_SE_S10_SO_EEvRT_RNS_7variantINS3_12variant_leafIT0_T1_T2_T3_T4_EEJNS3_21variant_internal_nodeIS17_S18_S19_S1A_S1B_EEEEE called 0 returned 0% blocks executed 0%
function _ZN5boost8geometry5index6detail5rtree13apply_visitorINS3_8visitors5rstar12level_insertILm1ESt4pairINS0_5model3boxINS9_5pointIfLm2ENS0_2cs9cartesianEEEEES8_ISE_SE_EESH_NS3_7optionsINS1_5rstarILm16ELm4ELm4ELm32EEENS3_19insert_reinsert_tagENS3_26choose_by_overlap_diff_tagENS3_17split_default_tagENS3_9rstar_tagENS3_23node_variant_static_tagEEENS2_10translatorINS1_9indexableISH_EENS1_8equal_toISH_EEEESF_NS3_10allocatorsINS_9container13new_allocatorISH_EESH_SK_SF_SP_EEEESH_SK_SF_S11_SP_EEvRT_RNS_7variantINS3_12variant_leafIT0_T1_T2_T3_T4_EEJNS3_21variant_internal_nodeIS17_S18_S19_S1A_S1B_EEEEE called 43176 returned 100% blocks executed 100%
function _ZN5boost8geometry5index6detail5rtree13apply_visitorINS3_8visitors5rstar12level_insertILm1ENS3_8ptr_pairINS0_5model3boxINS9_5pointIfLm2ENS0_2cs9cartesianEEEEEPNS_7variantINS3_12variant_leafISt4pairISF_SI_ISE_SE_EENS1_5rstarILm16ELm4ELm4ELm32EEESF_NS3_10allocatorsINS_9container13new_allocatorISK_EESK_SM_SF_NS3_23node_variant_static_tagEEESR_EEJNS3_21variant_internal_nodeISK_SM_SF_SS_SR_EEEEEEESK_NS3_7optionsISM_NS3_19insert_reinsert_tagENS3_26choose_by_overlap_diff_tagENS3_17split_default_tagENS3_9rstar_tagESR_EENS2_10translatorINS1_9indexableISK_EENS1_8equal_toISK_EEEESF_SS_EESK_SM_SF_SS_SR_EEvRT_RNSG_INSH_IT0_T1_T2_T3_T4_EEJNSU_IS1E_S1F_S1G_S1H_S1I_EEEEE called 0 returned 0% blocks executed 0%
  2832605:   45:inline void apply_visitor(Visitor & v,
        -:   46:                          boost::variant<
        -:   47:                              variant_leaf<Value, Parameters, Box, Allocators, Tag>,
        -:   48:                              variant_internal_node<Value, Parameters, Box, Allocators, Tag>
        -:   49:                          > & n)
        -:   50:{
  2832605:   51:    boost::apply_visitor(v, n);
  2832605:   52:}
        -:   53:
        -:   54:template <typename Visitor, typename Value, typename Parameters, typename Box, typename Allocators, typename Tag>
        -:   55:inline void apply_visitor(Visitor & v,
        -:   56:                          boost::variant<
        -:   57:                              variant_leaf<Value, Parameters, Box, Allocators, Tag>,
        -:   58:                              variant_internal_node<Value, Parameters, Box, Allocators, Tag>
        -:   59:                          > const& n)
        -:   60:{
        -:   61:    boost::apply_visitor(v, n);
        -:   62:}
        -:   63:
        -:   64:}} // namespace detail::rtree
        -:   65:
        -:   66:}}} // namespace boost::geometry::index
        -:   67:
        -:   68:#endif // BOOST_GEOMETRY_INDEX_DETAIL_RTREE_NODE_VARIANT_VISITOR_HPP
