        -:    0:Source:/home/travis/build/GITSUNWW/node-fontnik/mason_packages/.link/include/boost/geometry/index/detail/rtree/node/subtree_destroyer.hpp
        -:    0:Graph:/home/travis/build/GITSUNWW/node-fontnik/build/Debug/obj.target/fontnik/src/glyphs.gcno
        -:    0:Data:/home/travis/build/GITSUNWW/node-fontnik/build/Debug/obj.target/fontnik/src/glyphs.gcda
        -:    0:Runs:1
        -:    0:Programs:1
        -:    1:// Boost.Geometry Index
        -:    2://
        -:    3:// R-tree subtree scoped destroyer
        -:    4://
        -:    5:// Copyright (c) 2011-2015 Adam Wulkiewicz, Lodz, Poland.
        -:    6://
        -:    7:// Use, modification and distribution is subject to the Boost Software License,
        -:    8:// Version 1.0. (See accompanying file LICENSE_1_0.txt or copy at
        -:    9:// http://www.boost.org/LICENSE_1_0.txt)
        -:   10:
        -:   11:#ifndef BOOST_GEOMETRY_INDEX_DETAIL_RTREE_NODE_SUBTREE_DESTROYED_HPP
        -:   12:#define BOOST_GEOMETRY_INDEX_DETAIL_RTREE_NODE_SUBTREE_DESTROYED_HPP
        -:   13:
        -:   14:#include <boost/geometry/index/detail/rtree/visitors/destroy.hpp>
        -:   15:
        -:   16:namespace boost { namespace geometry { namespace index {
        -:   17:
        -:   18:namespace detail { namespace rtree {
        -:   19:
        -:   20:template <typename Value, typename Options, typename Translator, typename Box, typename Allocators>
        -:   21:class subtree_destroyer
        -:   22:{
        -:   23:    typedef typename rtree::node<Value, typename Options::parameters_type, Box, Allocators, typename Options::node_tag>::type node;
        -:   24:    typedef typename Allocators::node_pointer pointer;
        -:   25:
        -:   26:    subtree_destroyer(subtree_destroyer const&);
        -:   27:    subtree_destroyer & operator=(subtree_destroyer const&);
        -:   28:
        -:   29:public:
function _ZN5boost8geometry5index6detail5rtree17subtree_destroyerISt4pairINS0_5model3boxINS6_5pointIfLm2ENS0_2cs9cartesianEEEEES5_ISB_SB_EENS3_7optionsINS1_5rstarILm16ELm4ELm4ELm32EEENS3_19insert_reinsert_tagENS3_26choose_by_overlap_diff_tagENS3_17split_default_tagENS3_9rstar_tagENS3_23node_variant_static_tagEEENS2_10translatorINS1_9indexableISE_EENS1_8equal_toISE_EEEESC_NS3_10allocatorsINS_9container13new_allocatorISE_EESE_SH_SC_SM_EEEC2EPNS_7variantINS3_12variant_leafISE_SH_SC_SY_SM_EEJNS3_21variant_internal_nodeISE_SH_SC_SY_SM_EEEEERSY_ called 11231 returned 100% blocks executed 100%
    11231:   30:    subtree_destroyer(pointer ptr, Allocators & allocators)
    11231:   31:        : m_ptr(ptr)
    11231:   32:        , m_allocators(allocators)
    11231:   33:    {}
        -:   34:
function _ZN5boost8geometry5index6detail5rtree17subtree_destroyerISt4pairINS0_5model3boxINS6_5pointIfLm2ENS0_2cs9cartesianEEEEES5_ISB_SB_EENS3_7optionsINS1_5rstarILm16ELm4ELm4ELm32EEENS3_19insert_reinsert_tagENS3_26choose_by_overlap_diff_tagENS3_17split_default_tagENS3_9rstar_tagENS3_23node_variant_static_tagEEENS2_10translatorINS1_9indexableISE_EENS1_8equal_toISE_EEEESC_NS3_10allocatorsINS_9container13new_allocatorISE_EESE_SH_SC_SM_EEED2Ev called 11231 returned 100% blocks executed 75%
    11231:   35:    ~subtree_destroyer()
        -:   36:    {
    11231:   37:        reset();
branch  0 taken 100%
branch  1 taken 0%
    11231:   38:    }
        -:   39:
function _ZN5boost8geometry5index6detail5rtree17subtree_destroyerISt4pairINS0_5model3boxINS6_5pointIfLm2ENS0_2cs9cartesianEEEEES5_ISB_SB_EENS3_7optionsINS1_5rstarILm16ELm4ELm4ELm32EEENS3_19insert_reinsert_tagENS3_26choose_by_overlap_diff_tagENS3_17split_default_tagENS3_9rstar_tagENS3_23node_variant_static_tagEEENS2_10translatorINS1_9indexableISE_EENS1_8equal_toISE_EEEESC_NS3_10allocatorsINS_9container13new_allocatorISE_EESE_SH_SC_SM_EEE5resetEPNS_7variantINS3_12variant_leafISE_SH_SC_SY_SM_EEJNS3_21variant_internal_nodeISE_SH_SC_SY_SM_EEEEE called 11231 returned 100% blocks executed 60%
    11231:   40:    void reset(pointer ptr = 0)
        -:   41:    {
    11231:   42:        if ( m_ptr && m_ptr != ptr )
branch  0 taken 0%
branch  1 taken 100%
branch  2 never executed
branch  3 never executed
        -:   43:        {
    #####:   44:            detail::rtree::visitors::destroy<Value, Options, Translator, Box, Allocators> del_v(m_ptr, m_allocators);
    #####:   45:            detail::rtree::apply_visitor(del_v, *m_ptr);
    #####:   46:        }
    11231:   47:        m_ptr = ptr;
    11231:   48:    }
        -:   49:
function _ZN5boost8geometry5index6detail5rtree17subtree_destroyerISt4pairINS0_5model3boxINS6_5pointIfLm2ENS0_2cs9cartesianEEEEES5_ISB_SB_EENS3_7optionsINS1_5rstarILm16ELm4ELm4ELm32EEENS3_19insert_reinsert_tagENS3_26choose_by_overlap_diff_tagENS3_17split_default_tagENS3_9rstar_tagENS3_23node_variant_static_tagEEENS2_10translatorINS1_9indexableISE_EENS1_8equal_toISE_EEEESC_NS3_10allocatorsINS_9container13new_allocatorISE_EESE_SH_SC_SM_EEE7releaseEv called 11231 returned 100% blocks executed 100%
    11231:   50:    void release()
        -:   51:    {
    11231:   52:        m_ptr = 0;
    11231:   53:    }
        -:   54:
function _ZNK5boost8geometry5index6detail5rtree17subtree_destroyerISt4pairINS0_5model3boxINS6_5pointIfLm2ENS0_2cs9cartesianEEEEES5_ISB_SB_EENS3_7optionsINS1_5rstarILm16ELm4ELm4ELm32EEENS3_19insert_reinsert_tagENS3_26choose_by_overlap_diff_tagENS3_17split_default_tagENS3_9rstar_tagENS3_23node_variant_static_tagEEENS2_10translatorINS1_9indexableISE_EENS1_8equal_toISE_EEEESC_NS3_10allocatorsINS_9container13new_allocatorISE_EESE_SH_SC_SM_EEE3getEv called 6276 returned 100% blocks executed 100%
     6276:   55:    pointer get() const
        -:   56:    {
     6276:   57:        return m_ptr;
        -:   58:    }
        -:   59:
function _ZNK5boost8geometry5index6detail5rtree17subtree_destroyerISt4pairINS0_5model3boxINS6_5pointIfLm2ENS0_2cs9cartesianEEEEES5_ISB_SB_EENS3_7optionsINS1_5rstarILm16ELm4ELm4ELm32EEENS3_19insert_reinsert_tagENS3_26choose_by_overlap_diff_tagENS3_17split_default_tagENS3_9rstar_tagENS3_23node_variant_static_tagEEENS2_10translatorINS1_9indexableISE_EENS1_8equal_toISE_EEEESC_NS3_10allocatorsINS_9container13new_allocatorISE_EESE_SH_SC_SM_EEEdeEv called 7597 returned 100% blocks executed 100%
     7597:   60:    node & operator*() const
        -:   61:    {
     7597:   62:        return *m_ptr;
        -:   63:    }
        -:   64:
        -:   65:    pointer operator->() const
        -:   66:    {
        -:   67:        return m_ptr;
        -:   68:    }
        -:   69:
        -:   70:private:
        -:   71:    pointer m_ptr;
        -:   72:    Allocators & m_allocators;
        -:   73:};
        -:   74:
        -:   75:}} // namespace detail::rtree
        -:   76:
        -:   77:}}} // namespace boost::geometry::index
        -:   78:
        -:   79:#endif // BOOST_GEOMETRY_INDEX_DETAIL_RTREE_NODE_SUBTREE_DESTROYED_HPP
