        -:    0:Source:/home/travis/build/GITSUNWW/node-fontnik/mason_packages/.link/include/boost/variant/detail/visitation_impl.hpp
        -:    0:Graph:/home/travis/build/GITSUNWW/node-fontnik/build/Debug/obj.target/fontnik/src/glyphs.gcno
        -:    0:Data:/home/travis/build/GITSUNWW/node-fontnik/build/Debug/obj.target/fontnik/src/glyphs.gcda
        -:    0:Runs:1
        -:    0:Programs:1
        -:    1://-----------------------------------------------------------------------------
        -:    2:// boost variant/detail/visitation_impl.hpp header file
        -:    3:// See http://www.boost.org for updates, documentation, and revision history.
        -:    4://-----------------------------------------------------------------------------
        -:    5://
        -:    6:// Copyright (c) 2003
        -:    7:// Eric Friedman
        -:    8://
        -:    9:// Distributed under the Boost Software License, Version 1.0. (See
        -:   10:// accompanying file LICENSE_1_0.txt or copy at
        -:   11:// http://www.boost.org/LICENSE_1_0.txt)
        -:   12:
        -:   13:#ifndef BOOST_VARIANT_DETAIL_VISITATION_IMPL_HPP
        -:   14:#define BOOST_VARIANT_DETAIL_VISITATION_IMPL_HPP
        -:   15:
        -:   16:#include <boost/config.hpp>
        -:   17:
        -:   18:#include <boost/variant/detail/backup_holder.hpp>
        -:   19:#include <boost/variant/detail/cast_storage.hpp>
        -:   20:#include <boost/variant/detail/forced_return.hpp>
        -:   21:#include <boost/variant/detail/generic_result_type.hpp>
        -:   22:#include <boost/variant/variant_fwd.hpp> // for BOOST_VARIANT_DO_NOT_USE_VARIADIC_TEMPLATES
        -:   23:
        -:   24:#include <boost/mpl/eval_if.hpp>
        -:   25:#include <boost/mpl/bool.hpp>
        -:   26:#include <boost/mpl/identity.hpp>
        -:   27:#include <boost/mpl/int.hpp>
        -:   28:#include <boost/mpl/next.hpp>
        -:   29:#include <boost/mpl/deref.hpp>
        -:   30:#include <boost/mpl/or.hpp>
        -:   31:#include <boost/preprocessor/cat.hpp>
        -:   32:#include <boost/preprocessor/inc.hpp>
        -:   33:#include <boost/preprocessor/repeat.hpp>
        -:   34:#include <boost/type_traits/is_same.hpp>
        -:   35:#include <boost/type_traits/has_nothrow_copy.hpp>
        -:   36:#include <boost/type_traits/is_nothrow_move_constructible.hpp>
        -:   37:
        -:   38:#if BOOST_WORKAROUND(BOOST_MSVC, >= 1400) 
        -:   39:# pragma warning (push) 
        -:   40:# pragma warning (disable : 4702) //unreachable code 
        -:   41:#endif
        -:   42:
        -:   43:///////////////////////////////////////////////////////////////////////////////
        -:   44:// BOOST_VARIANT_VISITATION_UNROLLING_LIMIT
        -:   45://
        -:   46:// Unrolls variant's visitation mechanism to reduce template instantiation
        -:   47:// and potentially increase runtime performance. (TODO: Investigate further.)
        -:   48://
        -:   49:#if !defined(BOOST_VARIANT_VISITATION_UNROLLING_LIMIT)
        -:   50:
        -:   51:#ifndef BOOST_VARIANT_DO_NOT_USE_VARIADIC_TEMPLATES
        -:   52:#   include <boost/mpl/limits/list.hpp>
        -:   53:#   define BOOST_VARIANT_VISITATION_UNROLLING_LIMIT   \
        -:   54:        BOOST_MPL_LIMIT_LIST_SIZE
        -:   55:#else
        -:   56:#   define BOOST_VARIANT_VISITATION_UNROLLING_LIMIT   \
        -:   57:        BOOST_VARIANT_LIMIT_TYPES
        -:   58:#endif
        -:   59:
        -:   60:#endif
        -:   61:
        -:   62:namespace boost {
        -:   63:namespace detail { namespace variant {
        -:   64:
        -:   65:///////////////////////////////////////////////////////////////////////////////
        -:   66:// (detail) class apply_visitor_unrolled
        -:   67://
        -:   68:// Tag type indicates when visitation_impl is unrolled.
        -:   69://
        -:   70:struct apply_visitor_unrolled {};
        -:   71:
        -:   72:///////////////////////////////////////////////////////////////////////////////
        -:   73:// (detail) class template visitation_impl_step
        -:   74://
        -:   75:// "Never ending" iterator range facilitates visitation_impl unrolling.
        -:   76://
        -:   77:
        -:   78:
        -:   79:template <typename Iter, typename LastIter>
        -:   80:struct visitation_impl_step
        -:   81:{
        -:   82:    typedef typename mpl::deref<Iter>::type type;
        -:   83:
        -:   84:    typedef typename mpl::next<Iter>::type next_iter;
        -:   85:    typedef visitation_impl_step<
        -:   86:          next_iter, LastIter
        -:   87:        > next;
        -:   88:};
        -:   89:
        -:   90:template <typename LastIter>
        -:   91:struct visitation_impl_step< LastIter,LastIter >
        -:   92:{
        -:   93:    typedef apply_visitor_unrolled type;
        -:   94:    typedef visitation_impl_step next;
        -:   95:};
        -:   96:
        -:   97:
        -:   98:///////////////////////////////////////////////////////////////////////////////
        -:   99:// (detail) function template visitation_impl_invoke
        -:  100://
        -:  101:// Invokes the given visitor on the specified type in the given storage.
        -:  102://
        -:  103:
        -:  104:template <typename Visitor, typename VoidPtrCV, typename T>
        -:  105:inline
        -:  106:    BOOST_VARIANT_AUX_GENERIC_RESULT_TYPE(typename Visitor::result_type)
        -:  107:visitation_impl_invoke_impl(
        -:  108:      int, Visitor& visitor, VoidPtrCV storage, T*
        -:  109:    , mpl::true_// never_uses_backup
        -:  110:    )
        -:  111:{
        -:  112:    return visitor.internal_visit(
        -:  113:          cast_storage<T>(storage), 1L
        -:  114:        );
        -:  115:}
        -:  116:
        -:  117:template <typename Visitor, typename VoidPtrCV, typename T>
        -:  118:inline
        -:  119:    BOOST_VARIANT_AUX_GENERIC_RESULT_TYPE(typename Visitor::result_type)
function _ZN5boost6detail7variant27visitation_impl_invoke_implINS1_14invoke_visitorINS_8geometry5index6detail5rtree8visitors13spatial_queryISt4pairINS4_5model3boxINSB_5pointIfLm2ENS4_2cs9cartesianEEEEESA_ISG_SG_EENS7_7optionsINS5_5rstarILm16ELm4ELm4ELm32EEENS7_19insert_reinsert_tagENS7_26choose_by_overlap_diff_tagENS7_17split_default_tagENS7_9rstar_tagENS7_23node_variant_static_tagEEENS6_10translatorINS5_9indexableISJ_EENS5_8equal_toISJ_EEEESH_NS7_10allocatorsINS_9container13new_allocatorISJ_EESJ_SM_SH_SR_EENS6_10predicates17spatial_predicateISH_NS14_14intersects_tagELb0EEESt20back_insert_iteratorISt6vectorISJ_SaISJ_EEEEELb0EEEPvNS7_12variant_leafISJ_SM_SH_S13_SR_EEEENT_11result_typeEiRS1I_T0_PT1_N4mpl_5bool_ILb0EEE called 2014544 returned 100% blocks executed 80%
function _ZN5boost6detail7variant27visitation_impl_invoke_implINS1_14invoke_visitorINS_8geometry5index6detail5rtree8visitors13spatial_queryISt4pairINS4_5model3boxINSB_5pointIfLm2ENS4_2cs9cartesianEEEEESA_ISG_SG_EENS7_7optionsINS5_5rstarILm16ELm4ELm4ELm32EEENS7_19insert_reinsert_tagENS7_26choose_by_overlap_diff_tagENS7_17split_default_tagENS7_9rstar_tagENS7_23node_variant_static_tagEEENS6_10translatorINS5_9indexableISJ_EENS5_8equal_toISJ_EEEESH_NS7_10allocatorsINS_9container13new_allocatorISJ_EESJ_SM_SH_SR_EENS6_10predicates17spatial_predicateISH_NS14_14intersects_tagELb0EEESt20back_insert_iteratorISt6vectorISJ_SaISJ_EEEEELb0EEEPvNS7_21variant_internal_nodeISJ_SM_SH_S13_SR_EEEENT_11result_typeEiRS1I_T0_PT1_N4mpl_5bool_ILb0EEE called 588608 returned 100% blocks executed 80%
function _ZN5boost6detail7variant27visitation_impl_invoke_implINS1_14invoke_visitorINS_8geometry5index6detail5rtree8visitors7destroyISt4pairINS4_5model3boxINSB_5pointIfLm2ENS4_2cs9cartesianEEEEESA_ISG_SG_EENS7_7optionsINS5_5rstarILm16ELm4ELm4ELm32EEENS7_19insert_reinsert_tagENS7_26choose_by_overlap_diff_tagENS7_17split_default_tagENS7_9rstar_tagENS7_23node_variant_static_tagEEENS6_10translatorINS5_9indexableISJ_EENS5_8equal_toISJ_EEEESH_NS7_10allocatorsINS_9container13new_allocatorISJ_EESJ_SM_SH_SR_EEEELb0EEEPvNS7_12variant_leafISJ_SM_SH_S13_SR_EEEENT_11result_typeEiRS19_T0_PT1_N4mpl_5bool_ILb0EEE called 6627 returned 100% blocks executed 80%
function _ZN5boost6detail7variant27visitation_impl_invoke_implINS1_14invoke_visitorINS1_11get_visitorINS_8geometry5index6detail5rtree12variant_leafISt4pairINS5_5model3boxINSB_5pointIfLm2ENS5_2cs9cartesianEEEEESA_ISG_SG_EENS6_5rstarILm16ELm4ELm4ELm32EEESH_NS8_10allocatorsINS_9container13new_allocatorISJ_EESJ_SL_SH_NS8_23node_variant_static_tagEEESQ_EEEELb0EEEPvSS_EENT_11result_typeEiRSW_T0_PT1_N4mpl_5bool_ILb0EEE called 40292 returned 100% blocks executed 80%
function _ZN5boost6detail7variant27visitation_impl_invoke_implINS1_14invoke_visitorINS1_11get_visitorINS_8geometry5index6detail5rtree12variant_leafISt4pairINS5_5model3boxINSB_5pointIfLm2ENS5_2cs9cartesianEEEEESA_ISG_SG_EENS6_5rstarILm16ELm4ELm4ELm32EEESH_NS8_10allocatorsINS_9container13new_allocatorISJ_EESJ_SL_SH_NS8_23node_variant_static_tagEEESQ_EEEELb0EEEPvNS8_21variant_internal_nodeISJ_SL_SH_SR_SQ_EEEENT_11result_typeEiRSY_T0_PT1_N4mpl_5bool_ILb0EEE called 0 returned 0% blocks executed 0%
function _ZN5boost6detail7variant27visitation_impl_invoke_implINS1_9destroyerEPvNS_8geometry5index6detail5rtree12variant_leafISt4pairINS5_5model3boxINSB_5pointIfLm2ENS5_2cs9cartesianEEEEESA_ISG_SG_EENS6_5rstarILm16ELm4ELm4ELm32EEESH_NS8_10allocatorsINS_9container13new_allocatorISJ_EESJ_SL_SH_NS8_23node_variant_static_tagEEESQ_EEEENT_11result_typeEiRST_T0_PT1_N4mpl_5bool_ILb0EEE called 6627 returned 100% blocks executed 80%
function _ZN5boost6detail7variant27visitation_impl_invoke_implINS1_9destroyerEPvNS_8geometry5index6detail5rtree21variant_internal_nodeISt4pairINS5_5model3boxINSB_5pointIfLm2ENS5_2cs9cartesianEEEEESA_ISG_SG_EENS6_5rstarILm16ELm4ELm4ELm32EEESH_NS8_10allocatorsINS_9container13new_allocatorISJ_EESJ_SL_SH_NS8_23node_variant_static_tagEEESQ_EEEENT_11result_typeEiRST_T0_PT1_N4mpl_5bool_ILb0EEE called 1323 returned 100% blocks executed 80%
function _ZN5boost6detail7variant27visitation_impl_invoke_implINS1_14invoke_visitorINS_8geometry5index6detail5rtree8visitors7destroyISt4pairINS4_5model3boxINSB_5pointIfLm2ENS4_2cs9cartesianEEEEESA_ISG_SG_EENS7_7optionsINS5_5rstarILm16ELm4ELm4ELm32EEENS7_19insert_reinsert_tagENS7_26choose_by_overlap_diff_tagENS7_17split_default_tagENS7_9rstar_tagENS7_23node_variant_static_tagEEENS6_10translatorINS5_9indexableISJ_EENS5_8equal_toISJ_EEEESH_NS7_10allocatorsINS_9container13new_allocatorISJ_EESJ_SM_SH_SR_EEEELb0EEEPvNS7_21variant_internal_nodeISJ_SM_SH_S13_SR_EEEENT_11result_typeEiRS19_T0_PT1_N4mpl_5bool_ILb0EEE called 1323 returned 100% blocks executed 80%
function _ZN5boost6detail7variant27visitation_impl_invoke_implINS1_14invoke_visitorINS1_11get_visitorINS_8geometry5index6detail5rtree21variant_internal_nodeISt4pairINS5_5model3boxINSB_5pointIfLm2ENS5_2cs9cartesianEEEEESA_ISG_SG_EENS6_5rstarILm16ELm4ELm4ELm32EEESH_NS8_10allocatorsINS_9container13new_allocatorISJ_EESJ_SL_SH_NS8_23node_variant_static_tagEEESQ_EEEELb0EEEPvNS8_12variant_leafISJ_SL_SH_SR_SQ_EEEENT_11result_typeEiRSY_T0_PT1_N4mpl_5bool_ILb0EEE called 0 returned 0% blocks executed 0%
function _ZN5boost6detail7variant27visitation_impl_invoke_implINS1_14invoke_visitorINS1_11get_visitorINS_8geometry5index6detail5rtree21variant_internal_nodeISt4pairINS5_5model3boxINSB_5pointIfLm2ENS5_2cs9cartesianEEEEESA_ISG_SG_EENS6_5rstarILm16ELm4ELm4ELm32EEESH_NS8_10allocatorsINS_9container13new_allocatorISJ_EESJ_SL_SH_NS8_23node_variant_static_tagEEESQ_EEEELb0EEEPvSS_EENT_11result_typeEiRSW_T0_PT1_N4mpl_5bool_ILb0EEE called 45905 returned 99% blocks executed 80%
function _ZN5boost6detail7variant27visitation_impl_invoke_implINS1_14invoke_visitorINS_8geometry5index6detail5rtree8visitors6insertISt4pairINS4_5model3boxINSB_5pointIfLm2ENS4_2cs9cartesianEEEEESA_ISG_SG_EESJ_NS7_7optionsINS5_5rstarILm16ELm4ELm4ELm32EEENS7_19insert_reinsert_tagENS7_26choose_by_overlap_diff_tagENS7_17split_default_tagENS7_9rstar_tagENS7_23node_variant_static_tagEEENS6_10translatorINS5_9indexableISJ_EENS5_8equal_toISJ_EEEESH_NS7_10allocatorsINS_9container13new_allocatorISJ_EESJ_SM_SH_SR_EESN_EELb0EEEPvNS7_12variant_leafISJ_SM_SH_S13_SR_EEEENT_11result_typeEiRS19_T0_PT1_N4mpl_5bool_ILb0EEE called 26074 returned 99% blocks executed 80%
function _ZN5boost6detail7variant27visitation_impl_invoke_implINS1_14invoke_visitorINS_8geometry5index6detail5rtree8visitors5rstar12level_insertILm0ESt4pairINS4_5model3boxINSC_5pointIfLm2ENS4_2cs9cartesianEEEEESB_ISH_SH_EESK_NS7_7optionsINS5_5rstarILm16ELm4ELm4ELm32EEENS7_19insert_reinsert_tagENS7_26choose_by_overlap_diff_tagENS7_17split_default_tagENS7_9rstar_tagENS7_23node_variant_static_tagEEENS6_10translatorINS5_9indexableISK_EENS5_8equal_toISK_EEEESI_NS7_10allocatorsINS_9container13new_allocatorISK_EESK_SN_SI_SS_EEEELb0EEEPvNS7_12variant_leafISK_SN_SI_S14_SS_EEEENT_11result_typeEiRS1A_T0_PT1_N4mpl_5bool_ILb0EEE called 68009 returned 99% blocks executed 80%
function _ZN5boost6detail7variant27visitation_impl_invoke_implINS1_14invoke_visitorINS_8geometry5index6detail5rtree8visitors5rstar12level_insertILm0ESt4pairINS4_5model3boxINSC_5pointIfLm2ENS4_2cs9cartesianEEEEESB_ISH_SH_EESK_NS7_7optionsINS5_5rstarILm16ELm4ELm4ELm32EEENS7_19insert_reinsert_tagENS7_26choose_by_overlap_diff_tagENS7_17split_default_tagENS7_9rstar_tagENS7_23node_variant_static_tagEEENS6_10translatorINS5_9indexableISK_EENS5_8equal_toISK_EEEESI_NS7_10allocatorsINS_9container13new_allocatorISK_EESK_SN_SI_SS_EEEELb0EEEPvNS7_21variant_internal_nodeISK_SN_SI_S14_SS_EEEENT_11result_typeEiRS1A_T0_PT1_N4mpl_5bool_ILb0EEE called 41943 returned 100% blocks executed 80%
function _ZN5boost6detail7variant27visitation_impl_invoke_implINS1_14invoke_visitorINS_8geometry5index6detail5rtree8visitors6insertISt4pairINS4_5model3boxINSB_5pointIfLm2ENS4_2cs9cartesianEEEEESA_ISG_SG_EESJ_NS7_7optionsINS5_5rstarILm16ELm4ELm4ELm32EEENS7_19insert_reinsert_tagENS7_26choose_by_overlap_diff_tagENS7_17split_default_tagENS7_9rstar_tagENS7_23node_variant_static_tagEEENS6_10translatorINS5_9indexableISJ_EENS5_8equal_toISJ_EEEESH_NS7_10allocatorsINS_9container13new_allocatorISJ_EESJ_SM_SH_SR_EENS7_18insert_default_tagEEELb0EEEPvNS7_12variant_leafISJ_SM_SH_S13_SR_EEEENT_11result_typeEiRS1A_T0_PT1_N4mpl_5bool_ILb0EEE called 0 returned 0% blocks executed 0%
function _ZN5boost6detail7variant27visitation_impl_invoke_implINS1_14invoke_visitorINS_8geometry5index6detail5rtree8visitors6insertISt4pairINS4_5model3boxINSB_5pointIfLm2ENS4_2cs9cartesianEEEEESA_ISG_SG_EESJ_NS7_7optionsINS5_5rstarILm16ELm4ELm4ELm32EEENS7_19insert_reinsert_tagENS7_26choose_by_overlap_diff_tagENS7_17split_default_tagENS7_9rstar_tagENS7_23node_variant_static_tagEEENS6_10translatorINS5_9indexableISJ_EENS5_8equal_toISJ_EEEESH_NS7_10allocatorsINS_9container13new_allocatorISJ_EESJ_SM_SH_SR_EENS7_18insert_default_tagEEELb0EEEPvNS7_21variant_internal_nodeISJ_SM_SH_S13_SR_EEEENT_11result_typeEiRS1A_T0_PT1_N4mpl_5bool_ILb0EEE called 0 returned 0% blocks executed 0%
function _ZN5boost6detail7variant27visitation_impl_invoke_implINS1_14invoke_visitorINS_8geometry5index6detail5rtree8visitors6insertISt4pairINS4_5model3boxINSB_5pointIfLm2ENS4_2cs9cartesianEEEEESA_ISG_SG_EESJ_NS7_7optionsINS5_5rstarILm16ELm4ELm4ELm32EEENS7_19insert_reinsert_tagENS7_26choose_by_overlap_diff_tagENS7_17split_default_tagENS7_9rstar_tagENS7_23node_variant_static_tagEEENS6_10translatorINS5_9indexableISJ_EENS5_8equal_toISJ_EEEESH_NS7_10allocatorsINS_9container13new_allocatorISJ_EESJ_SM_SH_SR_EESN_EELb0EEEPvNS7_21variant_internal_nodeISJ_SM_SH_S13_SR_EEEENT_11result_typeEiRS19_T0_PT1_N4mpl_5bool_ILb0EEE called 41934 returned 100% blocks executed 80%
function _ZN5boost6detail7variant27visitation_impl_invoke_implINS1_14invoke_visitorINS_8geometry5index6detail5rtree8visitors5rstar12level_insertILm1ESt4pairINS4_5model3boxINSC_5pointIfLm2ENS4_2cs9cartesianEEEEESB_ISH_SH_EESK_NS7_7optionsINS5_5rstarILm16ELm4ELm4ELm32EEENS7_19insert_reinsert_tagENS7_26choose_by_overlap_diff_tagENS7_17split_default_tagENS7_9rstar_tagENS7_23node_variant_static_tagEEENS6_10translatorINS5_9indexableISK_EENS5_8equal_toISK_EEEESI_NS7_10allocatorsINS_9container13new_allocatorISK_EESK_SN_SI_SS_EEEELb0EEEPvNS7_12variant_leafISK_SN_SI_S14_SS_EEEENT_11result_typeEiRS1A_T0_PT1_N4mpl_5bool_ILb0EEE called 21588 returned 100% blocks executed 80%
function _ZN5boost6detail7variant27visitation_impl_invoke_implINS1_14invoke_visitorINS_8geometry5index6detail5rtree8visitors5rstar12level_insertILm1ESt4pairINS4_5model3boxINSC_5pointIfLm2ENS4_2cs9cartesianEEEEESB_ISH_SH_EESK_NS7_7optionsINS5_5rstarILm16ELm4ELm4ELm32EEENS7_19insert_reinsert_tagENS7_26choose_by_overlap_diff_tagENS7_17split_default_tagENS7_9rstar_tagENS7_23node_variant_static_tagEEENS6_10translatorINS5_9indexableISK_EENS5_8equal_toISK_EEEESI_NS7_10allocatorsINS_9container13new_allocatorISK_EESK_SN_SI_SS_EEEELb0EEEPvNS7_21variant_internal_nodeISK_SN_SI_S14_SS_EEEENT_11result_typeEiRS1A_T0_PT1_N4mpl_5bool_ILb0EEE called 21588 returned 100% blocks executed 80%
function _ZN5boost6detail7variant27visitation_impl_invoke_implINS1_14invoke_visitorINS_8geometry5index6detail5rtree8visitors5rstar12level_insertILm1ENS7_8ptr_pairINS4_5model3boxINSC_5pointIfLm2ENS4_2cs9cartesianEEEEEPNS_7variantINS7_12variant_leafISt4pairISI_SL_ISH_SH_EENS5_5rstarILm16ELm4ELm4ELm32EEESI_NS7_10allocatorsINS_9container13new_allocatorISN_EESN_SP_SI_NS7_23node_variant_static_tagEEESU_EEJNS7_21variant_internal_nodeISN_SP_SI_SV_SU_EEEEEEESN_NS7_7optionsISP_NS7_19insert_reinsert_tagENS7_26choose_by_overlap_diff_tagENS7_17split_default_tagENS7_9rstar_tagESU_EENS6_10translatorINS5_9indexableISN_EENS5_8equal_toISN_EEEESI_SV_EELb0EEEPvSW_EENT_11result_typeEiRS1H_T0_PT1_N4mpl_5bool_ILb0EEE called 0 returned 0% blocks executed 0%
function _ZN5boost6detail7variant27visitation_impl_invoke_implINS1_14invoke_visitorINS_8geometry5index6detail5rtree8visitors5rstar12level_insertILm1ENS7_8ptr_pairINS4_5model3boxINSC_5pointIfLm2ENS4_2cs9cartesianEEEEEPNS_7variantINS7_12variant_leafISt4pairISI_SL_ISH_SH_EENS5_5rstarILm16ELm4ELm4ELm32EEESI_NS7_10allocatorsINS_9container13new_allocatorISN_EESN_SP_SI_NS7_23node_variant_static_tagEEESU_EEJNS7_21variant_internal_nodeISN_SP_SI_SV_SU_EEEEEEESN_NS7_7optionsISP_NS7_19insert_reinsert_tagENS7_26choose_by_overlap_diff_tagENS7_17split_default_tagENS7_9rstar_tagESU_EENS6_10translatorINS5_9indexableISN_EENS5_8equal_toISN_EEEESI_SV_EELb0EEEPvSY_EENT_11result_typeEiRS1H_T0_PT1_N4mpl_5bool_ILb0EEE called 0 returned 0% blocks executed 0%
  2926385:  120:visitation_impl_invoke_impl(
        -:  121:      int internal_which, Visitor& visitor, VoidPtrCV storage, T*
        -:  122:    , mpl::false_// never_uses_backup
        -:  123:    )
        -:  124:{
  2926385:  125:    if (internal_which >= 0)
branch  0 taken 100%
branch  1 taken 0%
branch  2 taken 100%
branch  3 taken 0%
branch  4 taken 100%
branch  5 taken 0%
branch  6 taken 100%
branch  7 taken 0%
branch  8 never executed
branch  9 never executed
branch 10 taken 100%
branch 11 taken 0%
branch 12 taken 100%
branch 13 taken 0%
branch 14 taken 100%
branch 15 taken 0%
branch 16 never executed
branch 17 never executed
branch 18 taken 100%
branch 19 taken 0%
branch 20 taken 100%
branch 21 taken 0%
branch 22 taken 100%
branch 23 taken 0%
branch 24 taken 100%
branch 25 taken 0%
branch 26 never executed
branch 27 never executed
branch 28 never executed
branch 29 never executed
branch 30 taken 100%
branch 31 taken 0%
branch 32 taken 100%
branch 33 taken 0%
branch 34 taken 100%
branch 35 taken 0%
branch 36 never executed
branch 37 never executed
branch 38 never executed
branch 39 never executed
        -:  126:    {
  5852058:  127:        return visitor.internal_visit(
  2926029:  128:              cast_storage<T>(storage), 1L
        -:  129:            );
        -:  130:    }
        -:  131:    else
        -:  132:    {
    #####:  133:        return visitor.internal_visit(
    #####:  134:              cast_storage< backup_holder<T> >(storage), 1L
        -:  135:            );
        -:  136:    }
  2925507:  137:}
        -:  138:
        -:  139:template <typename Visitor, typename VoidPtrCV, typename T, typename NoBackupFlag>
        -:  140:inline
        -:  141:    BOOST_VARIANT_AUX_GENERIC_RESULT_TYPE(typename Visitor::result_type)
function _ZN5boost6detail7variant22visitation_impl_invokeINS1_14invoke_visitorINS_8geometry5index6detail5rtree8visitors13spatial_queryISt4pairINS4_5model3boxINSB_5pointIfLm2ENS4_2cs9cartesianEEEEESA_ISG_SG_EENS7_7optionsINS5_5rstarILm16ELm4ELm4ELm32EEENS7_19insert_reinsert_tagENS7_26choose_by_overlap_diff_tagENS7_17split_default_tagENS7_9rstar_tagENS7_23node_variant_static_tagEEENS6_10translatorINS5_9indexableISJ_EENS5_8equal_toISJ_EEEESH_NS7_10allocatorsINS_9container13new_allocatorISJ_EESJ_SM_SH_SR_EENS6_10predicates17spatial_predicateISH_NS14_14intersects_tagELb0EEESt20back_insert_iteratorISt6vectorISJ_SaISJ_EEEEELb0EEEPvNS7_12variant_leafISJ_SM_SH_S13_SR_EENS_7variantIS1H_JNS7_21variant_internal_nodeISJ_SM_SH_S13_SR_EEEE18has_fallback_type_EEENT_11result_typeEiRS1N_T0_PT1_T2_i called 2014551 returned 100% blocks executed 100%
function _ZN5boost6detail7variant22visitation_impl_invokeINS1_14invoke_visitorINS_8geometry5index6detail5rtree8visitors13spatial_queryISt4pairINS4_5model3boxINSB_5pointIfLm2ENS4_2cs9cartesianEEEEESA_ISG_SG_EENS7_7optionsINS5_5rstarILm16ELm4ELm4ELm32EEENS7_19insert_reinsert_tagENS7_26choose_by_overlap_diff_tagENS7_17split_default_tagENS7_9rstar_tagENS7_23node_variant_static_tagEEENS6_10translatorINS5_9indexableISJ_EENS5_8equal_toISJ_EEEESH_NS7_10allocatorsINS_9container13new_allocatorISJ_EESJ_SM_SH_SR_EENS6_10predicates17spatial_predicateISH_NS14_14intersects_tagELb0EEESt20back_insert_iteratorISt6vectorISJ_SaISJ_EEEEELb0EEEPvNS7_21variant_internal_nodeISJ_SM_SH_S13_SR_EENS_7variantINS7_12variant_leafISJ_SM_SH_S13_SR_EEJS1H_EE18has_fallback_type_EEENT_11result_typeEiRS1N_T0_PT1_T2_i called 589130 returned 100% blocks executed 100%
function _ZN5boost6detail7variant22visitation_impl_invokeINS1_14invoke_visitorINS_8geometry5index6detail5rtree8visitors7destroyISt4pairINS4_5model3boxINSB_5pointIfLm2ENS4_2cs9cartesianEEEEESA_ISG_SG_EENS7_7optionsINS5_5rstarILm16ELm4ELm4ELm32EEENS7_19insert_reinsert_tagENS7_26choose_by_overlap_diff_tagENS7_17split_default_tagENS7_9rstar_tagENS7_23node_variant_static_tagEEENS6_10translatorINS5_9indexableISJ_EENS5_8equal_toISJ_EEEESH_NS7_10allocatorsINS_9container13new_allocatorISJ_EESJ_SM_SH_SR_EEEELb0EEEPvNS7_12variant_leafISJ_SM_SH_S13_SR_EENS_7variantIS18_JNS7_21variant_internal_nodeISJ_SM_SH_S13_SR_EEEE18has_fallback_type_EEENT_11result_typeEiRS1E_T0_PT1_T2_i called 6627 returned 100% blocks executed 100%
function _ZN5boost6detail7variant22visitation_impl_invokeINS1_14invoke_visitorINS_8geometry5index6detail5rtree8visitors7destroyISt4pairINS4_5model3boxINSB_5pointIfLm2ENS4_2cs9cartesianEEEEESA_ISG_SG_EENS7_7optionsINS5_5rstarILm16ELm4ELm4ELm32EEENS7_19insert_reinsert_tagENS7_26choose_by_overlap_diff_tagENS7_17split_default_tagENS7_9rstar_tagENS7_23node_variant_static_tagEEENS6_10translatorINS5_9indexableISJ_EENS5_8equal_toISJ_EEEESH_NS7_10allocatorsINS_9container13new_allocatorISJ_EESJ_SM_SH_SR_EEEELb0EEEPvNS7_21variant_internal_nodeISJ_SM_SH_S13_SR_EENS_7variantINS7_12variant_leafISJ_SM_SH_S13_SR_EEJS18_EE18has_fallback_type_EEENT_11result_typeEiRS1E_T0_PT1_T2_i called 1323 returned 100% blocks executed 100%
function _ZN5boost6detail7variant22visitation_impl_invokeINS1_14invoke_visitorINS1_11get_visitorINS_8geometry5index6detail5rtree12variant_leafISt4pairINS5_5model3boxINSB_5pointIfLm2ENS5_2cs9cartesianEEEEESA_ISG_SG_EENS6_5rstarILm16ELm4ELm4ELm32EEESH_NS8_10allocatorsINS_9container13new_allocatorISJ_EESJ_SL_SH_NS8_23node_variant_static_tagEEESQ_EEEELb0EEEPvSS_NS_7variantISS_JNS8_21variant_internal_nodeISJ_SL_SH_SR_SQ_EEEE18has_fallback_type_EEENT_11result_typeEiRS11_T0_PT1_T2_i called 40292 returned 100% blocks executed 100%
function _ZN5boost6detail7variant22visitation_impl_invokeINS1_14invoke_visitorINS1_11get_visitorINS_8geometry5index6detail5rtree12variant_leafISt4pairINS5_5model3boxINSB_5pointIfLm2ENS5_2cs9cartesianEEEEESA_ISG_SG_EENS6_5rstarILm16ELm4ELm4ELm32EEESH_NS8_10allocatorsINS_9container13new_allocatorISJ_EESJ_SL_SH_NS8_23node_variant_static_tagEEESQ_EEEELb0EEEPvNS8_21variant_internal_nodeISJ_SL_SH_SR_SQ_EENS_7variantISS_JSX_EE18has_fallback_type_EEENT_11result_typeEiRS11_T0_PT1_T2_i called 0 returned 0% blocks executed 0%
function _ZN5boost6detail7variant22visitation_impl_invokeINS1_9destroyerEPvNS_8geometry5index6detail5rtree12variant_leafISt4pairINS5_5model3boxINSB_5pointIfLm2ENS5_2cs9cartesianEEEEESA_ISG_SG_EENS6_5rstarILm16ELm4ELm4ELm32EEESH_NS8_10allocatorsINS_9container13new_allocatorISJ_EESJ_SL_SH_NS8_23node_variant_static_tagEEESQ_EENS_7variantISS_JNS8_21variant_internal_nodeISJ_SL_SH_SR_SQ_EEEE18has_fallback_type_EEENT_11result_typeEiRSY_T0_PT1_T2_i called 6627 returned 100% blocks executed 100%
function _ZN5boost6detail7variant22visitation_impl_invokeINS1_9destroyerEPvNS_8geometry5index6detail5rtree21variant_internal_nodeISt4pairINS5_5model3boxINSB_5pointIfLm2ENS5_2cs9cartesianEEEEESA_ISG_SG_EENS6_5rstarILm16ELm4ELm4ELm32EEESH_NS8_10allocatorsINS_9container13new_allocatorISJ_EESJ_SL_SH_NS8_23node_variant_static_tagEEESQ_EENS_7variantINS8_12variant_leafISJ_SL_SH_SR_SQ_EEJSS_EE18has_fallback_type_EEENT_11result_typeEiRSY_T0_PT1_T2_i called 1323 returned 100% blocks executed 100%
function _ZN5boost6detail7variant22visitation_impl_invokeINS1_14invoke_visitorINS1_11get_visitorINS_8geometry5index6detail5rtree21variant_internal_nodeISt4pairINS5_5model3boxINSB_5pointIfLm2ENS5_2cs9cartesianEEEEESA_ISG_SG_EENS6_5rstarILm16ELm4ELm4ELm32EEESH_NS8_10allocatorsINS_9container13new_allocatorISJ_EESJ_SL_SH_NS8_23node_variant_static_tagEEESQ_EEEELb0EEEPvNS8_12variant_leafISJ_SL_SH_SR_SQ_EENS_7variantISX_JSS_EE18has_fallback_type_EEENT_11result_typeEiRS11_T0_PT1_T2_i called 0 returned 0% blocks executed 0%
function _ZN5boost6detail7variant22visitation_impl_invokeINS1_14invoke_visitorINS1_11get_visitorINS_8geometry5index6detail5rtree21variant_internal_nodeISt4pairINS5_5model3boxINSB_5pointIfLm2ENS5_2cs9cartesianEEEEESA_ISG_SG_EENS6_5rstarILm16ELm4ELm4ELm32EEESH_NS8_10allocatorsINS_9container13new_allocatorISJ_EESJ_SL_SH_NS8_23node_variant_static_tagEEESQ_EEEELb0EEEPvSS_NS_7variantINS8_12variant_leafISJ_SL_SH_SR_SQ_EEJSS_EE18has_fallback_type_EEENT_11result_typeEiRS11_T0_PT1_T2_i called 45904 returned 100% blocks executed 100%
function _ZN5boost6detail7variant22visitation_impl_invokeINS1_14invoke_visitorINS_8geometry5index6detail5rtree8visitors6insertISt4pairINS4_5model3boxINSB_5pointIfLm2ENS4_2cs9cartesianEEEEESA_ISG_SG_EESJ_NS7_7optionsINS5_5rstarILm16ELm4ELm4ELm32EEENS7_19insert_reinsert_tagENS7_26choose_by_overlap_diff_tagENS7_17split_default_tagENS7_9rstar_tagENS7_23node_variant_static_tagEEENS6_10translatorINS5_9indexableISJ_EENS5_8equal_toISJ_EEEESH_NS7_10allocatorsINS_9container13new_allocatorISJ_EESJ_SM_SH_SR_EESN_EELb0EEEPvNS7_12variant_leafISJ_SM_SH_S13_SR_EENS_7variantIS18_JNS7_21variant_internal_nodeISJ_SM_SH_S13_SR_EEEE18has_fallback_type_EEENT_11result_typeEiRS1E_T0_PT1_T2_i called 26074 returned 100% blocks executed 100%
function _ZN5boost6detail7variant22visitation_impl_invokeINS1_14invoke_visitorINS_8geometry5index6detail5rtree8visitors6insertISt4pairINS4_5model3boxINSB_5pointIfLm2ENS4_2cs9cartesianEEEEESA_ISG_SG_EESJ_NS7_7optionsINS5_5rstarILm16ELm4ELm4ELm32EEENS7_19insert_reinsert_tagENS7_26choose_by_overlap_diff_tagENS7_17split_default_tagENS7_9rstar_tagENS7_23node_variant_static_tagEEENS6_10translatorINS5_9indexableISJ_EENS5_8equal_toISJ_EEEESH_NS7_10allocatorsINS_9container13new_allocatorISJ_EESJ_SM_SH_SR_EESN_EELb0EEEPvNS7_21variant_internal_nodeISJ_SM_SH_S13_SR_EENS_7variantINS7_12variant_leafISJ_SM_SH_S13_SR_EEJS18_EE18has_fallback_type_EEENT_11result_typeEiRS1E_T0_PT1_T2_i called 41935 returned 100% blocks executed 100%
function _ZN5boost6detail7variant22visitation_impl_invokeINS1_14invoke_visitorINS_8geometry5index6detail5rtree8visitors5rstar12level_insertILm0ESt4pairINS4_5model3boxINSC_5pointIfLm2ENS4_2cs9cartesianEEEEESB_ISH_SH_EESK_NS7_7optionsINS5_5rstarILm16ELm4ELm4ELm32EEENS7_19insert_reinsert_tagENS7_26choose_by_overlap_diff_tagENS7_17split_default_tagENS7_9rstar_tagENS7_23node_variant_static_tagEEENS6_10translatorINS5_9indexableISK_EENS5_8equal_toISK_EEEESI_NS7_10allocatorsINS_9container13new_allocatorISK_EESK_SN_SI_SS_EEEELb0EEEPvNS7_12variant_leafISK_SN_SI_S14_SS_EENS_7variantIS19_JNS7_21variant_internal_nodeISK_SN_SI_S14_SS_EEEE18has_fallback_type_EEENT_11result_typeEiRS1F_T0_PT1_T2_i called 68009 returned 100% blocks executed 100%
function _ZN5boost6detail7variant22visitation_impl_invokeINS1_14invoke_visitorINS_8geometry5index6detail5rtree8visitors5rstar12level_insertILm0ESt4pairINS4_5model3boxINSC_5pointIfLm2ENS4_2cs9cartesianEEEEESB_ISH_SH_EESK_NS7_7optionsINS5_5rstarILm16ELm4ELm4ELm32EEENS7_19insert_reinsert_tagENS7_26choose_by_overlap_diff_tagENS7_17split_default_tagENS7_9rstar_tagENS7_23node_variant_static_tagEEENS6_10translatorINS5_9indexableISK_EENS5_8equal_toISK_EEEESI_NS7_10allocatorsINS_9container13new_allocatorISK_EESK_SN_SI_SS_EEEELb0EEEPvNS7_21variant_internal_nodeISK_SN_SI_S14_SS_EENS_7variantINS7_12variant_leafISK_SN_SI_S14_SS_EEJS19_EE18has_fallback_type_EEENT_11result_typeEiRS1F_T0_PT1_T2_i called 41943 returned 100% blocks executed 100%
function _ZN5boost6detail7variant22visitation_impl_invokeINS1_14invoke_visitorINS_8geometry5index6detail5rtree8visitors6insertISt4pairINS4_5model3boxINSB_5pointIfLm2ENS4_2cs9cartesianEEEEESA_ISG_SG_EESJ_NS7_7optionsINS5_5rstarILm16ELm4ELm4ELm32EEENS7_19insert_reinsert_tagENS7_26choose_by_overlap_diff_tagENS7_17split_default_tagENS7_9rstar_tagENS7_23node_variant_static_tagEEENS6_10translatorINS5_9indexableISJ_EENS5_8equal_toISJ_EEEESH_NS7_10allocatorsINS_9container13new_allocatorISJ_EESJ_SM_SH_SR_EENS7_18insert_default_tagEEELb0EEEPvNS7_12variant_leafISJ_SM_SH_S13_SR_EENS_7variantIS19_JNS7_21variant_internal_nodeISJ_SM_SH_S13_SR_EEEE18has_fallback_type_EEENT_11result_typeEiRS1F_T0_PT1_T2_i called 0 returned 0% blocks executed 0%
function _ZN5boost6detail7variant22visitation_impl_invokeINS1_14invoke_visitorINS_8geometry5index6detail5rtree8visitors6insertISt4pairINS4_5model3boxINSB_5pointIfLm2ENS4_2cs9cartesianEEEEESA_ISG_SG_EESJ_NS7_7optionsINS5_5rstarILm16ELm4ELm4ELm32EEENS7_19insert_reinsert_tagENS7_26choose_by_overlap_diff_tagENS7_17split_default_tagENS7_9rstar_tagENS7_23node_variant_static_tagEEENS6_10translatorINS5_9indexableISJ_EENS5_8equal_toISJ_EEEESH_NS7_10allocatorsINS_9container13new_allocatorISJ_EESJ_SM_SH_SR_EENS7_18insert_default_tagEEELb0EEEPvNS7_21variant_internal_nodeISJ_SM_SH_S13_SR_EENS_7variantINS7_12variant_leafISJ_SM_SH_S13_SR_EEJS19_EE18has_fallback_type_EEENT_11result_typeEiRS1F_T0_PT1_T2_i called 0 returned 0% blocks executed 0%
function _ZN5boost6detail7variant22visitation_impl_invokeINS1_14invoke_visitorINS_8geometry5index6detail5rtree8visitors5rstar12level_insertILm1ESt4pairINS4_5model3boxINSC_5pointIfLm2ENS4_2cs9cartesianEEEEESB_ISH_SH_EESK_NS7_7optionsINS5_5rstarILm16ELm4ELm4ELm32EEENS7_19insert_reinsert_tagENS7_26choose_by_overlap_diff_tagENS7_17split_default_tagENS7_9rstar_tagENS7_23node_variant_static_tagEEENS6_10translatorINS5_9indexableISK_EENS5_8equal_toISK_EEEESI_NS7_10allocatorsINS_9container13new_allocatorISK_EESK_SN_SI_SS_EEEELb0EEEPvNS7_12variant_leafISK_SN_SI_S14_SS_EENS_7variantIS19_JNS7_21variant_internal_nodeISK_SN_SI_S14_SS_EEEE18has_fallback_type_EEENT_11result_typeEiRS1F_T0_PT1_T2_i called 21588 returned 100% blocks executed 100%
function _ZN5boost6detail7variant22visitation_impl_invokeINS1_14invoke_visitorINS_8geometry5index6detail5rtree8visitors5rstar12level_insertILm1ESt4pairINS4_5model3boxINSC_5pointIfLm2ENS4_2cs9cartesianEEEEESB_ISH_SH_EESK_NS7_7optionsINS5_5rstarILm16ELm4ELm4ELm32EEENS7_19insert_reinsert_tagENS7_26choose_by_overlap_diff_tagENS7_17split_default_tagENS7_9rstar_tagENS7_23node_variant_static_tagEEENS6_10translatorINS5_9indexableISK_EENS5_8equal_toISK_EEEESI_NS7_10allocatorsINS_9container13new_allocatorISK_EESK_SN_SI_SS_EEEELb0EEEPvNS7_21variant_internal_nodeISK_SN_SI_S14_SS_EENS_7variantINS7_12variant_leafISK_SN_SI_S14_SS_EEJS19_EE18has_fallback_type_EEENT_11result_typeEiRS1F_T0_PT1_T2_i called 21588 returned 100% blocks executed 100%
function _ZN5boost6detail7variant22visitation_impl_invokeINS1_14invoke_visitorINS_8geometry5index6detail5rtree8visitors5rstar12level_insertILm1ENS7_8ptr_pairINS4_5model3boxINSC_5pointIfLm2ENS4_2cs9cartesianEEEEEPNS_7variantINS7_12variant_leafISt4pairISI_SL_ISH_SH_EENS5_5rstarILm16ELm4ELm4ELm32EEESI_NS7_10allocatorsINS_9container13new_allocatorISN_EESN_SP_SI_NS7_23node_variant_static_tagEEESU_EEJNS7_21variant_internal_nodeISN_SP_SI_SV_SU_EEEEEEESN_NS7_7optionsISP_NS7_19insert_reinsert_tagENS7_26choose_by_overlap_diff_tagENS7_17split_default_tagENS7_9rstar_tagESU_EENS6_10translatorINS5_9indexableISN_EENS5_8equal_toISN_EEEESI_SV_EELb0EEEPvSW_NSZ_18has_fallback_type_EEENT_11result_typeEiRS1I_T0_PT1_T2_i called 0 returned 0% blocks executed 0%
function _ZN5boost6detail7variant22visitation_impl_invokeINS1_14invoke_visitorINS_8geometry5index6detail5rtree8visitors5rstar12level_insertILm1ENS7_8ptr_pairINS4_5model3boxINSC_5pointIfLm2ENS4_2cs9cartesianEEEEEPNS_7variantINS7_12variant_leafISt4pairISI_SL_ISH_SH_EENS5_5rstarILm16ELm4ELm4ELm32EEESI_NS7_10allocatorsINS_9container13new_allocatorISN_EESN_SP_SI_NS7_23node_variant_static_tagEEESU_EEJNS7_21variant_internal_nodeISN_SP_SI_SV_SU_EEEEEEESN_NS7_7optionsISP_NS7_19insert_reinsert_tagENS7_26choose_by_overlap_diff_tagENS7_17split_default_tagENS7_9rstar_tagESU_EENS6_10translatorINS5_9indexableISN_EENS5_8equal_toISN_EEEESI_SV_EELb0EEEPvSY_NSZ_18has_fallback_type_EEENT_11result_typeEiRS1I_T0_PT1_T2_i called 0 returned 0% blocks executed 0%
  2926914:  142:visitation_impl_invoke(
        -:  143:      int internal_which, Visitor& visitor, VoidPtrCV storage, T* t
        -:  144:    , NoBackupFlag
        -:  145:    , int
        -:  146:    )
        -:  147:{
        -:  148:    typedef typename mpl::or_<
        -:  149:          NoBackupFlag
        -:  150:        , is_nothrow_move_constructible<T>
        -:  151:        , has_nothrow_copy<T>
        -:  152:        >::type never_uses_backup;
        -:  153:
  2926914:  154:    return (visitation_impl_invoke_impl)(
  2926914:  155:          internal_which, visitor, storage, t
        -:  156:        , never_uses_backup()
        -:  157:        );
        -:  158:}
        -:  159:
        -:  160:template <typename Visitor, typename VoidPtrCV, typename NBF>
        -:  161:inline
        -:  162:    BOOST_VARIANT_AUX_GENERIC_RESULT_TYPE(typename Visitor::result_type)
function _ZN5boost6detail7variant22visitation_impl_invokeINS1_14invoke_visitorINS_8geometry5index6detail5rtree8visitors13spatial_queryISt4pairINS4_5model3boxINSB_5pointIfLm2ENS4_2cs9cartesianEEEEESA_ISG_SG_EENS7_7optionsINS5_5rstarILm16ELm4ELm4ELm32EEENS7_19insert_reinsert_tagENS7_26choose_by_overlap_diff_tagENS7_17split_default_tagENS7_9rstar_tagENS7_23node_variant_static_tagEEENS6_10translatorINS5_9indexableISJ_EENS5_8equal_toISJ_EEEESH_NS7_10allocatorsINS_9container13new_allocatorISJ_EESJ_SM_SH_SR_EENS6_10predicates17spatial_predicateISH_NS14_14intersects_tagELb0EEESt20back_insert_iteratorISt6vectorISJ_SaISJ_EEEEELb0EEEPvNS_7variantINS7_12variant_leafISJ_SM_SH_S13_SR_EEJNS7_21variant_internal_nodeISJ_SM_SH_S13_SR_EEEE18has_fallback_type_EEENT_11result_typeEiRS1N_T0_PNS1_22apply_visitor_unrolledET1_l called 0 returned 0% blocks executed 0%
function _ZN5boost6detail7variant22visitation_impl_invokeINS1_14invoke_visitorINS_8geometry5index6detail5rtree8visitors7destroyISt4pairINS4_5model3boxINSB_5pointIfLm2ENS4_2cs9cartesianEEEEESA_ISG_SG_EENS7_7optionsINS5_5rstarILm16ELm4ELm4ELm32EEENS7_19insert_reinsert_tagENS7_26choose_by_overlap_diff_tagENS7_17split_default_tagENS7_9rstar_tagENS7_23node_variant_static_tagEEENS6_10translatorINS5_9indexableISJ_EENS5_8equal_toISJ_EEEESH_NS7_10allocatorsINS_9container13new_allocatorISJ_EESJ_SM_SH_SR_EEEELb0EEEPvNS_7variantINS7_12variant_leafISJ_SM_SH_S13_SR_EEJNS7_21variant_internal_nodeISJ_SM_SH_S13_SR_EEEE18has_fallback_type_EEENT_11result_typeEiRS1E_T0_PNS1_22apply_visitor_unrolledET1_l called 0 returned 0% blocks executed 0%
function _ZN5boost6detail7variant22visitation_impl_invokeINS1_14invoke_visitorINS1_11get_visitorINS_8geometry5index6detail5rtree12variant_leafISt4pairINS5_5model3boxINSB_5pointIfLm2ENS5_2cs9cartesianEEEEESA_ISG_SG_EENS6_5rstarILm16ELm4ELm4ELm32EEESH_NS8_10allocatorsINS_9container13new_allocatorISJ_EESJ_SL_SH_NS8_23node_variant_static_tagEEESQ_EEEELb0EEEPvNS_7variantISS_JNS8_21variant_internal_nodeISJ_SL_SH_SR_SQ_EEEE18has_fallback_type_EEENT_11result_typeEiRS11_T0_PNS1_22apply_visitor_unrolledET1_l called 0 returned 0% blocks executed 0%
function _ZN5boost6detail7variant22visitation_impl_invokeINS1_9destroyerEPvNS_7variantINS_8geometry5index6detail5rtree12variant_leafISt4pairINS6_5model3boxINSC_5pointIfLm2ENS6_2cs9cartesianEEEEESB_ISH_SH_EENS7_5rstarILm16ELm4ELm4ELm32EEESI_NS9_10allocatorsINS_9container13new_allocatorISK_EESK_SM_SI_NS9_23node_variant_static_tagEEESR_EEJNS9_21variant_internal_nodeISK_SM_SI_SS_SR_EEEE18has_fallback_type_EEENT_11result_typeEiRSY_T0_PNS1_22apply_visitor_unrolledET1_l called 0 returned 0% blocks executed 0%
function _ZN5boost6detail7variant22visitation_impl_invokeINS1_14invoke_visitorINS1_11get_visitorINS_8geometry5index6detail5rtree21variant_internal_nodeISt4pairINS5_5model3boxINSB_5pointIfLm2ENS5_2cs9cartesianEEEEESA_ISG_SG_EENS6_5rstarILm16ELm4ELm4ELm32EEESH_NS8_10allocatorsINS_9container13new_allocatorISJ_EESJ_SL_SH_NS8_23node_variant_static_tagEEESQ_EEEELb0EEEPvNS_7variantINS8_12variant_leafISJ_SL_SH_SR_SQ_EEJSS_EE18has_fallback_type_EEENT_11result_typeEiRS11_T0_PNS1_22apply_visitor_unrolledET1_l called 0 returned 0% blocks executed 0%
function _ZN5boost6detail7variant22visitation_impl_invokeINS1_14invoke_visitorINS_8geometry5index6detail5rtree8visitors6insertISt4pairINS4_5model3boxINSB_5pointIfLm2ENS4_2cs9cartesianEEEEESA_ISG_SG_EESJ_NS7_7optionsINS5_5rstarILm16ELm4ELm4ELm32EEENS7_19insert_reinsert_tagENS7_26choose_by_overlap_diff_tagENS7_17split_default_tagENS7_9rstar_tagENS7_23node_variant_static_tagEEENS6_10translatorINS5_9indexableISJ_EENS5_8equal_toISJ_EEEESH_NS7_10allocatorsINS_9container13new_allocatorISJ_EESJ_SM_SH_SR_EESN_EELb0EEEPvNS_7variantINS7_12variant_leafISJ_SM_SH_S13_SR_EEJNS7_21variant_internal_nodeISJ_SM_SH_S13_SR_EEEE18has_fallback_type_EEENT_11result_typeEiRS1E_T0_PNS1_22apply_visitor_unrolledET1_l called 0 returned 0% blocks executed 0%
function _ZN5boost6detail7variant22visitation_impl_invokeINS1_14invoke_visitorINS_8geometry5index6detail5rtree8visitors5rstar12level_insertILm0ESt4pairINS4_5model3boxINSC_5pointIfLm2ENS4_2cs9cartesianEEEEESB_ISH_SH_EESK_NS7_7optionsINS5_5rstarILm16ELm4ELm4ELm32EEENS7_19insert_reinsert_tagENS7_26choose_by_overlap_diff_tagENS7_17split_default_tagENS7_9rstar_tagENS7_23node_variant_static_tagEEENS6_10translatorINS5_9indexableISK_EENS5_8equal_toISK_EEEESI_NS7_10allocatorsINS_9container13new_allocatorISK_EESK_SN_SI_SS_EEEELb0EEEPvNS_7variantINS7_12variant_leafISK_SN_SI_S14_SS_EEJNS7_21variant_internal_nodeISK_SN_SI_S14_SS_EEEE18has_fallback_type_EEENT_11result_typeEiRS1F_T0_PNS1_22apply_visitor_unrolledET1_l called 0 returned 0% blocks executed 0%
function _ZN5boost6detail7variant22visitation_impl_invokeINS1_14invoke_visitorINS_8geometry5index6detail5rtree8visitors6insertISt4pairINS4_5model3boxINSB_5pointIfLm2ENS4_2cs9cartesianEEEEESA_ISG_SG_EESJ_NS7_7optionsINS5_5rstarILm16ELm4ELm4ELm32EEENS7_19insert_reinsert_tagENS7_26choose_by_overlap_diff_tagENS7_17split_default_tagENS7_9rstar_tagENS7_23node_variant_static_tagEEENS6_10translatorINS5_9indexableISJ_EENS5_8equal_toISJ_EEEESH_NS7_10allocatorsINS_9container13new_allocatorISJ_EESJ_SM_SH_SR_EENS7_18insert_default_tagEEELb0EEEPvNS_7variantINS7_12variant_leafISJ_SM_SH_S13_SR_EEJNS7_21variant_internal_nodeISJ_SM_SH_S13_SR_EEEE18has_fallback_type_EEENT_11result_typeEiRS1F_T0_PNS1_22apply_visitor_unrolledET1_l called 0 returned 0% blocks executed 0%
function _ZN5boost6detail7variant22visitation_impl_invokeINS1_14invoke_visitorINS_8geometry5index6detail5rtree8visitors5rstar12level_insertILm1ESt4pairINS4_5model3boxINSC_5pointIfLm2ENS4_2cs9cartesianEEEEESB_ISH_SH_EESK_NS7_7optionsINS5_5rstarILm16ELm4ELm4ELm32EEENS7_19insert_reinsert_tagENS7_26choose_by_overlap_diff_tagENS7_17split_default_tagENS7_9rstar_tagENS7_23node_variant_static_tagEEENS6_10translatorINS5_9indexableISK_EENS5_8equal_toISK_EEEESI_NS7_10allocatorsINS_9container13new_allocatorISK_EESK_SN_SI_SS_EEEELb0EEEPvNS_7variantINS7_12variant_leafISK_SN_SI_S14_SS_EEJNS7_21variant_internal_nodeISK_SN_SI_S14_SS_EEEE18has_fallback_type_EEENT_11result_typeEiRS1F_T0_PNS1_22apply_visitor_unrolledET1_l called 0 returned 0% blocks executed 0%
function _ZN5boost6detail7variant22visitation_impl_invokeINS1_14invoke_visitorINS_8geometry5index6detail5rtree8visitors5rstar12level_insertILm1ENS7_8ptr_pairINS4_5model3boxINSC_5pointIfLm2ENS4_2cs9cartesianEEEEEPNS_7variantINS7_12variant_leafISt4pairISI_SL_ISH_SH_EENS5_5rstarILm16ELm4ELm4ELm32EEESI_NS7_10allocatorsINS_9container13new_allocatorISN_EESN_SP_SI_NS7_23node_variant_static_tagEEESU_EEJNS7_21variant_internal_nodeISN_SP_SI_SV_SU_EEEEEEESN_NS7_7optionsISP_NS7_19insert_reinsert_tagENS7_26choose_by_overlap_diff_tagENS7_17split_default_tagENS7_9rstar_tagESU_EENS6_10translatorINS5_9indexableISN_EENS5_8equal_toISN_EEEESI_SV_EELb0EEEPvNSZ_18has_fallback_type_EEENT_11result_typeEiRS1I_T0_PNS1_22apply_visitor_unrolledET1_l called 0 returned 0% blocks executed 0%
    #####:  163:visitation_impl_invoke(int, Visitor&, VoidPtrCV, apply_visitor_unrolled*, NBF, long)
        -:  164:{
        -:  165:    // should never be here at runtime!
        -:  166:    typedef typename Visitor::result_type result_type;
    #####:  167:    return ::boost::detail::variant::forced_return< result_type >();
        -:  168:}
        -:  169:
        -:  170:///////////////////////////////////////////////////////////////////////////////
        -:  171:// (detail) function template visitation_impl
        -:  172://
        -:  173:// Invokes the given visitor on the type in the given variant storage.
        -:  174://
        -:  175:
        -:  176:template <
        -:  177:      typename W, typename S
        -:  178:    , typename Visitor, typename VPCV
        -:  179:    , typename NBF
        -:  180:    >
        -:  181:inline
        -:  182:    BOOST_VARIANT_AUX_GENERIC_RESULT_TYPE(typename Visitor::result_type)
function _ZN5boost6detail7variant15visitation_implIN4mpl_4int_ILi20EEENS1_20visitation_impl_stepINS_3mpl6l_iterINS7_5l_endEEESA_EENS1_14invoke_visitorINS_8geometry5index6detail5rtree8visitors13spatial_queryISt4pairINSD_5model3boxINSK_5pointIfLm2ENSD_2cs9cartesianEEEEESJ_ISP_SP_EENSG_7optionsINSE_5rstarILm16ELm4ELm4ELm32EEENSG_19insert_reinsert_tagENSG_26choose_by_overlap_diff_tagENSG_17split_default_tagENSG_9rstar_tagENSG_23node_variant_static_tagEEENSF_10translatorINSE_9indexableISS_EENSE_8equal_toISS_EEEESQ_NSG_10allocatorsINS_9container13new_allocatorISS_EESS_SV_SQ_S10_EENSF_10predicates17spatial_predicateISQ_NS1D_14intersects_tagELb0EEESt20back_insert_iteratorISt6vectorISS_SaISS_EEEEELb0EEEPvNS_7variantINSG_12variant_leafISS_SV_SQ_S1C_S10_EEJNSG_21variant_internal_nodeISS_SV_SQ_S1C_S10_EEEE18has_fallback_type_EEENT1_11result_typeEiiRS1W_T2_NS3_5bool_ILb1EEET3_PT_PT0_ called 0 returned 0% blocks executed 0%
function _ZN5boost6detail7variant15visitation_implIN4mpl_4int_ILi20EEENS1_20visitation_impl_stepINS_3mpl6l_iterINS7_5l_endEEESA_EENS1_14invoke_visitorINS_8geometry5index6detail5rtree8visitors7destroyISt4pairINSD_5model3boxINSK_5pointIfLm2ENSD_2cs9cartesianEEEEESJ_ISP_SP_EENSG_7optionsINSE_5rstarILm16ELm4ELm4ELm32EEENSG_19insert_reinsert_tagENSG_26choose_by_overlap_diff_tagENSG_17split_default_tagENSG_9rstar_tagENSG_23node_variant_static_tagEEENSF_10translatorINSE_9indexableISS_EENSE_8equal_toISS_EEEESQ_NSG_10allocatorsINS_9container13new_allocatorISS_EESS_SV_SQ_S10_EEEELb0EEEPvNS_7variantINSG_12variant_leafISS_SV_SQ_S1C_S10_EEJNSG_21variant_internal_nodeISS_SV_SQ_S1C_S10_EEEE18has_fallback_type_EEENT1_11result_typeEiiRS1N_T2_NS3_5bool_ILb1EEET3_PT_PT0_ called 0 returned 0% blocks executed 0%
function _ZN5boost6detail7variant15visitation_implIN4mpl_4int_ILi20EEENS1_20visitation_impl_stepINS_3mpl6l_iterINS7_5l_endEEESA_EENS1_14invoke_visitorINS1_11get_visitorINS_8geometry5index6detail5rtree12variant_leafISt4pairINSE_5model3boxINSK_5pointIfLm2ENSE_2cs9cartesianEEEEESJ_ISP_SP_EENSF_5rstarILm16ELm4ELm4ELm32EEESQ_NSH_10allocatorsINS_9container13new_allocatorISS_EESS_SU_SQ_NSH_23node_variant_static_tagEEESZ_EEEELb0EEEPvNS_7variantIS11_JNSH_21variant_internal_nodeISS_SU_SQ_S10_SZ_EEEE18has_fallback_type_EEENT1_11result_typeEiiRS1A_T2_NS3_5bool_ILb1EEET3_PT_PT0_ called 0 returned 0% blocks executed 0%
function _ZN5boost6detail7variant15visitation_implIN4mpl_4int_ILi20EEENS1_20visitation_impl_stepINS_3mpl6l_iterINS7_5l_endEEESA_EENS1_9destroyerEPvNS_7variantINS_8geometry5index6detail5rtree12variant_leafISt4pairINSF_5model3boxINSL_5pointIfLm2ENSF_2cs9cartesianEEEEESK_ISQ_SQ_EENSG_5rstarILm16ELm4ELm4ELm32EEESR_NSI_10allocatorsINS_9container13new_allocatorIST_EEST_SV_SR_NSI_23node_variant_static_tagEEES10_EEJNSI_21variant_internal_nodeIST_SV_SR_S11_S10_EEEE18has_fallback_type_EEENT1_11result_typeEiiRS17_T2_NS3_5bool_ILb1EEET3_PT_PT0_ called 0 returned 0% blocks executed 0%
function _ZN5boost6detail7variant15visitation_implIN4mpl_4int_ILi20EEENS1_20visitation_impl_stepINS_3mpl6l_iterINS7_5l_endEEESA_EENS1_14invoke_visitorINS1_11get_visitorINS_8geometry5index6detail5rtree21variant_internal_nodeISt4pairINSE_5model3boxINSK_5pointIfLm2ENSE_2cs9cartesianEEEEESJ_ISP_SP_EENSF_5rstarILm16ELm4ELm4ELm32EEESQ_NSH_10allocatorsINS_9container13new_allocatorISS_EESS_SU_SQ_NSH_23node_variant_static_tagEEESZ_EEEELb0EEEPvNS_7variantINSH_12variant_leafISS_SU_SQ_S10_SZ_EEJS11_EE18has_fallback_type_EEENT1_11result_typeEiiRS1A_T2_NS3_5bool_ILb1EEET3_PT_PT0_ called 0 returned 0% blocks executed 0%
function _ZN5boost6detail7variant15visitation_implIN4mpl_4int_ILi20EEENS1_20visitation_impl_stepINS_3mpl6l_iterINS7_5l_endEEESA_EENS1_14invoke_visitorINS_8geometry5index6detail5rtree8visitors6insertISt4pairINSD_5model3boxINSK_5pointIfLm2ENSD_2cs9cartesianEEEEESJ_ISP_SP_EESS_NSG_7optionsINSE_5rstarILm16ELm4ELm4ELm32EEENSG_19insert_reinsert_tagENSG_26choose_by_overlap_diff_tagENSG_17split_default_tagENSG_9rstar_tagENSG_23node_variant_static_tagEEENSF_10translatorINSE_9indexableISS_EENSE_8equal_toISS_EEEESQ_NSG_10allocatorsINS_9container13new_allocatorISS_EESS_SV_SQ_S10_EESW_EELb0EEEPvNS_7variantINSG_12variant_leafISS_SV_SQ_S1C_S10_EEJNSG_21variant_internal_nodeISS_SV_SQ_S1C_S10_EEEE18has_fallback_type_EEENT1_11result_typeEiiRS1N_T2_NS3_5bool_ILb1EEET3_PT_PT0_ called 0 returned 0% blocks executed 0%
function _ZN5boost6detail7variant15visitation_implIN4mpl_4int_ILi20EEENS1_20visitation_impl_stepINS_3mpl6l_iterINS7_5l_endEEESA_EENS1_14invoke_visitorINS_8geometry5index6detail5rtree8visitors5rstar12level_insertILm0ESt4pairINSD_5model3boxINSL_5pointIfLm2ENSD_2cs9cartesianEEEEESK_ISQ_SQ_EEST_NSG_7optionsINSE_5rstarILm16ELm4ELm4ELm32EEENSG_19insert_reinsert_tagENSG_26choose_by_overlap_diff_tagENSG_17split_default_tagENSG_9rstar_tagENSG_23node_variant_static_tagEEENSF_10translatorINSE_9indexableIST_EENSE_8equal_toIST_EEEESR_NSG_10allocatorsINS_9container13new_allocatorIST_EEST_SW_SR_S11_EEEELb0EEEPvNS_7variantINSG_12variant_leafIST_SW_SR_S1D_S11_EEJNSG_21variant_internal_nodeIST_SW_SR_S1D_S11_EEEE18has_fallback_type_EEENT1_11result_typeEiiRS1O_T2_NS3_5bool_ILb1EEET3_PT_PT0_ called 0 returned 0% blocks executed 0%
function _ZN5boost6detail7variant15visitation_implIN4mpl_4int_ILi20EEENS1_20visitation_impl_stepINS_3mpl6l_iterINS7_5l_endEEESA_EENS1_14invoke_visitorINS_8geometry5index6detail5rtree8visitors6insertISt4pairINSD_5model3boxINSK_5pointIfLm2ENSD_2cs9cartesianEEEEESJ_ISP_SP_EESS_NSG_7optionsINSE_5rstarILm16ELm4ELm4ELm32EEENSG_19insert_reinsert_tagENSG_26choose_by_overlap_diff_tagENSG_17split_default_tagENSG_9rstar_tagENSG_23node_variant_static_tagEEENSF_10translatorINSE_9indexableISS_EENSE_8equal_toISS_EEEESQ_NSG_10allocatorsINS_9container13new_allocatorISS_EESS_SV_SQ_S10_EENSG_18insert_default_tagEEELb0EEEPvNS_7variantINSG_12variant_leafISS_SV_SQ_S1C_S10_EEJNSG_21variant_internal_nodeISS_SV_SQ_S1C_S10_EEEE18has_fallback_type_EEENT1_11result_typeEiiRS1O_T2_NS3_5bool_ILb1EEET3_PT_PT0_ called 0 returned 0% blocks executed 0%
function _ZN5boost6detail7variant15visitation_implIN4mpl_4int_ILi20EEENS1_20visitation_impl_stepINS_3mpl6l_iterINS7_5l_endEEESA_EENS1_14invoke_visitorINS_8geometry5index6detail5rtree8visitors5rstar12level_insertILm1ESt4pairINSD_5model3boxINSL_5pointIfLm2ENSD_2cs9cartesianEEEEESK_ISQ_SQ_EEST_NSG_7optionsINSE_5rstarILm16ELm4ELm4ELm32EEENSG_19insert_reinsert_tagENSG_26choose_by_overlap_diff_tagENSG_17split_default_tagENSG_9rstar_tagENSG_23node_variant_static_tagEEENSF_10translatorINSE_9indexableIST_EENSE_8equal_toIST_EEEESR_NSG_10allocatorsINS_9container13new_allocatorIST_EEST_SW_SR_S11_EEEELb0EEEPvNS_7variantINSG_12variant_leafIST_SW_SR_S1D_S11_EEJNSG_21variant_internal_nodeIST_SW_SR_S1D_S11_EEEE18has_fallback_type_EEENT1_11result_typeEiiRS1O_T2_NS3_5bool_ILb1EEET3_PT_PT0_ called 0 returned 0% blocks executed 0%
function _ZN5boost6detail7variant15visitation_implIN4mpl_4int_ILi20EEENS1_20visitation_impl_stepINS_3mpl6l_iterINS7_5l_endEEESA_EENS1_14invoke_visitorINS_8geometry5index6detail5rtree8visitors5rstar12level_insertILm1ENSG_8ptr_pairINSD_5model3boxINSL_5pointIfLm2ENSD_2cs9cartesianEEEEEPNS_7variantINSG_12variant_leafISt4pairISR_SU_ISQ_SQ_EENSE_5rstarILm16ELm4ELm4ELm32EEESR_NSG_10allocatorsINS_9container13new_allocatorISW_EESW_SY_SR_NSG_23node_variant_static_tagEEES13_EEJNSG_21variant_internal_nodeISW_SY_SR_S14_S13_EEEEEEESW_NSG_7optionsISY_NSG_19insert_reinsert_tagENSG_26choose_by_overlap_diff_tagENSG_17split_default_tagENSG_9rstar_tagES13_EENSF_10translatorINSE_9indexableISW_EENSE_8equal_toISW_EEEESR_S14_EELb0EEEPvNS18_18has_fallback_type_EEENT1_11result_typeEiiRS1R_T2_NS3_5bool_ILb1EEET3_PT_PT0_ called 0 returned 0% blocks executed 0%
    #####:  183:visitation_impl(
        -:  184:      int, int, Visitor&, VPCV
        -:  185:    , mpl::true_ // is_apply_visitor_unrolled
        -:  186:    , NBF, W* = 0, S* = 0
        -:  187:    )
        -:  188:{
        -:  189:    // should never be here at runtime!
        -:  190:    typedef typename Visitor::result_type result_type;
    #####:  191:    return ::boost::detail::variant::forced_return< result_type >();
        -:  192:}
        -:  193:
        -:  194:template <
        -:  195:      typename Which, typename step0
        -:  196:    , typename Visitor, typename VoidPtrCV
        -:  197:    , typename NoBackupFlag
        -:  198:    >
        -:  199:inline
        -:  200:    BOOST_VARIANT_AUX_GENERIC_RESULT_TYPE(typename Visitor::result_type)
function _ZN5boost6detail7variant15visitation_implIN4mpl_4int_ILi0EEENS1_20visitation_impl_stepINS_3mpl6l_iterINS7_6l_itemINS3_5long_ILl2EEENS_8geometry5index6detail5rtree12variant_leafISt4pairINSC_5model3boxINSI_5pointIfLm2ENSC_2cs9cartesianEEEEESH_ISN_SN_EENSD_5rstarILm16ELm4ELm4ELm32EEESO_NSF_10allocatorsINS_9container13new_allocatorISQ_EESQ_SS_SO_NSF_23node_variant_static_tagEEESX_EENS9_INSA_ILl1EEENSF_21variant_internal_nodeISQ_SS_SO_SY_SX_EENS7_5l_endEEEEEEENS8_IS13_EEEENS1_14invoke_visitorINSF_8visitors13spatial_queryISQ_NSF_7optionsISS_NSF_19insert_reinsert_tagENSF_26choose_by_overlap_diff_tagENSF_17split_default_tagENSF_9rstar_tagESX_EENSE_10translatorINSD_9indexableISQ_EENSD_8equal_toISQ_EEEESO_SY_NSE_10predicates17spatial_predicateISO_NS1O_14intersects_tagELb0EEESt20back_insert_iteratorISt6vectorISQ_SaISQ_EEEEELb0EEEPvNS_7variantISZ_JS12_EE18has_fallback_type_EEENT1_11result_typeEiiRS23_T2_NS3_5bool_ILb0EEET3_PT_PT0_ called 2603618 returned 99% blocks executed 20%
function _ZN5boost6detail7variant15visitation_implIN4mpl_4int_ILi0EEENS1_20visitation_impl_stepINS_3mpl6l_iterINS7_6l_itemINS3_5long_ILl2EEENS_8geometry5index6detail5rtree12variant_leafISt4pairINSC_5model3boxINSI_5pointIfLm2ENSC_2cs9cartesianEEEEESH_ISN_SN_EENSD_5rstarILm16ELm4ELm4ELm32EEESO_NSF_10allocatorsINS_9container13new_allocatorISQ_EESQ_SS_SO_NSF_23node_variant_static_tagEEESX_EENS9_INSA_ILl1EEENSF_21variant_internal_nodeISQ_SS_SO_SY_SX_EENS7_5l_endEEEEEEENS8_IS13_EEEENS1_14invoke_visitorINSF_8visitors7destroyISQ_NSF_7optionsISS_NSF_19insert_reinsert_tagENSF_26choose_by_overlap_diff_tagENSF_17split_default_tagENSF_9rstar_tagESX_EENSE_10translatorINSD_9indexableISQ_EENSD_8equal_toISQ_EEEESO_SY_EELb0EEEPvNS_7variantISZ_JS12_EE18has_fallback_type_EEENT1_11result_typeEiiRS1U_T2_NS3_5bool_ILb0EEET3_PT_PT0_ called 7950 returned 100% blocks executed 20%
function _ZN5boost6detail7variant15visitation_implIN4mpl_4int_ILi0EEENS1_20visitation_impl_stepINS_3mpl6l_iterINS7_6l_itemINS3_5long_ILl2EEENS_8geometry5index6detail5rtree12variant_leafISt4pairINSC_5model3boxINSI_5pointIfLm2ENSC_2cs9cartesianEEEEESH_ISN_SN_EENSD_5rstarILm16ELm4ELm4ELm32EEESO_NSF_10allocatorsINS_9container13new_allocatorISQ_EESQ_SS_SO_NSF_23node_variant_static_tagEEESX_EENS9_INSA_ILl1EEENSF_21variant_internal_nodeISQ_SS_SO_SY_SX_EENS7_5l_endEEEEEEENS8_IS13_EEEENS1_14invoke_visitorINS1_11get_visitorISZ_EELb0EEEPvNS_7variantISZ_JS12_EE18has_fallback_type_EEENT1_11result_typeEiiRS1H_T2_NS3_5bool_ILb0EEET3_PT_PT0_ called 40292 returned 99% blocks executed 16%
function _ZN5boost6detail7variant15visitation_implIN4mpl_4int_ILi0EEENS1_20visitation_impl_stepINS_3mpl6l_iterINS7_6l_itemINS3_5long_ILl2EEENS_8geometry5index6detail5rtree12variant_leafISt4pairINSC_5model3boxINSI_5pointIfLm2ENSC_2cs9cartesianEEEEESH_ISN_SN_EENSD_5rstarILm16ELm4ELm4ELm32EEESO_NSF_10allocatorsINS_9container13new_allocatorISQ_EESQ_SS_SO_NSF_23node_variant_static_tagEEESX_EENS9_INSA_ILl1EEENSF_21variant_internal_nodeISQ_SS_SO_SY_SX_EENS7_5l_endEEEEEEENS8_IS13_EEEENS1_9destroyerEPvNS_7variantISZ_JS12_EE18has_fallback_type_EEENT1_11result_typeEiiRS1E_T2_NS3_5bool_ILb0EEET3_PT_PT0_ called 7950 returned 100% blocks executed 20%
function _ZN5boost6detail7variant15visitation_implIN4mpl_4int_ILi0EEENS1_20visitation_impl_stepINS_3mpl6l_iterINS7_6l_itemINS3_5long_ILl2EEENS_8geometry5index6detail5rtree12variant_leafISt4pairINSC_5model3boxINSI_5pointIfLm2ENSC_2cs9cartesianEEEEESH_ISN_SN_EENSD_5rstarILm16ELm4ELm4ELm32EEESO_NSF_10allocatorsINS_9container13new_allocatorISQ_EESQ_SS_SO_NSF_23node_variant_static_tagEEESX_EENS9_INSA_ILl1EEENSF_21variant_internal_nodeISQ_SS_SO_SY_SX_EENS7_5l_endEEEEEEENS8_IS13_EEEENS1_14invoke_visitorINS1_11get_visitorIS12_EELb0EEEPvNS_7variantISZ_JS12_EE18has_fallback_type_EEENT1_11result_typeEiiRS1H_T2_NS3_5bool_ILb0EEET3_PT_PT0_ called 45904 returned 100% blocks executed 16%
function _ZN5boost6detail7variant15visitation_implIN4mpl_4int_ILi0EEENS1_20visitation_impl_stepINS_3mpl6l_iterINS7_6l_itemINS3_5long_ILl2EEENS_8geometry5index6detail5rtree12variant_leafISt4pairINSC_5model3boxINSI_5pointIfLm2ENSC_2cs9cartesianEEEEESH_ISN_SN_EENSD_5rstarILm16ELm4ELm4ELm32EEESO_NSF_10allocatorsINS_9container13new_allocatorISQ_EESQ_SS_SO_NSF_23node_variant_static_tagEEESX_EENS9_INSA_ILl1EEENSF_21variant_internal_nodeISQ_SS_SO_SY_SX_EENS7_5l_endEEEEEEENS8_IS13_EEEENS1_14invoke_visitorINSF_8visitors6insertISQ_SQ_NSF_7optionsISS_NSF_19insert_reinsert_tagENSF_26choose_by_overlap_diff_tagENSF_17split_default_tagENSF_9rstar_tagESX_EENSE_10translatorINSD_9indexableISQ_EENSD_8equal_toISQ_EEEESO_SY_S1D_EELb0EEEPvNS_7variantISZ_JS12_EE18has_fallback_type_EEENT1_11result_typeEiiRS1U_T2_NS3_5bool_ILb0EEET3_PT_PT0_ called 68007 returned 99% blocks executed 20%
function _ZN5boost6detail7variant15visitation_implIN4mpl_4int_ILi0EEENS1_20visitation_impl_stepINS_3mpl6l_iterINS7_6l_itemINS3_5long_ILl2EEENS_8geometry5index6detail5rtree12variant_leafISt4pairINSC_5model3boxINSI_5pointIfLm2ENSC_2cs9cartesianEEEEESH_ISN_SN_EENSD_5rstarILm16ELm4ELm4ELm32EEESO_NSF_10allocatorsINS_9container13new_allocatorISQ_EESQ_SS_SO_NSF_23node_variant_static_tagEEESX_EENS9_INSA_ILl1EEENSF_21variant_internal_nodeISQ_SS_SO_SY_SX_EENS7_5l_endEEEEEEENS8_IS13_EEEENS1_14invoke_visitorINSF_8visitors5rstar12level_insertILm0ESQ_SQ_NSF_7optionsISS_NSF_19insert_reinsert_tagENSF_26choose_by_overlap_diff_tagENSF_17split_default_tagENSF_9rstar_tagESX_EENSE_10translatorINSD_9indexableISQ_EENSD_8equal_toISQ_EEEESO_SY_EELb0EEEPvNS_7variantISZ_JS12_EE18has_fallback_type_EEENT1_11result_typeEiiRS1V_T2_NS3_5bool_ILb0EEET3_PT_PT0_ called 109952 returned 100% blocks executed 20%
function _ZN5boost6detail7variant15visitation_implIN4mpl_4int_ILi0EEENS1_20visitation_impl_stepINS_3mpl6l_iterINS7_6l_itemINS3_5long_ILl2EEENS_8geometry5index6detail5rtree12variant_leafISt4pairINSC_5model3boxINSI_5pointIfLm2ENSC_2cs9cartesianEEEEESH_ISN_SN_EENSD_5rstarILm16ELm4ELm4ELm32EEESO_NSF_10allocatorsINS_9container13new_allocatorISQ_EESQ_SS_SO_NSF_23node_variant_static_tagEEESX_EENS9_INSA_ILl1EEENSF_21variant_internal_nodeISQ_SS_SO_SY_SX_EENS7_5l_endEEEEEEENS8_IS13_EEEENS1_14invoke_visitorINSF_8visitors6insertISQ_SQ_NSF_7optionsISS_NSF_19insert_reinsert_tagENSF_26choose_by_overlap_diff_tagENSF_17split_default_tagENSF_9rstar_tagESX_EENSE_10translatorINSD_9indexableISQ_EENSD_8equal_toISQ_EEEESO_SY_NSF_18insert_default_tagEEELb0EEEPvNS_7variantISZ_JS12_EE18has_fallback_type_EEENT1_11result_typeEiiRS1V_T2_NS3_5bool_ILb0EEET3_PT_PT0_ called 0 returned 0% blocks executed 0%
function _ZN5boost6detail7variant15visitation_implIN4mpl_4int_ILi0EEENS1_20visitation_impl_stepINS_3mpl6l_iterINS7_6l_itemINS3_5long_ILl2EEENS_8geometry5index6detail5rtree12variant_leafISt4pairINSC_5model3boxINSI_5pointIfLm2ENSC_2cs9cartesianEEEEESH_ISN_SN_EENSD_5rstarILm16ELm4ELm4ELm32EEESO_NSF_10allocatorsINS_9container13new_allocatorISQ_EESQ_SS_SO_NSF_23node_variant_static_tagEEESX_EENS9_INSA_ILl1EEENSF_21variant_internal_nodeISQ_SS_SO_SY_SX_EENS7_5l_endEEEEEEENS8_IS13_EEEENS1_14invoke_visitorINSF_8visitors5rstar12level_insertILm1ESQ_SQ_NSF_7optionsISS_NSF_19insert_reinsert_tagENSF_26choose_by_overlap_diff_tagENSF_17split_default_tagENSF_9rstar_tagESX_EENSE_10translatorINSD_9indexableISQ_EENSD_8equal_toISQ_EEEESO_SY_EELb0EEEPvNS_7variantISZ_JS12_EE18has_fallback_type_EEENT1_11result_typeEiiRS1V_T2_NS3_5bool_ILb0EEET3_PT_PT0_ called 43176 returned 100% blocks executed 20%
function _ZN5boost6detail7variant15visitation_implIN4mpl_4int_ILi0EEENS1_20visitation_impl_stepINS_3mpl6l_iterINS7_6l_itemINS3_5long_ILl2EEENS_8geometry5index6detail5rtree12variant_leafISt4pairINSC_5model3boxINSI_5pointIfLm2ENSC_2cs9cartesianEEEEESH_ISN_SN_EENSD_5rstarILm16ELm4ELm4ELm32EEESO_NSF_10allocatorsINS_9container13new_allocatorISQ_EESQ_SS_SO_NSF_23node_variant_static_tagEEESX_EENS9_INSA_ILl1EEENSF_21variant_internal_nodeISQ_SS_SO_SY_SX_EENS7_5l_endEEEEEEENS8_IS13_EEEENS1_14invoke_visitorINSF_8visitors5rstar12level_insertILm1ENSF_8ptr_pairISO_PNS_7variantISZ_JS12_EEEEESQ_NSF_7optionsISS_NSF_19insert_reinsert_tagENSF_26choose_by_overlap_diff_tagENSF_17split_default_tagENSF_9rstar_tagESX_EENSE_10translatorINSD_9indexableISQ_EENSD_8equal_toISQ_EEEESO_SY_EELb0EEEPvNS1F_18has_fallback_type_EEENT1_11result_typeEiiRS1Y_T2_NS3_5bool_ILb0EEET3_PT_PT0_ called 0 returned 0% blocks executed 0%
  2926849:  201:visitation_impl(
        -:  202:      const int internal_which, const int logical_which
        -:  203:    , Visitor& visitor, VoidPtrCV storage
        -:  204:    , mpl::false_ // is_apply_visitor_unrolled
        -:  205:    , NoBackupFlag no_backup_flag
        -:  206:    , Which* = 0, step0* = 0
        -:  207:    )
        -:  208:{
        -:  209:    // Typedef apply_visitor_unrolled steps and associated types...
        -:  210:#   define BOOST_VARIANT_AUX_APPLY_VISITOR_STEP_TYPEDEF(z, N, _) \
        -:  211:    typedef typename BOOST_PP_CAT(step,N)::type BOOST_PP_CAT(T,N); \
        -:  212:    typedef typename BOOST_PP_CAT(step,N)::next \
        -:  213:        BOOST_PP_CAT(step, BOOST_PP_INC(N)); \
        -:  214:    /**/
        -:  215:
        -:  216:    BOOST_PP_REPEAT(
        -:  217:          BOOST_VARIANT_VISITATION_UNROLLING_LIMIT
        -:  218:        , BOOST_VARIANT_AUX_APPLY_VISITOR_STEP_TYPEDEF
        -:  219:        , _
        -:  220:        )
        -:  221:
        -:  222:#   undef BOOST_VARIANT_AUX_APPLY_VISITOR_STEP_TYPEDEF
        -:  223:
        -:  224:    // ...switch on the target which-index value...
  2926849:  225:    switch (logical_which)
branch  0 taken 77%
branch  1 taken 23%
branch  2 taken 0%
branch  3 taken 0%
branch  4 taken 0%
branch  5 taken 0%
branch  6 taken 0%
branch  7 taken 0%
branch  8 taken 0%
branch  9 taken 0%
branch 10 taken 0%
branch 11 taken 0%
branch 12 taken 0%
branch 13 taken 0%
branch 14 taken 0%
branch 15 taken 0%
branch 16 taken 0%
branch 17 taken 0%
branch 18 taken 0%
branch 19 taken 0%
branch 20 taken 0%
branch 21 taken 83%
branch 22 taken 17%
branch 23 taken 0%
branch 24 taken 0%
branch 25 taken 0%
branch 26 taken 0%
branch 27 taken 0%
branch 28 taken 0%
branch 29 taken 0%
branch 30 taken 0%
branch 31 taken 0%
branch 32 taken 0%
branch 33 taken 0%
branch 34 taken 0%
branch 35 taken 0%
branch 36 taken 0%
branch 37 taken 0%
branch 38 taken 0%
branch 39 taken 0%
branch 40 taken 0%
branch 41 taken 0%
branch 42 taken 100%
branch 43 taken 0%
branch 44 taken 0%
branch 45 taken 0%
branch 46 taken 0%
branch 47 taken 0%
branch 48 taken 0%
branch 49 taken 0%
branch 50 taken 0%
branch 51 taken 0%
branch 52 taken 0%
branch 53 taken 0%
branch 54 taken 0%
branch 55 taken 0%
branch 56 taken 0%
branch 57 taken 0%
branch 58 taken 0%
branch 59 taken 0%
branch 60 taken 0%
branch 61 taken 0%
branch 62 taken 0%
branch 63 taken 83%
branch 64 taken 17%
branch 65 taken 0%
branch 66 taken 0%
branch 67 taken 0%
branch 68 taken 0%
branch 69 taken 0%
branch 70 taken 0%
branch 71 taken 0%
branch 72 taken 0%
branch 73 taken 0%
branch 74 taken 0%
branch 75 taken 0%
branch 76 taken 0%
branch 77 taken 0%
branch 78 taken 0%
branch 79 taken 0%
branch 80 taken 0%
branch 81 taken 0%
branch 82 taken 0%
branch 83 taken 0%
branch 84 taken 0%
branch 85 taken 100%
branch 86 taken 0%
branch 87 taken 0%
branch 88 taken 0%
branch 89 taken 0%
branch 90 taken 0%
branch 91 taken 0%
branch 92 taken 0%
branch 93 taken 0%
branch 94 taken 0%
branch 95 taken 0%
branch 96 taken 0%
branch 97 taken 0%
branch 98 taken 0%
branch 99 taken 0%
branch 100 taken 0%
branch 101 taken 0%
branch 102 taken 0%
branch 103 taken 0%
branch 104 taken 0%
branch 105 taken 38%
branch 106 taken 62%
branch 107 taken 0%
branch 108 taken 0%
branch 109 taken 0%
branch 110 taken 0%
branch 111 taken 0%
branch 112 taken 0%
branch 113 taken 0%
branch 114 taken 0%
branch 115 taken 0%
branch 116 taken 0%
branch 117 taken 0%
branch 118 taken 0%
branch 119 taken 0%
branch 120 taken 0%
branch 121 taken 0%
branch 122 taken 0%
branch 123 taken 0%
branch 124 taken 0%
branch 125 taken 0%
branch 126 taken 62%
branch 127 taken 38%
branch 128 taken 0%
branch 129 taken 0%
branch 130 taken 0%
branch 131 taken 0%
branch 132 taken 0%
branch 133 taken 0%
branch 134 taken 0%
branch 135 taken 0%
branch 136 taken 0%
branch 137 taken 0%
branch 138 taken 0%
branch 139 taken 0%
branch 140 taken 0%
branch 141 taken 0%
branch 142 taken 0%
branch 143 taken 0%
branch 144 taken 0%
branch 145 taken 0%
branch 146 taken 0%
branch 147 never executed
branch 148 never executed
branch 149 never executed
branch 150 never executed
branch 151 never executed
branch 152 never executed
branch 153 never executed
branch 154 never executed
branch 155 never executed
branch 156 never executed
branch 157 never executed
branch 158 never executed
branch 159 never executed
branch 160 never executed
branch 161 never executed
branch 162 never executed
branch 163 never executed
branch 164 never executed
branch 165 never executed
branch 166 never executed
branch 167 never executed
branch 168 taken 50%
branch 169 taken 50%
branch 170 taken 0%
branch 171 taken 0%
branch 172 taken 0%
branch 173 taken 0%
branch 174 taken 0%
branch 175 taken 0%
branch 176 taken 0%
branch 177 taken 0%
branch 178 taken 0%
branch 179 taken 0%
branch 180 taken 0%
branch 181 taken 0%
branch 182 taken 0%
branch 183 taken 0%
branch 184 taken 0%
branch 185 taken 0%
branch 186 taken 0%
branch 187 taken 0%
branch 188 taken 0%
branch 189 never executed
branch 190 never executed
branch 191 never executed
branch 192 never executed
branch 193 never executed
branch 194 never executed
branch 195 never executed
branch 196 never executed
branch 197 never executed
branch 198 never executed
branch 199 never executed
branch 200 never executed
branch 201 never executed
branch 202 never executed
branch 203 never executed
branch 204 never executed
branch 205 never executed
branch 206 never executed
branch 207 never executed
branch 208 never executed
branch 209 never executed
        -:  226:    {
        -:  227:
        -:  228:    // ...applying the appropriate case:
        -:  229:#   define BOOST_VARIANT_AUX_APPLY_VISITOR_STEP_CASE(z, N, _) \
        -:  230:    case (Which::value + (N)): \
        -:  231:        return (visitation_impl_invoke)( \
        -:  232:              internal_which, visitor, storage \
        -:  233:            , static_cast<BOOST_PP_CAT(T,N)*>(0) \
        -:  234:            , no_backup_flag, 1L \
        -:  235:            ); \
        -:  236:    /**/
        -:  237:
  2926895:  238:    BOOST_PP_REPEAT(
        -:  239:          BOOST_VARIANT_VISITATION_UNROLLING_LIMIT
        -:  240:        , BOOST_VARIANT_AUX_APPLY_VISITOR_STEP_CASE
        -:  241:        , _
        -:  242:        )
        -:  243:
        -:  244:#   undef BOOST_VARIANT_AUX_APPLY_VISITOR_STEP_CASE
        -:  245:
    #####:  246:    default: break;
        -:  247:    }
        -:  248:
        -:  249:    // If not handled in this iteration, continue unrolling:
        -:  250:    typedef mpl::int_<
        -:  251:          Which::value + (BOOST_VARIANT_VISITATION_UNROLLING_LIMIT)
        -:  252:        > next_which;
        -:  253:
        -:  254:    typedef BOOST_PP_CAT(step, BOOST_VARIANT_VISITATION_UNROLLING_LIMIT)
        -:  255:        next_step;
        -:  256:
        -:  257:    typedef typename next_step::type next_type;
        -:  258:    typedef typename is_same< next_type,apply_visitor_unrolled >::type
        -:  259:        is_apply_visitor_unrolled;
        -:  260:
    #####:  261:    return detail::variant::visitation_impl(
    #####:  262:          internal_which, logical_which
    #####:  263:        , visitor, storage
    #####:  264:        , is_apply_visitor_unrolled()
        -:  265:        , no_backup_flag
        -:  266:        , static_cast<next_which*>(0), static_cast<next_step*>(0)
        -:  267:        );
  2926840:  268:}
        -:  269:
        -:  270:}} // namespace detail::variant
        -:  271:} // namespace boost
        -:  272:
        -:  273:#if BOOST_WORKAROUND(BOOST_MSVC, >= 1400)  
        -:  274:# pragma warning(pop)  
        -:  275:#endif 
        -:  276:
        -:  277:#endif // BOOST_VARIANT_DETAIL_VISITATION_IMPL_HPP
