        -:    0:Source:../src/glyphs.cpp
        -:    0:Graph:/home/travis/build/GITSUNWW/node-fontnik/build/Debug/obj.target/fontnik/src/glyphs.gcno
        -:    0:Data:/home/travis/build/GITSUNWW/node-fontnik/build/Debug/obj.target/fontnik/src/glyphs.gcda
        -:    0:Runs:1
        -:    0:Programs:1
        -:    1:/*EOF*/
        -:    2:/*EOF*/
        -:    3:/*EOF*/
        -:    4:/*EOF*/
        -:    5:/*EOF*/
        -:    6:/*EOF*/
        -:    7:/*EOF*/
        -:    8:/*EOF*/
        -:    9:/*EOF*/
        -:   10:/*EOF*/
        -:   11:/*EOF*/
        -:   12:/*EOF*/
        -:   13:/*EOF*/
        -:   14:/*EOF*/
        -:   15:/*EOF*/
        -:   16:/*EOF*/
        -:   17:/*EOF*/
        -:   18:/*EOF*/
function _ZN12node_fontnik12FaceMetadataD2Ev called 9 returned 100% blocks executed 100%
        9:   19:/*EOF*/
        -:   20:/*EOF*/
        -:   21:/*EOF*/
        -:   22:/*EOF*/
        -:   23:/*EOF*/
        -:   24:/*EOF*/
function _ZN12node_fontnik12FaceMetadataC2EOS0_ called 0 returned 0% blocks executed 0%
    #####:   25:/*EOF*/
        -:   26:/*EOF*/
        -:   27:/*EOF*/
        1:   28:/*EOF*/
branch  0 taken 100%
branch  1 taken 0%
        -:   29:/*EOF*/
function _ZN12node_fontnik12FaceMetadataC2ESsSsOSt6vectorIiSaIiEE called 8 returned 100% blocks executed 100%
        8:   30:/*EOF*/
        -:   31:/*EOF*/
        -:   32:/*EOF*/
        8:   33:/*EOF*/
        8:   34:/*EOF*/
        8:   35:/*EOF*/
function _ZN12node_fontnik12FaceMetadataC2ESsOSt6vectorIiSaIiEE called 1 returned 100% blocks executed 60%
        1:   36:/*EOF*/
        -:   37:/*EOF*/
        1:   38:/*EOF*/
        1:   39:/*EOF*/
        -:   40:/*EOF*/
        -:   41:/*EOF*/
function _ZN12node_fontnik8GlyphPBFD2Ev called 4 returned 100% blocks executed 100%
        4:   42:/*EOF*/
function _ZN12node_fontnik8GlyphPBFC2ERKN4Napi6BufferIcEE called 4 returned 100% blocks executed 100%
        4:   43:/*EOF*/
        8:   44:/*EOF*/
        4:   45:/*EOF*/
        4:   46:/*EOF*/
        -:   47:/*EOF*/
        -:   48:/*EOF*/
        -:   49:/*EOF*/
        -:   50:/*EOF*/
        -:   51:/*EOF*/
        -:   52:/*EOF*/
        -:   53:/*EOF*/
        -:   54:/*EOF*/
        -:   55:/*EOF*/
        -:   56:/*EOF*/
        -:   57:/*EOF*/
        -:   58:/*EOF*/
        -:   59:/*EOF*/
        -:   60:/*EOF*/
        -:   61:/*EOF*/
        -:   62:/*EOF*/
        -:   63:/*EOF*/
        -:   64:/*EOF*/
function _ZN12node_fontnik16ft_library_guardC2EPP14FT_LibraryRec_ called 279 returned 100% blocks executed 100%
      279:   65:/*EOF*/
        -:   66:/*EOF*/
function _ZN12node_fontnik16ft_library_guardD2Ev called 279 returned 100% blocks executed 83%
      279:   67:/*EOF*/
      279:   68:/*EOF*/
branch  0 taken 100%
branch  1 taken 0%
      279:   69:/*EOF*/
branch  0 taken 100%
branch  1 taken 0%
      279:   70:/*EOF*/
      279:   71:/*EOF*/
        -:   72:/*EOF*/
        -:   73:/*EOF*/
        -:   74:/*EOF*/
        -:   75:/*EOF*/
        -:   76:/*EOF*/
        -:   77:/*EOF*/
        -:   78:/*EOF*/
        -:   79:/*EOF*/
function _ZN12node_fontnik13ft_face_guardC2EPP11FT_FaceRec_ called 279 returned 100% blocks executed 100%
      279:   80:/*EOF*/
        -:   81:/*EOF*/
function _ZN12node_fontnik13ft_face_guardD2Ev called 279 returned 100% blocks executed 83%
      279:   82:/*EOF*/
      279:   83:/*EOF*/
branch  0 taken 100%
branch  1 taken 0%
      279:   84:/*EOF*/
branch  0 taken 100%
branch  1 taken 0%
      279:   85:/*EOF*/
      279:   86:/*EOF*/
        -:   87:/*EOF*/
        -:   88:/*EOF*/
        -:   89:/*EOF*/
        -:   90:/*EOF*/
function _ZN12node_fontnik9AsyncLoadD2Ev called 12 returned 100% blocks executed 100%
function _ZN12node_fontnik9AsyncLoadD0Ev called 12 returned 100% blocks executed 100%
       24:   91:/*EOF*/
        -:   92:/*EOF*/
function _ZN12node_fontnik9AsyncLoadC2ERKN4Napi6BufferIcEERKNS1_8FunctionE called 12 returned 100% blocks executed 71%
       24:   93:/*EOF*/
       12:   94:/*EOF*/
       12:   95:/*EOF*/
branch  0 taken 100%
branch  1 taken 0%
       12:   96:/*EOF*/
branch  0 taken 100%
branch  1 taken 0%
       36:   97:/*EOF*/
branch  0 taken 100%
branch  1 taken 0%
        -:   98:/*EOF*/
function _ZN12node_fontnik9AsyncLoad7ExecuteEv called 12 returned 100% blocks executed 57%
       12:   99:/*EOF*/
        -:  100:/*EOF*/
       12:  101:/*EOF*/
       12:  102:/*EOF*/
branch  0 taken 100%
branch  1 taken 0%
       12:  103:/*EOF*/
branch  0 taken 100%
branch  1 taken 0%
       12:  104:/*EOF*/
branch  0 taken 0%
branch  1 taken 100%
        -:  105:/*EOF*/
    #####:  106:/*EOF*/
branch  0 never executed
branch  1 never executed
branch  2 never executed
branch  3 never executed
    #####:  107:/*EOF*/
        -:  108:/*EOF*/
        -:  109:/*EOF*/
       12:  110:/*EOF*/
       12:  111:/*EOF*/
       21:  112:/*EOF*/
branch  0 taken 43%
branch  1 taken 57%
branch  2 taken 57%
branch  3 taken 43%
       12:  113:/*EOF*/
branch  0 taken 0%
branch  1 taken 100%
       24:  114:/*EOF*/
branch  0 taken 100%
branch  1 taken 0%
branch  2 taken 100%
branch  3 taken 0%
       12:  115:/*EOF*/
       12:  116:/*EOF*/
       12:  117:/*EOF*/
branch  0 taken 8%
branch  1 taken 92%
        1:  118:/*EOF*/
branch  0 taken 100%
branch  1 taken 0%
branch  2 taken 100%
branch  3 taken 0%
        1:  119:/*EOF*/
        -:  120:/*EOF*/
       11:  121:/*EOF*/
branch  0 taken 100%
branch  1 taken 0%
       11:  122:/*EOF*/
       11:  123:/*EOF*/
branch  0 taken 0%
branch  1 taken 100%
       11:  124:/*EOF*/
       11:  125:/*EOF*/
branch  0 taken 82%
branch  1 taken 18%
        9:  126:/*EOF*/
        -:  127:/*EOF*/
        -:  128:/*EOF*/
        9:  129:/*EOF*/
branch  0 taken 100%
branch  1 taken 0%
    13457:  130:/*EOF*/
branch  0 taken 99%
branch  1 taken 1%
    13448:  131:/*EOF*/
branch  0 taken 100%
branch  1 taken 0%
    13448:  132:/*EOF*/
branch  0 taken 99%
branch  1 taken 1%
branch  2 taken 100%
branch  3 taken 0%
        -:  133:/*EOF*/
        9:  134:/*EOF*/
branch  0 taken 100%
branch  1 taken 0%
        9:  135:/*EOF*/
branch  0 taken 89%
branch  1 taken 11%
        8:  136:/*EOF*/
branch  0 taken 100%
branch  1 taken 0%
        8:  137:/*EOF*/
        1:  138:/*EOF*/
branch  0 taken 0%
branch  1 taken 100%
        -:  139:/*EOF*/
        9:  140:/*EOF*/
        2:  141:/*EOF*/
branch  0 taken 100%
branch  1 taken 0%
branch  2 taken 100%
branch  3 taken 0%
        2:  142:/*EOF*/
        -:  143:/*EOF*/
       12:  144:/*EOF*/
branch  0 taken 75%
branch  1 taken 25%
       12:  145:/*EOF*/
branch  0 taken 75%
branch  1 taken 25%
branch  2 taken 0%
branch  3 never executed
branch  4 never executed
    #####:  146:/*EOF*/
branch  0 never executed
branch  1 never executed
branch  2 never executed
branch  3 never executed
    #####:  147:/*EOF*/
branch  0 never executed
branch  1 never executed
       12:  148:/*EOF*/
        -:  149:/*EOF*/
function _ZN12node_fontnik9AsyncLoad9GetResultEN4Napi3EnvE called 9 returned 100% blocks executed 86%
        9:  150:/*EOF*/
        9:  151:/*EOF*/
        9:  152:/*EOF*/
       18:  153:/*EOF*/
branch  0 taken 50%
branch  1 taken 50%
        9:  154:/*EOF*/
        9:  155:/*EOF*/
        9:  156:/*EOF*/
branch  0 taken 89%
branch  1 taken 11%
        8:  157:/*EOF*/
        8:  158:/*EOF*/
        9:  159:/*EOF*/
        9:  160:/*EOF*/
    13448:  161:/*EOF*/
branch  0 taken 99%
branch  1 taken 1%
    13439:  162:/*EOF*/
        -:  163:/*EOF*/
        9:  164:/*EOF*/
        9:  165:/*EOF*/
        -:  166:/*EOF*/
        9:  167:/*EOF*/
branch  0 taken 100%
branch  1 taken 0%
    #####:  168:/*EOF*/
        -:  169:/*EOF*/
        -:  170:/*EOF*/
        -:  171:/*EOF*/
        -:  172:/*EOF*/
        -:  173:/*EOF*/
        -:  174:/*EOF*/
        -:  175:/*EOF*/
        -:  176:/*EOF*/
function _ZN12node_fontnik10AsyncRangeD2Ev called 263 returned 100% blocks executed 100%
function _ZN12node_fontnik10AsyncRangeD0Ev called 263 returned 100% blocks executed 100%
      526:  177:/*EOF*/
        -:  178:/*EOF*/
function _ZN12node_fontnik10AsyncRangeC2ERKN4Napi6BufferIcEEjjRKNS1_8FunctionE called 267 returned 100% blocks executed 60%
      534:  179:/*EOF*/
branch  0 taken 100%
branch  1 taken 0%
      267:  180:/*EOF*/
      267:  181:/*EOF*/
branch  0 taken 100%
branch  1 taken 0%
      267:  182:/*EOF*/
branch  0 taken 100%
branch  1 taken 0%
      267:  183:/*EOF*/
      267:  184:/*EOF*/
     1068:  185:/*EOF*/
branch  0 taken 100%
branch  1 taken 0%
        -:  186:/*EOF*/
function _ZN12node_fontnik10AsyncRange7ExecuteEv called 267 returned 100% blocks executed 52%
      267:  187:/*EOF*/
        -:  188:/*EOF*/
      267:  189:/*EOF*/
      267:  190:/*EOF*/
branch  0 taken 100%
branch  1 taken 0%
    69142:  191:/*EOF*/
branch  0 taken 99%
branch  1 taken 1%
    68875:  192:/*EOF*/
branch  0 taken 100%
branch  1 taken 0%
    68875:  193:/*EOF*/
        -:  194:/*EOF*/
      267:  195:/*EOF*/
      267:  196:/*EOF*/
branch  0 taken 0%
branch  1 taken 100%
      267:  197:/*EOF*/
branch  0 taken 100%
branch  1 taken 0%
      267:  198:/*EOF*/
branch  0 taken 0%
branch  1 taken 100%
        -:  199:/*EOF*/
    #####:  200:/*EOF*/
branch  0 never executed
branch  1 never executed
branch  2 never executed
branch  3 never executed
    #####:  201:/*EOF*/
        -:  202:/*EOF*/
        -:  203:/*EOF*/
        -:  204:/*EOF*/
      267:  205:/*EOF*/
      267:  206:/*EOF*/
      267:  207:/*EOF*/
      528:  208:/*EOF*/
branch  0 taken 49%
branch  1 taken 51%
branch  2 taken 51%
branch  3 taken 49%
      267:  209:/*EOF*/
branch  0 taken 100%
branch  1 taken 0%
      534:  210:/*EOF*/
branch  0 taken 100%
branch  1 taken 0%
branch  2 taken 100%
branch  3 taken 0%
      267:  211:/*EOF*/
      267:  212:/*EOF*/
      267:  213:/*EOF*/
branch  0 taken 1%
branch  1 taken 99%
        1:  214:/*EOF*/
branch  0 taken 100%
branch  1 taken 0%
branch  2 taken 100%
branch  3 taken 0%
        1:  215:/*EOF*/
        -:  216:/*EOF*/
        -:  217:/*EOF*/
      266:  218:/*EOF*/
branch  0 taken 100%
branch  1 taken 0%
        -:  219:/*EOF*/
      266:  220:/*EOF*/
branch  0 taken 98%
branch  1 taken 2%
      261:  221:/*EOF*/
branch  0 taken 0%
branch  1 taken 100%
      261:  222:/*EOF*/
branch  0 taken 99%
branch  1 taken 1%
      260:  223:/*EOF*/
branch  0 taken 100%
branch  1 taken 0%
branch  2 taken 100%
branch  3 taken 0%
branch  4 taken 100%
branch  5 taken 0%
branch  6 taken 100%
branch  7 taken 0%
branch  8 taken 100%
branch  9 taken 0%
      260:  224:/*EOF*/
        1:  225:/*EOF*/
branch  0 taken 100%
branch  1 taken 0%
branch  2 taken 100%
branch  3 taken 0%
        -:  226:/*EOF*/
      261:  227:/*EOF*/
branch  0 taken 100%
branch  1 taken 0%
branch  2 taken 100%
branch  3 taken 0%
branch  4 taken 100%
branch  5 taken 0%
branch  6 taken 100%
branch  7 taken 0%
branch  8 taken 100%
branch  9 taken 0%
        -:  228:/*EOF*/
      261:  229:/*EOF*/
        -:  230:/*EOF*/
        -:  231:/*EOF*/
      261:  232:/*EOF*/
      261:  233:/*EOF*/
branch  0 taken 100%
branch  1 taken 0%
        -:  234:/*EOF*/
    67598:  235:/*EOF*/
branch  0 taken 99%
branch  1 taken 1%
    67337:  236:/*EOF*/
    67337:  237:/*EOF*/
branch  0 taken 100%
branch  1 taken 0%
        -:  238:/*EOF*/
    67337:  239:/*EOF*/
branch  0 taken 100%
branch  1 taken 0%
    67337:  240:/*EOF*/
branch  0 taken 97%
branch  1 taken 3%
        -:  241:/*EOF*/
     1806:  242:/*EOF*/
     1806:  243:/*EOF*/
branch  0 taken 0%
branch  1 taken 100%
        -:  244:/*EOF*/
        -:  245:/*EOF*/
     1806:  246:/*EOF*/
branch  0 taken 0%
branch  1 taken 100%
        -:  247:/*EOF*/
        -:  248:/*EOF*/
     1806:  249:/*EOF*/
branch  0 taken 0%
branch  1 taken 100%
    #####:  250:/*EOF*/
branch  0 never executed
branch  1 never executed
branch  2 never executed
branch  3 never executed
    #####:  251:/*EOF*/
        -:  252:/*EOF*/
     1806:  253:/*EOF*/
branch  0 taken 100%
branch  1 taken 0%
        -:  254:/*EOF*/
     1806:  255:/*EOF*/
branch  0 taken 93%
branch  1 taken 7%
branch  2 taken 100%
branch  3 taken 0%
        -:  256:/*EOF*/
        -:  257:/*EOF*/
     1806:  258:/*EOF*/
branch  0 taken 0%
branch  1 taken 100%
     1806:  259:/*EOF*/
branch  0 taken 0%
branch  1 taken 100%
     1806:  260:/*EOF*/
branch  0 taken 0%
branch  1 taken 100%
        -:  261:/*EOF*/
        -:  262:/*EOF*/
        -:  263:/*EOF*/
        -:  264:/*EOF*/
     1806:  265:/*EOF*/
     1806:  266:/*EOF*/
branch  0 taken 100%
branch  1 taken 0%
branch  2 taken 0%
branch  3 taken 100%
    #####:  267:/*EOF*/
branch  0 never executed
branch  1 never executed
branch  2 never executed
branch  3 never executed
    #####:  268:/*EOF*/
        -:  269:/*EOF*/
     1806:  270:/*EOF*/
branch  0 taken 0%
branch  1 taken 100%
        -:  271:/*EOF*/
        -:  272:/*EOF*/
     1806:  273:/*EOF*/
branch  0 taken 100%
branch  1 taken 0%
branch  2 taken 0%
branch  3 taken 100%
    #####:  274:/*EOF*/
branch  0 never executed
branch  1 never executed
branch  2 never executed
branch  3 never executed
    #####:  275:/*EOF*/
        -:  276:/*EOF*/
     1806:  277:/*EOF*/
branch  0 taken 0%
branch  1 taken 100%
    67337:  278:/*EOF*/
branch  0 taken 3%
branch  1 taken 97%
branch  2 taken 0%
      261:  279:/*EOF*/
branch  0 taken 100%
branch  1 taken 0%
        5:  280:/*EOF*/
branch  0 taken 100%
branch  1 taken 0%
branch  2 taken 100%
branch  3 taken 0%
        5:  281:/*EOF*/
        -:  282:/*EOF*/
      267:  283:/*EOF*/
branch  0 taken 98%
branch  1 taken 2%
      267:  284:/*EOF*/
branch  0 taken 98%
branch  1 taken 2%
branch  2 taken 0%
branch  3 never executed
branch  4 never executed
    #####:  285:/*EOF*/
branch  0 never executed
branch  1 never executed
branch  2 never executed
branch  3 never executed
    #####:  286:/*EOF*/
branch  0 never executed
branch  1 never executed
      267:  287:/*EOF*/
        -:  288:/*EOF*/
function _ZN12node_fontnik10AsyncRange9GetResultEN4Napi3EnvE called 261 returned 100% blocks executed 60%
      261:  289:/*EOF*/
      261:  290:/*EOF*/
branch  0 taken 100%
branch  1 taken 0%
    #####:  291:/*EOF*/
        -:  292:/*EOF*/
        -:  293:/*EOF*/
        -:  294:/*EOF*/
        -:  295:/*EOF*/
        -:  296:/*EOF*/
        -:  297:/*EOF*/
        -:  298:/*EOF*/
        -:  299:/*EOF*/
        -:  300:/*EOF*/
        -:  301:/*EOF*/
        -:  302:/*EOF*/
function _ZN12node_fontnik4LoadERKN4Napi12CallbackInfoE called 15 returned 100% blocks executed 80%
       15:  303:/*EOF*/
       15:  304:/*EOF*/
        -:  305:/*EOF*/
       15:  306:/*EOF*/
branch  0 taken 93%
branch  1 taken 7%
branch  2 taken 7%
branch  3 taken 93%
        1:  307:/*EOF*/
branch  0 taken 100%
branch  1 taken 0%
        1:  308:/*EOF*/
        -:  309:/*EOF*/
       14:  310:/*EOF*/
        -:  311:/*EOF*/
       14:  312:/*EOF*/
branch  0 taken 7%
branch  1 taken 93%
        1:  313:/*EOF*/
branch  0 taken 100%
branch  1 taken 0%
        1:  314:/*EOF*/
        -:  315:/*EOF*/
        -:  316:/*EOF*/
       13:  317:/*EOF*/
branch  0 taken 92%
branch  1 taken 8%
branch  2 taken 8%
branch  3 taken 92%
        1:  318:/*EOF*/
branch  0 taken 100%
branch  1 taken 0%
        1:  319:/*EOF*/
        -:  320:/*EOF*/
       12:  321:/*EOF*/
branch  0 taken 100%
branch  1 taken 0%
branch  2 taken 100%
branch  3 taken 0%
branch  4 taken 100%
branch  5 taken 0%
branch  6 taken 100%
branch  7 taken 0%
       12:  322:/*EOF*/
       12:  323:/*EOF*/
       15:  324:/*EOF*/
        -:  325:/*EOF*/
function _ZN12node_fontnik5RangeERKN4Napi12CallbackInfoE called 277 returned 100% blocks executed 80%
      277:  326:/*EOF*/
      277:  327:/*EOF*/
        -:  328:/*EOF*/
        -:  329:/*EOF*/
      277:  330:/*EOF*/
branch  0 taken 99%
branch  1 taken 1%
branch  2 taken 1%
branch  3 taken 99%
        1:  331:/*EOF*/
branch  0 taken 100%
branch  1 taken 0%
        1:  332:/*EOF*/
        -:  333:/*EOF*/
      276:  334:/*EOF*/
      276:  335:/*EOF*/
      276:  336:/*EOF*/
branch  0 taken 1%
branch  1 taken 99%
        1:  337:/*EOF*/
branch  0 taken 100%
branch  1 taken 0%
        1:  338:/*EOF*/
        -:  339:/*EOF*/
      275:  340:/*EOF*/
      275:  341:/*EOF*/
      275:  342:/*EOF*/
        -:  343:/*EOF*/
      275:  344:/*EOF*/
branch  0 taken 1%
branch  1 taken 99%
        1:  345:/*EOF*/
branch  0 taken 100%
branch  1 taken 0%
        1:  346:/*EOF*/
        -:  347:/*EOF*/
        -:  348:/*EOF*/
      274:  349:/*EOF*/
branch  0 taken 99%
branch  1 taken 1%
branch  2 taken 1%
branch  3 taken 99%
        2:  350:/*EOF*/
branch  0 taken 100%
branch  1 taken 0%
        2:  351:/*EOF*/
        -:  352:/*EOF*/
        -:  353:/*EOF*/
      272:  354:/*EOF*/
branch  0 taken 99%
branch  1 taken 1%
branch  2 taken 1%
branch  3 taken 99%
        2:  355:/*EOF*/
branch  0 taken 100%
branch  1 taken 0%
        2:  356:/*EOF*/
        -:  357:/*EOF*/
      270:  358:/*EOF*/
      270:  359:/*EOF*/
        -:  360:/*EOF*/
      270:  361:/*EOF*/
branch  0 taken 1%
branch  1 taken 99%
        1:  362:/*EOF*/
branch  0 taken 100%
branch  1 taken 0%
        1:  363:/*EOF*/
        -:  364:/*EOF*/
        -:  365:/*EOF*/
      269:  366:/*EOF*/
branch  0 taken 99%
branch  1 taken 1%
branch  2 taken 1%
branch  3 taken 99%
        2:  367:/*EOF*/
branch  0 taken 100%
branch  1 taken 0%
        2:  368:/*EOF*/
        -:  369:/*EOF*/
        -:  370:/*EOF*/
      267:  371:/*EOF*/
branch  0 taken 100%
branch  1 taken 0%
branch  2 taken 100%
branch  3 taken 0%
branch  4 taken 100%
branch  5 taken 0%
branch  6 taken 100%
branch  7 taken 0%
      267:  372:/*EOF*/
      267:  373:/*EOF*/
      277:  374:/*EOF*/
        -:  375:/*EOF*/
function _ZN12node_fontnik14AsyncCompositeD2Ev called 2 returned 100% blocks executed 100%
function _ZN12node_fontnik14AsyncCompositeD0Ev called 2 returned 100% blocks executed 100%
        4:  376:/*EOF*/
        -:  377:/*EOF*/
        -:  378:/*EOF*/
function _ZN12node_fontnik14AsyncCompositeC2EOSt6vectorISt10unique_ptrINS_8GlyphPBFESt14default_deleteIS3_EESaIS6_EERKN4Napi8FunctionE called 2 returned 100% blocks executed 60%
        2:  379:/*EOF*/
        2:  380:/*EOF*/
        2:  381:/*EOF*/
        6:  382:/*EOF*/
branch  0 taken 100%
branch  1 taken 0%
branch  2 taken 100%
branch  3 taken 0%
branch  4 taken 100%
branch  5 taken 0%
        -:  383:/*EOF*/
function _ZN12node_fontnik14AsyncComposite7ExecuteEv called 2 returned 100% blocks executed 65%
        2:  384:/*EOF*/
        -:  385:/*EOF*/
        2:  386:/*EOF*/
        2:  387:/*EOF*/
        2:  388:/*EOF*/
        2:  389:/*EOF*/
branch  0 taken 100%
branch  1 taken 0%
        2:  390:/*EOF*/
branch  0 taken 100%
branch  1 taken 0%
        2:  391:/*EOF*/
branch  0 taken 100%
branch  1 taken 0%
        2:  392:/*EOF*/
branch  0 taken 100%
branch  1 taken 0%
        -:  393:/*EOF*/
        6:  394:/*EOF*/
branch  0 taken 67%
branch  1 taken 33%
        4:  395:/*EOF*/
        4:  396:/*EOF*/
branch  0 taken 100%
branch  1 taken 0%
branch  2 taken 0%
branch  3 taken 100%
    #####:  397:/*EOF*/
branch  0 never executed
branch  1 never executed
branch  2 never executed
branch  3 never executed
    #####:  398:/*EOF*/
branch  0 never executed
branch  1 never executed
    #####:  399:/*EOF*/
branch  0 never executed
branch  1 never executed
branch  2 never executed
branch  3 never executed
    #####:  400:/*EOF*/
    #####:  401:/*EOF*/
        4:  402:/*EOF*/
        -:  403:/*EOF*/
        4:  404:/*EOF*/
        8:  405:/*EOF*/
branch  0 taken 0%
branch  1 taken 100%
branch  2 taken 50%
branch  3 taken 50%
        4:  406:/*EOF*/
branch  0 taken 0%
branch  1 taken 100%
      384:  407:/*EOF*/
branch  0 taken 0%
branch  1 taken 100%
branch  2 taken 99%
branch  3 taken 1%
      380:  408:/*EOF*/
branch  0 taken 1%
branch  1 taken 1%
branch  2 taken 98%
branch  3 taken 0%
        -:  409:/*EOF*/
        -:  410:/*EOF*/
        4:  411:/*EOF*/
branch  0 taken 50%
branch  1 taken 50%
        2:  412:/*EOF*/
branch  0 taken 0%
branch  1 taken 100%
branch  2 taken 100%
branch  3 taken 0%
        2:  413:/*EOF*/
        2:  414:/*EOF*/
branch  0 taken 0%
branch  1 taken 100%
branch  2 taken 100%
branch  3 taken 0%
branch  4 taken 100%
branch  5 taken 0%
branch  6 taken 100%
branch  7 taken 0%
        -:  415:/*EOF*/
        4:  416:/*EOF*/
        -:  417:/*EOF*/
        -:  418:/*EOF*/
        -:  419:/*EOF*/
        4:  420:/*EOF*/
branch  0 taken 50%
branch  1 taken 50%
        2:  421:/*EOF*/
branch  0 taken 0%
branch  1 taken 100%
branch  2 taken 100%
branch  3 taken 0%
        2:  422:/*EOF*/
        2:  423:/*EOF*/
branch  0 taken 0%
branch  1 taken 100%
        -:  424:/*EOF*/
        4:  425:/*EOF*/
        -:  426:/*EOF*/
        -:  427:/*EOF*/
        -:  428:/*EOF*/
      372:  429:/*EOF*/
branch  0 taken 0%
branch  1 taken 100%
        -:  430:/*EOF*/
      372:  431:/*EOF*/
branch  0 taken 7%
branch  1 taken 93%
       26:  432:/*EOF*/
        -:  433:/*EOF*/
       52:  434:/*EOF*/
branch  0 taken 0%
branch  1 taken 100%
branch  2 taken 50%
branch  3 taken 50%
       26:  435:/*EOF*/
branch  0 taken 0%
branch  1 taken 100%
        -:  436:/*EOF*/
       26:  437:/*EOF*/
branch  0 taken 0%
branch  1 taken 100%
       26:  438:/*EOF*/
      346:  439:/*EOF*/
        -:  440:/*EOF*/
      692:  441:/*EOF*/
branch  0 taken 0%
branch  1 taken 100%
branch  2 taken 50%
branch  3 taken 50%
      346:  442:/*EOF*/
branch  0 taken 0%
branch  1 taken 100%
        -:  443:/*EOF*/
      346:  444:/*EOF*/
branch  0 taken 0%
branch  1 taken 100%
      346:  445:/*EOF*/
branch  0 taken 94%
branch  1 taken 6%
      326:  446:/*EOF*/
branch  0 taken 0%
branch  1 taken 100%
      326:  447:/*EOF*/
        -:  448:/*EOF*/
      372:  449:/*EOF*/
        -:  450:/*EOF*/
        -:  451:/*EOF*/
        -:  452:/*EOF*/
    #####:  453:/*EOF*/
branch  0 never executed
branch  1 never executed
    #####:  454:/*EOF*/
        -:  455:/*EOF*/
        -:  456:/*EOF*/
        4:  457:/*EOF*/
        -:  458:/*EOF*/
        2:  459:/*EOF*/
branch  0 taken 0%
branch  1 taken 100%
        2:  460:/*EOF*/
branch  0 taken 0%
branch  1 taken 100%
      354:  461:/*EOF*/
branch  0 taken 99%
branch  1 taken 1%
      352:  462:/*EOF*/
branch  0 taken 0%
branch  1 taken 100%
        -:  463:/*EOF*/
        2:  464:/*EOF*/
branch  0 never executed
branch  1 never executed
    #####:  465:/*EOF*/
branch  0 never executed
branch  1 never executed
branch  2 never executed
branch  3 never executed
    #####:  466:/*EOF*/
branch  0 never executed
branch  1 never executed
        2:  467:/*EOF*/
        -:  468:/*EOF*/
function _ZN12node_fontnik14AsyncComposite9GetResultEN4Napi3EnvE called 2 returned 100% blocks executed 60%
        2:  469:/*EOF*/
        2:  470:/*EOF*/
        2:  471:/*EOF*/
        2:  472:/*EOF*/
function _ZZN12node_fontnik14AsyncComposite9GetResultEN4Napi3EnvEENKUlS2_PcPSsE_clES2_S3_S4_ called 0 returned 0% blocks executed 0%
    #####:  473:/*EOF*/
    #####:  474:/*EOF*/
branch  0 never executed
branch  1 never executed
    #####:  475:/*EOF*/
    #####:  476:/*EOF*/
    #####:  477:/*EOF*/
branch  0 never executed
branch  1 never executed
    #####:  478:/*EOF*/
        2:  479:/*EOF*/
        2:  480:/*EOF*/
        2:  481:/*EOF*/
branch  0 taken 100%
branch  1 taken 0%
    #####:  482:/*EOF*/
        -:  483:/*EOF*/
        -:  484:/*EOF*/
        -:  485:/*EOF*/
        -:  486:/*EOF*/
        -:  487:/*EOF*/
        -:  488:/*EOF*/
function _ZN12node_fontnik9CompositeERKN4Napi12CallbackInfoE called 2 returned 100% blocks executed 53%
        2:  489:/*EOF*/
        2:  490:/*EOF*/
        -:  491:/*EOF*/
        -:  492:/*EOF*/
        2:  493:/*EOF*/
        2:  494:/*EOF*/
branch  0 taken 0%
branch  1 taken 100%
    #####:  495:/*EOF*/
branch  0 never executed
branch  1 never executed
    #####:  496:/*EOF*/
        -:  497:/*EOF*/
        -:  498:/*EOF*/
        2:  499:/*EOF*/
branch  0 taken 0%
branch  1 taken 100%
    #####:  500:/*EOF*/
branch  0 never executed
branch  1 never executed
    #####:  501:/*EOF*/
        -:  502:/*EOF*/
        -:  503:/*EOF*/
        2:  504:/*EOF*/
        2:  505:/*EOF*/
        -:  506:/*EOF*/
        2:  507:/*EOF*/
branch  0 taken 0%
branch  1 taken 100%
    #####:  508:/*EOF*/
branch  0 never executed
branch  1 never executed
    #####:  509:/*EOF*/
        -:  510:/*EOF*/
        -:  511:/*EOF*/
        2:  512:/*EOF*/
        2:  513:/*EOF*/
branch  0 taken 100%
branch  1 taken 0%
        6:  514:/*EOF*/
branch  0 taken 67%
branch  1 taken 33%
        4:  515:/*EOF*/
branch  0 taken 100%
branch  1 taken 0%
        4:  516:/*EOF*/
branch  0 taken 100%
branch  1 taken 0%
branch  2 taken 0%
branch  3 taken 100%
    #####:  517:/*EOF*/
branch  0 never executed
branch  1 never executed
branch  2 never executed
branch  3 never executed
    #####:  518:/*EOF*/
branch  0 never executed
branch  1 never executed
        -:  519:/*EOF*/
        4:  520:/*EOF*/
branch  0 taken 0%
branch  1 taken 100%
        4:  521:/*EOF*/
branch  0 taken 0%
branch  1 taken 100%
branch  2 taken 0%
branch  3 taken 100%
    #####:  522:/*EOF*/
branch  0 never executed
branch  1 never executed
branch  2 never executed
branch  3 never executed
    #####:  523:/*EOF*/
branch  0 never executed
branch  1 never executed
        -:  524:/*EOF*/
        4:  525:/*EOF*/
branch  0 taken 0%
branch  1 taken 100%
branch  2 taken 100%
branch  3 taken 0%
        4:  526:/*EOF*/
        -:  527:/*EOF*/
        2:  528:/*EOF*/
branch  0 taken 0%
branch  1 taken 100%
branch  2 taken 100%
branch  3 taken 0%
branch  4 taken 100%
branch  5 taken 0%
        2:  529:/*EOF*/
branch  0 taken 0%
branch  1 taken 100%
        2:  530:/*EOF*/
branch  0 taken 0%
branch  1 taken 100%
        2:  531:/*EOF*/
